This is pdfTeX, Version 3.141592653-2.6-1.40.25 (TeX Live 2023) (preloaded format=pdflatex 2023.10.28)  28 JAN 2024 01:06
entering extended mode
 restricted \write18 enabled.
 file:line:error style messages enabled.
 %&-line parsing enabled.
**"/Users/ethanvosburg/Documents/git/CPE-233-Otter/HW3-RegFile/HW3-Report/HW3-RegFile - Ethan Vosburg.tex"
(/Users/ethanvosburg/Documents/git/CPE-233-Otter/HW3-RegFile/HW3-Report/HW3-RegFile - Ethan Vosburg.tex
LaTeX2e <2022-11-01> patch level 1
L3 programming layer <2023-02-22> (./CSSullivanBusinessReport.cls
Document Class: CSSullivanBusinessReport 2022/05/05 Creodocs Sullivan Business Report Class v1.0
(/usr/local/texlive/2023/texmf-dist/tex/latex/etoolbox/etoolbox.sty
Package: etoolbox 2020/10/05 v2.5k e-TeX tools for LaTeX (JAW)
\etb@tempcnta=\count185
) (/usr/local/texlive/2023/texmf-dist/tex/latex/base/article.cls
Document Class: article 2022/07/02 v1.4n Standard LaTeX document class
(/usr/local/texlive/2023/texmf-dist/tex/latex/base/size12.clo
File: size12.clo 2022/07/02 v1.4n Standard LaTeX file (size option)
)
\c@part=\count186
\c@section=\count187
\c@subsection=\count188
\c@subsubsection=\count189
\c@paragraph=\count190
\c@subparagraph=\count191
\c@figure=\count192
\c@table=\count193
\abovecaptionskip=\skip48
\belowcaptionskip=\skip49
\bibindent=\dimen140
) (/usr/local/texlive/2023/texmf-dist/tex/latex/graphics/graphicx.sty
Package: graphicx 2021/09/16 v1.2d Enhanced LaTeX Graphics (DPC,SPQR)
 (/usr/local/texlive/2023/texmf-dist/tex/latex/graphics/keyval.sty
Package: keyval 2022/05/29 v1.15 key=value parser (DPC)
\KV@toks@=\toks16
) (/usr/local/texlive/2023/texmf-dist/tex/latex/graphics/graphics.sty
Package: graphics 2022/03/10 v1.4e Standard LaTeX Graphics (DPC,SPQR)
 (/usr/local/texlive/2023/texmf-dist/tex/latex/graphics/trig.sty
Package: trig 2021/08/11 v1.11 sin cos tan (DPC)
) (/usr/local/texlive/2023/texmf-dist/tex/latex/graphics-cfg/graphics.cfg
File: graphics.cfg 2016/06/04 v1.11 sample graphics configuration
)
Package graphics Info: Driver file: pdftex.def on input line 107.
 (/usr/local/texlive/2023/texmf-dist/tex/latex/graphics-def/pdftex.def
File: pdftex.def 2022/09/22 v1.2b Graphics/color driver for pdftex
))
\Gin@req@height=\dimen141
\Gin@req@width=\dimen142
) (/usr/local/texlive/2023/texmf-dist/tex/latex/footmisc/footmisc.sty
Package: footmisc 2022/03/08 v6.0d a miscellany of footnote facilities
\FN@temptoken=\toks17
\footnotemargin=\dimen143
\@outputbox@depth=\dimen144
Package footmisc Info: Declaring symbol style bringhurst on input line 695.
Package footmisc Info: Declaring symbol style chicago on input line 703.
Package footmisc Info: Declaring symbol style wiley on input line 712.
Package footmisc Info: Declaring symbol style lamport-robust on input line 723.
Package footmisc Info: Declaring symbol style lamport* on input line 743.
Package footmisc Info: Declaring symbol style lamport*-robust on input line 764.
) (/usr/local/texlive/2023/texmf-dist/tex/latex/ragged2e/ragged2e.sty
Package: ragged2e 2023/02/25 v3.4 ragged2e Package
\CenteringLeftskip=\skip50
\RaggedLeftLeftskip=\skip51
\RaggedRightLeftskip=\skip52
\CenteringRightskip=\skip53
\RaggedLeftRightskip=\skip54
\RaggedRightRightskip=\skip55
\CenteringParfillskip=\skip56
\RaggedLeftParfillskip=\skip57
\RaggedRightParfillskip=\skip58
\JustifyingParfillskip=\skip59
\CenteringParindent=\skip60
\RaggedLeftParindent=\skip61
\RaggedRightParindent=\skip62
\JustifyingParindent=\skip63
) (/usr/local/texlive/2023/texmf-dist/tex/latex/lastpage/lastpage.sty
Package: lastpage 2023/03/07 v2.0a lastpage: 2.09 or 2e? (HMM)
 (/usr/local/texlive/2023/texmf-dist/tex/latex/lastpage/lastpage2e.sty
Package: lastpage2e 2023/03/07 v2.0a Decide which 2e lastpage version to use (HMM)
 (/usr/local/texlive/2023/texmf-dist/tex/latex/lastpage/lastpagemodern.sty
Package: lastpagemodern 2023-03-07 v2.0a Refers to last page's name (HMM; JPG)
) 
)) (/usr/local/texlive/2023/texmf-dist/tex/latex/appendix/appendix.sty
Package: appendix 2020/02/08 v1.2c extra appendix facilities
\c@@pps=\count194
\c@@ppsavesec=\count195
\c@@ppsaveapp=\count196
) (/usr/local/texlive/2023/texmf-dist/tex/latex/float/float.sty
Package: float 2001/11/08 v1.3d Float enhancements (AL)
\c@float@type=\count197
\float@exts=\toks18
\float@box=\box51
\@float@everytoks=\toks19
\@floatcapt=\box52
) (/usr/local/texlive/2023/texmf-dist/tex/latex/pgf/utilities/pgffor.sty (/usr/local/texlive/2023/texmf-dist/tex/latex/pgf/utilities/pgfrcs.sty (/usr/local/texlive/2023/texmf-dist/tex/generic/pgf/utilities/pgfutil-common.tex
\pgfutil@everybye=\toks20
\pgfutil@tempdima=\dimen145
\pgfutil@tempdimb=\dimen146
) (/usr/local/texlive/2023/texmf-dist/tex/generic/pgf/utilities/pgfutil-latex.def
\pgfutil@abb=\box53
) (/usr/local/texlive/2023/texmf-dist/tex/generic/pgf/utilities/pgfrcs.code.tex (/usr/local/texlive/2023/texmf-dist/tex/generic/pgf/pgf.revision.tex)
Package: pgfrcs 2023-01-15 v3.1.10 (3.1.10)
)) (/usr/local/texlive/2023/texmf-dist/tex/latex/pgf/utilities/pgfkeys.sty (/usr/local/texlive/2023/texmf-dist/tex/generic/pgf/utilities/pgfkeys.code.tex
\pgfkeys@pathtoks=\toks21
\pgfkeys@temptoks=\toks22
 (/usr/local/texlive/2023/texmf-dist/tex/generic/pgf/utilities/pgfkeyslibraryfiltered.code.tex
\pgfkeys@tmptoks=\toks23
))) (/usr/local/texlive/2023/texmf-dist/tex/latex/pgf/math/pgfmath.sty (/usr/local/texlive/2023/texmf-dist/tex/generic/pgf/math/pgfmath.code.tex (/usr/local/texlive/2023/texmf-dist/tex/generic/pgf/math/pgfmathutil.code.tex
\pgf@x=\dimen147
\pgf@xa=\dimen148
\pgf@xb=\dimen149
\pgf@xc=\dimen150
\pgf@y=\dimen151
\pgf@ya=\dimen152
\pgf@yb=\dimen153
\pgf@yc=\dimen154
\c@pgf@counta=\count198
\c@pgf@countb=\count199
\c@pgf@countc=\count266
\c@pgf@countd=\count267
) (/usr/local/texlive/2023/texmf-dist/tex/generic/pgf/math/pgfmathparser.code.tex
\pgfmath@dimen=\dimen155
\pgfmath@count=\count268
\pgfmath@box=\box54
\pgfmath@toks=\toks24
\pgfmath@stack@operand=\toks25
\pgfmath@stack@operation=\toks26
) (/usr/local/texlive/2023/texmf-dist/tex/generic/pgf/math/pgfmathfunctions.code.tex) (/usr/local/texlive/2023/texmf-dist/tex/generic/pgf/math/pgfmathfunctions.basic.code.tex) (/usr/local/texlive/2023/texmf-dist/tex/generic/pgf/math/pgfmathfunctions.trigonometric.code.tex) (/usr/local/texlive/2023/texmf-dist/tex/generic/pgf/math/pgfmathfunctions.random.code.tex) (/usr/local/texlive/2023/texmf-dist/tex/generic/pgf/math/pgfmathfunctions.comparison.code.tex) (/usr/local/texlive/2023/texmf-dist/tex/generic/pgf/math/pgfmathfunctions.base.code.tex) (/usr/local/texlive/2023/texmf-dist/tex/generic/pgf/math/pgfmathfunctions.round.code.tex) (/usr/local/texlive/2023/texmf-dist/tex/generic/pgf/math/pgfmathfunctions.misc.code.tex) (/usr/local/texlive/2023/texmf-dist/tex/generic/pgf/math/pgfmathfunctions.integerarithmetics.code.tex) (/usr/local/texlive/2023/texmf-dist/tex/generic/pgf/math/pgfmathcalc.code.tex) (/usr/local/texlive/2023/texmf-dist/tex/generic/pgf/math/pgfmathfloat.code.tex
\c@pgfmathroundto@lastzeros=\count269
))) (/usr/local/texlive/2023/texmf-dist/tex/generic/pgf/utilities/pgffor.code.tex
Package: pgffor 2023-01-15 v3.1.10 (3.1.10)
\pgffor@iter=\dimen156
\pgffor@skip=\dimen157
\pgffor@stack=\toks27
\pgffor@toks=\toks28
)) (/usr/local/texlive/2023/texmf-dist/tex/latex/geometry/geometry.sty
Package: geometry 2020/01/02 v5.9 Page Geometry
 (/usr/local/texlive/2023/texmf-dist/tex/generic/iftex/ifvtex.sty
Package: ifvtex 2019/10/25 v1.7 ifvtex legacy package. Use iftex instead.
 (/usr/local/texlive/2023/texmf-dist/tex/generic/iftex/iftex.sty
Package: iftex 2022/02/03 v1.0f TeX engine tests
))
\Gm@cnth=\count270
\Gm@cntv=\count271
\c@Gm@tempcnt=\count272
\Gm@bindingoffset=\dimen158
\Gm@wd@mp=\dimen159
\Gm@odd@mp=\dimen160
\Gm@even@mp=\dimen161
\Gm@layoutwidth=\dimen162
\Gm@layoutheight=\dimen163
\Gm@layouthoffset=\dimen164
\Gm@layoutvoffset=\dimen165
\Gm@dimlist=\toks29
) (/usr/local/texlive/2023/texmf-dist/tex/latex/sidenotes/sidenotes.sty (/usr/local/texlive/2023/texmf-dist/tex/latex/l3packages/l3keys2e/l3keys2e.sty (/usr/local/texlive/2023/texmf-dist/tex/latex/l3kernel/expl3.sty
Package: expl3 2023-02-22 L3 programming layer (loader) 
 (/usr/local/texlive/2023/texmf-dist/tex/latex/l3backend/l3backend-pdftex.def
File: l3backend-pdftex.def 2023-01-16 L3 backend support: PDF output (pdfTeX)
\l__color_backend_stack_int=\count273
\l__pdf_internal_box=\box55
))
Package: l3keys2e 2023-02-02 LaTeX2e option processing using LaTeX3 keys
)
Package: sidenotes 2016/04/21 v1.00 rich text in the margin for LaTeX
 (/usr/local/texlive/2023/texmf-dist/tex/latex/marginnote/marginnote.sty
Package: marginnote 2018/08/09 v1.4b non floating margin notes for LaTeX
\c@mn@abspage=\count274
) (/usr/local/texlive/2023/texmf-dist/tex/latex/caption/caption.sty
Package: caption 2023/03/12 v3.6j Customizing captions (AR)
 (/usr/local/texlive/2023/texmf-dist/tex/latex/caption/caption3.sty
Package: caption3 2023/03/12 v2.4 caption3 kernel (AR)
\caption@tempdima=\dimen166
\captionmargin=\dimen167
\caption@leftmargin=\dimen168
\caption@rightmargin=\dimen169
\caption@width=\dimen170
\caption@indent=\dimen171
\caption@parindent=\dimen172
\caption@hangindent=\dimen173
Package caption Info: Standard document class detected.
)
\c@caption@flags=\count275
\c@continuedfloat=\count276
Package caption Info: float package is loaded.
) (/usr/local/texlive/2023/texmf-dist/tex/latex/l3packages/xparse/xparse.sty
Package: xparse 2023-02-02 L3 Experimental document command parser
) (/usr/local/texlive/2023/texmf-dist/tex/latex/changepage/changepage.sty
Package: changepage 2009/10/20 v1.0c check page and change page layout
\c@cp@cntr=\count277
\cp@tempcnt=\count278
)
\c@sidenote=\count279
\@sidenotes@marginfigurebox=\box56
\@sidenotes@margintablebox=\box57
)
\fulltextwidth=\skip64
 (/usr/local/texlive/2023/texmf-dist/tex/latex/base/inputenc.sty
Package: inputenc 2021/02/14 v1.3d Input encoding file
\inpenc@prehook=\toks30
\inpenc@posthook=\toks31
) (/usr/local/texlive/2023/texmf-dist/tex/latex/base/fontenc.sty
Package: fontenc 2021/04/29 v2.0v Standard LaTeX package
) (/usr/local/texlive/2023/texmf-dist/tex/latex/psnfss/mathpazo.sty
Package: mathpazo 2020/03/25 PSNFSS-v9.3 Palatino w/ Pazo Math (D.Puga, WaS) 
\symupright=\mathgroup4
) (/usr/local/texlive/2023/texmf-dist/tex/latex/plex/plex-sans.sty
Package: plex-sans 2022/09/123 (Bob Tennent) Style file for IBMPlexSans fonts
 (/usr/local/texlive/2023/texmf-dist/tex/generic/iftex/ifxetex.sty
Package: ifxetex 2019/10/25 v0.7 ifxetex legacy package. Use iftex instead.
) (/usr/local/texlive/2023/texmf-dist/tex/generic/iftex/ifluatex.sty
Package: ifluatex 2019/10/25 v1.5 ifluatex legacy package. Use iftex instead.
) (/usr/local/texlive/2023/texmf-dist/tex/latex/xkeyval/xkeyval.sty
Package: xkeyval 2022/06/16 v2.9 package option processing (HA)
 (/usr/local/texlive/2023/texmf-dist/tex/generic/xkeyval/xkeyval.tex (/usr/local/texlive/2023/texmf-dist/tex/generic/xkeyval/xkvutils.tex
\XKV@toks=\toks32
\XKV@tempa@toks=\toks33
)
\XKV@depth=\count280
File: xkeyval.tex 2014/12/03 v2.7a key=value parser (HA)
)) (/usr/local/texlive/2023/texmf-dist/tex/latex/base/textcomp.sty
Package: textcomp 2020/02/02 v2.0n Standard LaTeX package
) (/usr/local/texlive/2023/texmf-dist/tex/latex/base/fontenc.sty
Package: fontenc 2021/04/29 v2.0v Standard LaTeX package
LaTeX Font Info:    Trying to load font information for T1+ppl on input line 112.
 (/usr/local/texlive/2023/texmf-dist/tex/latex/psnfss/t1ppl.fd
File: t1ppl.fd 2001/06/04 font definitions for T1/ppl.
)) (/usr/local/texlive/2023/texmf-dist/tex/latex/fontaxes/fontaxes.sty
Package: fontaxes 2020/07/21 v1.0e Font selection axes
LaTeX Info: Redefining \upshape on input line 29.
LaTeX Info: Redefining \itshape on input line 31.
LaTeX Info: Redefining \slshape on input line 33.
LaTeX Info: Redefining \swshape on input line 35.
LaTeX Info: Redefining \scshape on input line 37.
LaTeX Info: Redefining \sscshape on input line 39.
LaTeX Info: Redefining \ulcshape on input line 41.
LaTeX Info: Redefining \textsw on input line 47.
LaTeX Info: Redefining \textssc on input line 48.
LaTeX Info: Redefining \textulc on input line 49.
)) (/usr/local/texlive/2023/texmf-dist/tex/latex/plex/plex-serif.sty
Package: plex-serif 2022/09/23 (Bob Tennent) Style file for IBMPlexSerif fonts
 (/usr/local/texlive/2023/texmf-dist/tex/latex/base/fontenc.sty
Package: fontenc 2021/04/29 v2.0v Standard LaTeX package
LaTeX Font Info:    Trying to load font information for T1+IBMPlexSans-TLF on input line 112.
 (/usr/local/texlive/2023/texmf-dist/tex/latex/plex/T1IBMPlexSans-TLF.fd
File: T1IBMPlexSans-TLF.fd 2019/12/06 (autoinst) Font definitions for T1/IBMPlexSans-TLF.
)
LaTeX Font Info:    Font shape `T1/IBMPlexSans-TLF/m/n' aliased to
(Font)              `T1/IBMPlexSans-TLF/regular/n' on input line 112.
LaTeX Font Info:    Font shape `T1/IBMPlexSans-TLF/regular/n' will be
(Font)              scaled to size 12.0pt on input line 112.
)
LaTeX Info: Redefining \textsu on input line 80.
) (/usr/local/texlive/2023/texmf-dist/tex/latex/plex/plex-mono.sty
Package: plex-mono 2022/09/23 (Bob Tennent) Style file for IBMPlexMono fonts
 (/usr/local/texlive/2023/texmf-dist/tex/latex/base/fontenc.sty
Package: fontenc 2021/04/29 v2.0v Standard LaTeX package
)) (/usr/local/texlive/2023/texmf-dist/tex/latex/fancyhdr/fancyhdr.sty
Package: fancyhdr 2022/11/09 v4.1 Extensive control of page headers and footers
\f@nch@headwidth=\skip65
\f@nch@O@elh=\skip66
\f@nch@O@erh=\skip67
\f@nch@O@olh=\skip68
\f@nch@O@orh=\skip69
\f@nch@O@elf=\skip70
\f@nch@O@erf=\skip71
\f@nch@O@olf=\skip72
\f@nch@O@orf=\skip73
) (/usr/local/texlive/2023/texmf-dist/tex/latex/tools/calc.sty
Package: calc 2017/05/25 v4.3 Infix arithmetic (KKT,FJ)
\calc@Acount=\count281
\calc@Bcount=\count282
\calc@Adimen=\dimen174
\calc@Bdimen=\dimen175
\calc@Askip=\skip74
\calc@Bskip=\skip75
LaTeX Info: Redefining \setlength on input line 80.
LaTeX Info: Redefining \addtolength on input line 81.
\calc@Ccount=\count283
\calc@Cskip=\skip76
)
\marginoffset=\skip77
 (/usr/local/texlive/2023/texmf-dist/tex/latex/titlesec/titlesec.sty
Package: titlesec 2021/07/05 v2.14 Sectioning titles
\ttl@box=\box58
\beforetitleunit=\skip78
\aftertitleunit=\skip79
\ttl@plus=\dimen176
\ttl@minus=\dimen177
\ttl@toksa=\toks34
\titlewidth=\dimen178
\titlewidthlast=\dimen179
\titlewidthfirst=\dimen180
) (/usr/local/texlive/2023/texmf-dist/tex/latex/titlesec/titletoc.sty
Package: titletoc 2021/07/05 v2.14 TOC entries
\ttl@leftsep=\dimen181
) (/usr/local/texlive/2023/texmf-dist/tex/latex/xcolor/xcolor.sty
Package: xcolor 2022/06/12 v2.14 LaTeX color extensions (UK)
 (/usr/local/texlive/2023/texmf-dist/tex/latex/graphics-cfg/color.cfg
File: color.cfg 2016/01/02 v1.6 sample color configuration
)
Package xcolor Info: Package option `usenames' ignored on input line 218.
Package xcolor Info: Driver file: pdftex.def on input line 227.
 (/usr/local/texlive/2023/texmf-dist/tex/latex/graphics/mathcolor.ltx)
Package xcolor Info: Model `cmy' substituted by `cmy0' on input line 1353.
Package xcolor Info: Model `hsb' substituted by `rgb' on input line 1357.
Package xcolor Info: Model `RGB' extended on input line 1369.
Package xcolor Info: Model `HTML' substituted by `rgb' on input line 1371.
Package xcolor Info: Model `Hsb' substituted by `hsb' on input line 1372.
Package xcolor Info: Model `tHsb' substituted by `hsb' on input line 1373.
Package xcolor Info: Model `HSB' substituted by `hsb' on input line 1374.
Package xcolor Info: Model `Gray' substituted by `gray' on input line 1375.
Package xcolor Info: Model `wave' substituted by `hsb' on input line 1376.
 (/usr/local/texlive/2023/texmf-dist/tex/latex/xcolor/svgnam.def
File: svgnam.def 2022/06/12 v2.14 Predefined colors according to SVG 1.1 (UK)
)) (/usr/local/texlive/2023/texmf-dist/tex/latex/biblatex/biblatex.sty
Package: biblatex 2023/03/05 v3.19 programmable bibliographies (PK/MW)
 (/usr/local/texlive/2023/texmf-dist/tex/generic/pdftexcmds/pdftexcmds.sty
Package: pdftexcmds 2020-06-27 v0.33 Utility functions of pdfTeX for LuaTeX (HO)
 (/usr/local/texlive/2023/texmf-dist/tex/generic/infwarerr/infwarerr.sty
Package: infwarerr 2019/12/03 v1.5 Providing info/warning/error messages (HO)
) (/usr/local/texlive/2023/texmf-dist/tex/generic/ltxcmds/ltxcmds.sty
Package: ltxcmds 2020-05-10 v1.25 LaTeX kernel commands for general use (HO)
)
Package pdftexcmds Info: \pdf@primitive is available.
Package pdftexcmds Info: \pdf@ifprimitive is available.
Package pdftexcmds Info: \pdfdraftmode found.
) (/usr/local/texlive/2023/texmf-dist/tex/latex/kvoptions/kvoptions.sty
Package: kvoptions 2022-06-15 v3.15 Key value format for package options (HO)
 (/usr/local/texlive/2023/texmf-dist/tex/latex/kvsetkeys/kvsetkeys.sty
Package: kvsetkeys 2022-10-05 v1.19 Key value parser (HO)
)) (/usr/local/texlive/2023/texmf-dist/tex/latex/logreq/logreq.sty
Package: logreq 2010/08/04 v1.0 xml request logger
\lrq@indent=\count284
 (/usr/local/texlive/2023/texmf-dist/tex/latex/logreq/logreq.def
File: logreq.def 2010/08/04 v1.0 logreq spec v1.0
)) (/usr/local/texlive/2023/texmf-dist/tex/latex/base/ifthen.sty
Package: ifthen 2022/04/13 v1.1d Standard LaTeX ifthen package (DPC)
) (/usr/local/texlive/2023/texmf-dist/tex/latex/url/url.sty
\Urlmuskip=\muskip16
Package: url 2013/09/16  ver 3.4  Verb mode for urls, etc.
)
\c@tabx@nest=\count285
\c@listtotal=\count286
\c@listcount=\count287
\c@liststart=\count288
\c@liststop=\count289
\c@citecount=\count290
\c@citetotal=\count291
\c@multicitecount=\count292
\c@multicitetotal=\count293
\c@instcount=\count294
\c@maxnames=\count295
\c@minnames=\count296
\c@maxitems=\count297
\c@minitems=\count298
\c@citecounter=\count299
\c@maxcitecounter=\count300
\c@savedcitecounter=\count301
\c@uniquelist=\count302
\c@uniquename=\count303
\c@refsection=\count304
\c@refsegment=\count305
\c@maxextratitle=\count306
\c@maxextratitleyear=\count307
\c@maxextraname=\count308
\c@maxextradate=\count309
\c@maxextraalpha=\count310
\c@abbrvpenalty=\count311
\c@highnamepenalty=\count312
\c@lownamepenalty=\count313
\c@maxparens=\count314
\c@parenlevel=\count315
\blx@tempcnta=\count316
\blx@tempcntb=\count317
\blx@tempcntc=\count318
\c@blx@maxsection=\count319
\blx@maxsegment@0=\count320
\blx@notetype=\count321
\blx@parenlevel@text=\count322
\blx@parenlevel@foot=\count323
\blx@sectionciteorder@0=\count324
\blx@sectionciteorderinternal@0=\count325
\blx@entrysetcounter=\count326
\blx@biblioinstance=\count327
\labelnumberwidth=\skip80
\labelalphawidth=\skip81
\biblabelsep=\skip82
\bibitemsep=\skip83
\bibnamesep=\skip84
\bibinitsep=\skip85
\bibparsep=\skip86
\bibhang=\skip87
\blx@bcfin=\read2
\blx@bcfout=\write3
\blx@langwohyphens=\language87
\c@mincomprange=\count328
\c@maxcomprange=\count329
\c@mincompwidth=\count330
Package biblatex Info: Trying to load biblatex default data model...
Package biblatex Info: ... file 'blx-dm.def' found.
 (/usr/local/texlive/2023/texmf-dist/tex/latex/biblatex/blx-dm.def
File: blx-dm.def 2023/03/05 v3.19 biblatex localization (PK/MW)
)
Package biblatex Info: Trying to load biblatex citestyle data model...
Package biblatex Info: ... file 'numeric.dbx' not found.
Package biblatex Info: Trying to load biblatex custom data model...
Package biblatex Info: ... file 'biblatex-dm.cfg' not found.
\c@afterword=\count331
\c@savedafterword=\count332
\c@annotator=\count333
\c@savedannotator=\count334
\c@author=\count335
\c@savedauthor=\count336
\c@bookauthor=\count337
\c@savedbookauthor=\count338
\c@commentator=\count339
\c@savedcommentator=\count340
\c@editor=\count341
\c@savededitor=\count342
\c@editora=\count343
\c@savededitora=\count344
\c@editorb=\count345
\c@savededitorb=\count346
\c@editorc=\count347
\c@savededitorc=\count348
\c@foreword=\count349
\c@savedforeword=\count350
\c@holder=\count351
\c@savedholder=\count352
\c@introduction=\count353
\c@savedintroduction=\count354
\c@namea=\count355
\c@savednamea=\count356
\c@nameb=\count357
\c@savednameb=\count358
\c@namec=\count359
\c@savednamec=\count360
\c@translator=\count361
\c@savedtranslator=\count362
\c@shortauthor=\count363
\c@savedshortauthor=\count364
\c@shorteditor=\count365
\c@savedshorteditor=\count366
\c@labelname=\count367
\c@savedlabelname=\count368
\c@institution=\count369
\c@savedinstitution=\count370
\c@lista=\count371
\c@savedlista=\count372
\c@listb=\count373
\c@savedlistb=\count374
\c@listc=\count375
\c@savedlistc=\count376
\c@listd=\count377
\c@savedlistd=\count378
\c@liste=\count379
\c@savedliste=\count380
\c@listf=\count381
\c@savedlistf=\count382
\c@location=\count383
\c@savedlocation=\count384
\c@organization=\count385
\c@savedorganization=\count386
\c@origlocation=\count387
\c@savedoriglocation=\count388
\c@origpublisher=\count389
\c@savedorigpublisher=\count390
\c@publisher=\count391
\c@savedpublisher=\count392
\c@language=\count393
\c@savedlanguage=\count394
\c@origlanguage=\count395
\c@savedoriglanguage=\count396
\c@pageref=\count397
\c@savedpageref=\count398
\shorthandwidth=\skip88
\shortjournalwidth=\skip89
\shortserieswidth=\skip90
\shorttitlewidth=\skip91
\shortauthorwidth=\skip92
\shorteditorwidth=\skip93
\locallabelnumberwidth=\skip94
\locallabelalphawidth=\skip95
\localshorthandwidth=\skip96
\localshortjournalwidth=\skip97
\localshortserieswidth=\skip98
\localshorttitlewidth=\skip99
\localshortauthorwidth=\skip100
\localshorteditorwidth=\skip101
Package biblatex Info: Trying to load compatibility code...
Package biblatex Info: ... file 'blx-compat.def' found.
 (/usr/local/texlive/2023/texmf-dist/tex/latex/biblatex/blx-compat.def
File: blx-compat.def 2023/03/05 v3.19 biblatex compatibility (PK/MW)
)
Package biblatex Info: Trying to load generic definitions...
Package biblatex Info: ... file 'biblatex.def' found.
 (/usr/local/texlive/2023/texmf-dist/tex/latex/biblatex/biblatex.def
File: biblatex.def 2023/03/05 v3.19 biblatex compatibility (PK/MW)
\c@textcitecount=\count399
\c@textcitetotal=\count400
\c@textcitemaxnames=\count401
\c@biburlbigbreakpenalty=\count402
\c@biburlbreakpenalty=\count403
\c@biburlnumpenalty=\count404
\c@biburlucpenalty=\count405
\c@biburllcpenalty=\count406
\biburlbigskip=\muskip17
\biburlnumskip=\muskip18
\biburlucskip=\muskip19
\biburllcskip=\muskip20
\c@smartand=\count407
)
Package biblatex Info: Trying to load bibliography style 'numeric'...
Package biblatex Info: ... file 'numeric.bbx' found.
 (/usr/local/texlive/2023/texmf-dist/tex/latex/biblatex/bbx/numeric.bbx
File: numeric.bbx 2023/03/05 v3.19 biblatex bibliography style (PK/MW)
Package biblatex Info: Trying to load bibliography style 'standard'...
Package biblatex Info: ... file 'standard.bbx' found.
 (/usr/local/texlive/2023/texmf-dist/tex/latex/biblatex/bbx/standard.bbx
File: standard.bbx 2023/03/05 v3.19 biblatex bibliography style (PK/MW)
\c@bbx:relatedcount=\count408
\c@bbx:relatedtotal=\count409
))
Package biblatex Info: Trying to load citation style 'numeric'...
Package biblatex Info: ... file 'numeric.cbx' found.
 (/usr/local/texlive/2023/texmf-dist/tex/latex/biblatex/cbx/numeric.cbx
File: numeric.cbx 2023/03/05 v3.19 biblatex citation style (PK/MW)
Package biblatex Info: Redefining '\cite'.
Package biblatex Info: Redefining '\parencite'.
Package biblatex Info: Redefining '\footcite'.
Package biblatex Info: Redefining '\footcitetext'.
Package biblatex Info: Redefining '\smartcite'.
Package biblatex Info: Redefining '\supercite'.
Package biblatex Info: Redefining '\textcite'.
Package biblatex Info: Redefining '\textcites'.
Package biblatex Info: Redefining '\cites'.
Package biblatex Info: Redefining '\parencites'.
Package biblatex Info: Redefining '\smartcites'.
)
Package biblatex Info: Trying to load configuration file...
Package biblatex Info: ... file 'biblatex.cfg' found.
 (/usr/local/texlive/2023/texmf-dist/tex/latex/biblatex/biblatex.cfg
File: biblatex.cfg 
)
Package biblatex Info: Input encoding 'utf8' detected.
Package biblatex Info: Document encoding is UTF8 ....
Package biblatex Info: ... and expl3
(biblatex)             2023-02-22 L3 programming layer (loader) 
(biblatex)             is new enough (at least 2020/04/06),
(biblatex)             setting 'casechanger=expl3'.
 (/usr/local/texlive/2023/texmf-dist/tex/latex/biblatex/blx-case-expl3.sty
Package: blx-case-expl3 2023/03/05 v3.19 expl3 case changing code for biblatex
)) (/usr/local/texlive/2023/texmf-dist/tex/latex/booktabs/booktabs.sty
Package: booktabs 2020/01/12 v1.61803398 Publication quality tables
\heavyrulewidth=\dimen182
\lightrulewidth=\dimen183
\cmidrulewidth=\dimen184
\belowrulesep=\dimen185
\belowbottomsep=\dimen186
\aboverulesep=\dimen187
\abovetopsep=\dimen188
\cmidrulesep=\dimen189
\cmidrulekern=\dimen190
\defaultaddspace=\dimen191
\@cmidla=\count410
\@cmidlb=\count411
\@aboverulesep=\dimen192
\@belowrulesep=\dimen193
\@thisruleclass=\count412
\@lastruleclass=\count413
\@thisrulewidth=\dimen194
) (/usr/local/texlive/2023/texmf-dist/tex/latex/tools/array.sty
Package: array 2022/09/04 v2.5g Tabular extension package (FMi)
\col@sep=\dimen195
\ar@mcellbox=\box59
\extrarowheight=\dimen196
\NC@list=\toks35
\extratabsurround=\skip102
\backup@length=\skip103
\ar@cellbox=\box60
) (/usr/local/texlive/2023/texmf-dist/tex/latex/enumitem/enumitem.sty
Package: enumitem 2019/06/20 v3.9 Customized lists
\labelindent=\skip104
\enit@outerparindent=\dimen197
\enit@toks=\toks36
\enit@inbox=\box61
\enit@count@id=\count414
\enitdp@description=\count415
) (/usr/local/texlive/2023/texmf-dist/tex/latex/hyperref/hyperref.sty
Package: hyperref 2023-02-07 v7.00v Hypertext links for LaTeX
 (/usr/local/texlive/2023/texmf-dist/tex/generic/kvdefinekeys/kvdefinekeys.sty
Package: kvdefinekeys 2019-12-19 v1.6 Define keys (HO)
) (/usr/local/texlive/2023/texmf-dist/tex/generic/pdfescape/pdfescape.sty
Package: pdfescape 2019/12/09 v1.15 Implements pdfTeX's escape features (HO)
) (/usr/local/texlive/2023/texmf-dist/tex/latex/hycolor/hycolor.sty
Package: hycolor 2020-01-27 v1.10 Color options for hyperref/bookmark (HO)
) (/usr/local/texlive/2023/texmf-dist/tex/latex/letltxmacro/letltxmacro.sty
Package: letltxmacro 2019/12/03 v1.6 Let assignment for LaTeX macros (HO)
) (/usr/local/texlive/2023/texmf-dist/tex/latex/auxhook/auxhook.sty
Package: auxhook 2019-12-17 v1.6 Hooks for auxiliary files (HO)
) (/usr/local/texlive/2023/texmf-dist/tex/latex/hyperref/nameref.sty
Package: nameref 2022-05-17 v2.50 Cross-referencing by name of section
 (/usr/local/texlive/2023/texmf-dist/tex/latex/refcount/refcount.sty
Package: refcount 2019/12/15 v3.6 Data extraction from label references (HO)
) (/usr/local/texlive/2023/texmf-dist/tex/generic/gettitlestring/gettitlestring.sty
Package: gettitlestring 2019/12/15 v1.6 Cleanup title references (HO)
)
\c@section@level=\count416
)
\@linkdim=\dimen198
\Hy@linkcounter=\count417
\Hy@pagecounter=\count418
 (/usr/local/texlive/2023/texmf-dist/tex/latex/hyperref/pd1enc.def
File: pd1enc.def 2023-02-07 v7.00v Hyperref: PDFDocEncoding definition (HO)
Now handling font encoding PD1 ...
... no UTF-8 mapping file for font encoding PD1
) (/usr/local/texlive/2023/texmf-dist/tex/generic/intcalc/intcalc.sty
Package: intcalc 2019/12/15 v1.3 Expandable calculations with integers (HO)
) (/usr/local/texlive/2023/texmf-dist/tex/generic/etexcmds/etexcmds.sty
Package: etexcmds 2019/12/15 v1.7 Avoid name clashes with e-TeX commands (HO)
)
\Hy@SavedSpaceFactor=\count419
 (/usr/local/texlive/2023/texmf-dist/tex/latex/hyperref/puenc.def
File: puenc.def 2023-02-07 v7.00v Hyperref: PDF Unicode definition (HO)
Now handling font encoding PU ...
... no UTF-8 mapping file for font encoding PU
)
Package hyperref Info: Hyper figures OFF on input line 4177.
Package hyperref Info: Link nesting OFF on input line 4182.
Package hyperref Info: Hyper index ON on input line 4185.
Package hyperref Info: Plain pages OFF on input line 4192.
Package hyperref Info: Backreferencing OFF on input line 4197.
Package hyperref Info: Implicit mode ON; LaTeX internals redefined.
Package hyperref Info: Bookmarks ON on input line 4425.
\c@Hy@tempcnt=\count420
LaTeX Info: Redefining \url on input line 4763.
\XeTeXLinkMargin=\dimen199
 (/usr/local/texlive/2023/texmf-dist/tex/generic/bitset/bitset.sty
Package: bitset 2019/12/09 v1.3 Handle bit-vector datatype (HO)
 (/usr/local/texlive/2023/texmf-dist/tex/generic/bigintcalc/bigintcalc.sty
Package: bigintcalc 2019/12/15 v1.5 Expandable calculations on big integers (HO)
))
\Fld@menulength=\count421
\Field@Width=\dimen256
\Fld@charsize=\dimen257
Package hyperref Info: Hyper figures OFF on input line 6042.
Package hyperref Info: Link nesting OFF on input line 6047.
Package hyperref Info: Hyper index ON on input line 6050.
Package hyperref Info: backreferencing OFF on input line 6057.
Package hyperref Info: Link coloring OFF on input line 6062.
Package hyperref Info: Link coloring with OCG OFF on input line 6067.
Package hyperref Info: PDF/A mode OFF on input line 6072.
 (/usr/local/texlive/2023/texmf-dist/tex/latex/base/atbegshi-ltx.sty
Package: atbegshi-ltx 2021/01/10 v1.0c Emulation of the original atbegshi
package with kernel methods
)
\Hy@abspage=\count422
\c@Item=\count423
\c@Hfootnote=\count424
)
Package hyperref Info: Driver (autodetected): hpdftex.
 (/usr/local/texlive/2023/texmf-dist/tex/latex/hyperref/hpdftex.def
File: hpdftex.def 2023-02-07 v7.00v Hyperref driver for pdfTeX
 (/usr/local/texlive/2023/texmf-dist/tex/latex/base/atveryend-ltx.sty
Package: atveryend-ltx 2020/08/19 v1.0a Emulation of the original atveryend package
with kernel methods
)
\Fld@listcount=\count425
\c@bookmark@seq@number=\count426
 (/usr/local/texlive/2023/texmf-dist/tex/latex/rerunfilecheck/rerunfilecheck.sty
Package: rerunfilecheck 2022-07-10 v1.10 Rerun checks for auxiliary files (HO)
 (/usr/local/texlive/2023/texmf-dist/tex/generic/uniquecounter/uniquecounter.sty
Package: uniquecounter 2019/12/15 v1.4 Provide unlimited unique counter (HO)
)
Package uniquecounter Info: New unique counter `rerunfilecheck' on input line 285.
)
\Hy@SectionHShift=\skip105
)
Package hyperref Info: Option `colorlinks' set `true' on input line 331.
 (/usr/local/texlive/2023/texmf-dist/tex/latex/listings/listings.sty
\lst@mode=\count427
\lst@gtempboxa=\box62
\lst@token=\toks37
\lst@length=\count428
\lst@currlwidth=\dimen258
\lst@column=\count429
\lst@pos=\count430
\lst@lostspace=\dimen259
\lst@width=\dimen260
\lst@newlines=\count431
\lst@lineno=\count432
\lst@maxwidth=\dimen261
 (/usr/local/texlive/2023/texmf-dist/tex/latex/listings/lstmisc.sty
File: lstmisc.sty 2023/02/27 1.9 (Carsten Heinz)
\c@lstnumber=\count433
\lst@skipnumbers=\count434
\lst@framebox=\box63
) (/usr/local/texlive/2023/texmf-dist/tex/latex/listings/listings.cfg
File: listings.cfg 2023/02/27 1.9 listings configuration
))
Package: listings 2023/02/27 1.9 (Carsten Heinz)
)
\@quotelevel=\count435
\@quotereset=\count436
 (./HW3-RegFile - Ethan Vosburg.aux)
\openout1 = `"HW3-RegFile - Ethan Vosburg.aux"'.

LaTeX Font Info:    Checking defaults for OML/cmm/m/it on input line 46.
LaTeX Font Info:    ... okay on input line 46.
LaTeX Font Info:    Checking defaults for OMS/cmsy/m/n on input line 46.
LaTeX Font Info:    ... okay on input line 46.
LaTeX Font Info:    Checking defaults for OT1/cmr/m/n on input line 46.
LaTeX Font Info:    ... okay on input line 46.
LaTeX Font Info:    Checking defaults for T1/cmr/m/n on input line 46.
LaTeX Font Info:    ... okay on input line 46.
LaTeX Font Info:    Checking defaults for TS1/cmr/m/n on input line 46.
LaTeX Font Info:    ... okay on input line 46.
LaTeX Font Info:    Checking defaults for OMX/cmex/m/n on input line 46.
LaTeX Font Info:    ... okay on input line 46.
LaTeX Font Info:    Checking defaults for U/cmr/m/n on input line 46.
LaTeX Font Info:    ... okay on input line 46.
LaTeX Font Info:    Checking defaults for PD1/pdf/m/n on input line 46.
LaTeX Font Info:    ... okay on input line 46.
LaTeX Font Info:    Checking defaults for PU/pdf/m/n on input line 46.
LaTeX Font Info:    ... okay on input line 46.
 (/usr/local/texlive/2023/texmf-dist/tex/context/base/mkii/supp-pdf.mkii
[Loading MPS to PDF converter (version 2006.09.02).]
\scratchcounter=\count437
\scratchdimen=\dimen262
\scratchbox=\box64
\nofMPsegments=\count438
\nofMParguments=\count439
\everyMPshowfont=\toks38
\MPscratchCnt=\count440
\MPscratchDim=\dimen263
\MPnumerator=\count441
\makeMPintoPDFobject=\count442
\everyMPtoPDFconversion=\toks39
) (/usr/local/texlive/2023/texmf-dist/tex/latex/epstopdf-pkg/epstopdf-base.sty
Package: epstopdf-base 2020-01-24 v2.11 Base part for package epstopdf
Package epstopdf-base Info: Redefining graphics rule for `.eps' on input line 485.
 (/usr/local/texlive/2023/texmf-dist/tex/latex/latexconfig/epstopdf-sys.cfg
File: epstopdf-sys.cfg 2010/07/13 v1.3 Configuration of (r)epstopdf for TeX Live
))
Package ragged2e Info: ABD: executing \RaggedRight on input line 46.

*geometry* driver: auto-detecting
*geometry* detected driver: pdftex
*geometry* verbose mode - [ preamble ] result:
* driver: pdftex
* paper: a4paper
* layout: <same size as paper>
* layoutoffset:(h,v)=(0.0pt,0.0pt)
* modes: 
* h-part:(L,W,R)=(56.9055pt, 334.3199pt, 206.28247pt)
* v-part:(T,H,B)=(85.35826pt, 674.33032pt, 85.35826pt)
* \paperwidth=597.50787pt
* \paperheight=845.04684pt
* \textwidth=334.3199pt
* \textheight=674.33032pt
* \oddsidemargin=-15.36449pt
* \evensidemargin=-15.36449pt
* \topmargin=-38.12675pt
* \headheight=28.45274pt
* \headsep=22.76228pt
* \topskip=12.0pt
* \footskip=42.67912pt
* \marginparwidth=120.92421pt
* \marginparsep=28.45274pt
* \columnsep=10.0pt
* \skip\footins=10.8pt plus 4.0pt minus 2.0pt
* \hoffset=0.0pt
* \voffset=0.0pt
* \mag=1000
* \@twocolumnfalse
* \@twosidefalse
* \@mparswitchfalse
* \@reversemarginfalse
* (1in=72.27pt=25.4mm, 1cm=28.453pt)

Package caption Info: Begin \AtBeginDocument code.
Package caption Info: changepage package is loaded.
\caption@adjustwidth@hsize=\dimen264
\caption@adjustwidth@linewidth=\dimen265
Package caption Info: hyperref package is loaded.
Package caption Info: listings package is loaded.
Package caption Info: End \AtBeginDocument code.
\@sidenotes@extrawidth=\skip106
\big@size=\dimen266
\c@mv@tabular=\count443
\c@mv@boldtabular=\count444
Package biblatex Info: Trying to load language 'english'...
Package biblatex Info: ... file 'english.lbx' found.
(/usr/local/texlive/2023/texmf-dist/tex/latex/biblatex/lbx/english.lbx
File: english.lbx 2023/03/05 v3.19 biblatex localization (PK/MW)
)
Package biblatex Info: Input encoding 'utf8' detected.
Package biblatex Info: Automatic encoding selection.
(biblatex)             Assuming data encoding 'utf8'.
\openout3 = `"HW3-RegFile - Ethan Vosburg.bcf"'.

Package biblatex Info: Trying to load bibliographic data...
Package biblatex Info: ... file '"HW3-RegFile - Ethan Vosburg".bbl' found.
 (./HW3-RegFile - Ethan Vosburg.bbl)
Package biblatex Info: Reference section=0 on input line 46.
Package biblatex Info: Reference segment=0 on input line 46.
Package hyperref Info: Link coloring ON on input line 46.
 (./HW3-RegFile - Ethan Vosburg.out) (./HW3-RegFile - Ethan Vosburg.out)
\@outlinefile=\write4
\openout4 = `"HW3-RegFile - Ethan Vosburg.out"'.

\c@lstlisting=\count445
<creodocs_logo.pdf, id=52, 794.97pt x 614.295pt>
File: creodocs_logo.pdf Graphic file (type pdf)
<use creodocs_logo.pdf>
Package pdftex.def Info: creodocs_logo.pdf  used on input line 57.
(pdftex.def)             Requested size: 142.26378pt x 109.93094pt.
LaTeX Font Info:    Font shape `T1/IBMPlexSans-TLF/m/n' aliased to
(Font)              `T1/IBMPlexSans-TLF/regular/n' on input line 61.
LaTeX Font Info:    Font shape `T1/IBMPlexSans-TLF/regular/n' will be
(Font)              scaled to size 50.0pt on input line 61.
LaTeX Font Info:    Font shape `T1/IBMPlexSans-TLF/b/n' aliased to
(Font)              `T1/IBMPlexSans-TLF/bold/n' on input line 61.
LaTeX Font Info:    Font shape `T1/IBMPlexSans-TLF/bold/n' will be
(Font)              scaled to size 50.0pt on input line 61.
LaTeX Font Info:    Trying to load font information for OT1+ppl on input line 61.
 (/usr/local/texlive/2023/texmf-dist/tex/latex/psnfss/ot1ppl.fd
File: ot1ppl.fd 2001/06/04 font definitions for OT1/ppl.
)
LaTeX Font Info:    Trying to load font information for OML+zplm on input line 61.
 (/usr/local/texlive/2023/texmf-dist/tex/latex/psnfss/omlzplm.fd
File: omlzplm.fd 2002/09/08 Fontinst v1.914 font definitions for OML/zplm.
)
LaTeX Font Info:    Trying to load font information for OMS+zplm on input line 61.
 (/usr/local/texlive/2023/texmf-dist/tex/latex/psnfss/omszplm.fd
File: omszplm.fd 2002/09/08 Fontinst v1.914 font definitions for OMS/zplm.
)
LaTeX Font Info:    Trying to load font information for OMX+zplm on input line 61.
 (/usr/local/texlive/2023/texmf-dist/tex/latex/psnfss/omxzplm.fd
File: omxzplm.fd 2002/09/08 Fontinst v1.914 font definitions for OMX/zplm.
)
LaTeX Font Info:    Trying to load font information for OT1+zplm on input line 61.
 (/usr/local/texlive/2023/texmf-dist/tex/latex/psnfss/ot1zplm.fd
File: ot1zplm.fd 2002/09/08 Fontinst v1.914 font definitions for OT1/zplm.
)
LaTeX Font Info:    Font shape `T1/IBMPlexSans-TLF/m/n' aliased to
(Font)              `T1/IBMPlexSans-TLF/regular/n' on input line 65.
LaTeX Font Info:    Font shape `T1/IBMPlexSans-TLF/regular/n' will be
(Font)              scaled to size 20.74pt on input line 65.
LaTeX Font Info:    Font shape `T1/IBMPlexSans-TLF/m/it' aliased to
(Font)              `T1/IBMPlexSans-TLF/regular/it' on input line 65.
LaTeX Font Info:    Font shape `T1/IBMPlexSans-TLF/regular/it' will be
(Font)              scaled to size 20.74pt on input line 65.
LaTeX Font Info:    Font shape `T1/IBMPlexSans-TLF/b/it' aliased to
(Font)              `T1/IBMPlexSans-TLF/bold/it' on input line 65.
LaTeX Font Info:    Font shape `T1/IBMPlexSans-TLF/bold/it' will be
(Font)              scaled to size 20.74pt on input line 65.
LaTeX Font Info:    Font shape `T1/IBMPlexSans-TLF/m/n' aliased to
(Font)              `T1/IBMPlexSans-TLF/regular/n' on input line 69.
LaTeX Font Info:    Font shape `T1/IBMPlexSans-TLF/regular/n' will be
(Font)              scaled to size 17.28pt on input line 69.
LaTeX Font Info:    Font shape `T1/IBMPlexSans-TLF/m/n' aliased to
(Font)              `T1/IBMPlexSans-TLF/regular/n' on input line 73.
LaTeX Font Info:    Font shape `T1/IBMPlexSans-TLF/regular/n' will be
(Font)              scaled to size 14.4pt on input line 73.
 [1

{/usr/local/texlive/2023/texmf-var/fonts/map/pdftex/updmap/pdftex.map}{/usr/local/texlive/2023/texmf-dist/fonts/enc/dvips/plex/plx_umrhwx.enc} <./creodocs_logo.pdf, page is rotated 90 degrees>]
LaTeX Font Info:    Font shape `T1/IBMPlexSans-TLF/b/n' aliased to
(Font)              `T1/IBMPlexSans-TLF/bold/n' on input line 129.
LaTeX Font Info:    Font shape `T1/IBMPlexSans-TLF/bold/n' will be
(Font)              scaled to size 20.74pt on input line 129.
 (./HW3-RegFile - Ethan Vosburg.toc
LaTeX Font Info:    Font shape `T1/IBMPlexSans-TLF/sb/n' aliased to
(Font)              `T1/IBMPlexSans-TLF/semibold/n' on input line 1.
LaTeX Font Info:    Font shape `T1/IBMPlexSans-TLF/semibold/n' will be
(Font)              scaled to size 12.0pt on input line 1.
)
\tf@toc=\write5
\openout5 = `"HW3-RegFile - Ethan Vosburg.toc"'.

 [2]
LaTeX Font Info:    Font shape `T1/IBMPlexSans-TLF/b/n' aliased to
(Font)              `T1/IBMPlexSans-TLF/bold/n' on input line 146.
LaTeX Font Info:    Font shape `T1/IBMPlexSans-TLF/bold/n' will be
(Font)              scaled to size 14.4pt on input line 146.
<Figures/RegFile Elaborated Design.png, id=96, 1216.545pt x 607.26875pt>
File: Figures/RegFile Elaborated Design.png Graphic file (type png)
<use Figures/RegFile Elaborated Design.png>
Package pdftex.def Info: Figures/RegFile Elaborated Design.png  used on input line 151.
(pdftex.def)             Requested size: 478.00812pt x 238.6037pt.

Overfull \hbox (143.68822pt too wide) in paragraph at lines 151--152
 [][] 
 []

LaTeX Font Info:    Font shape `T1/IBMPlexSans-TLF/b/n' aliased to
(Font)              `T1/IBMPlexSans-TLF/bold/n' on input line 152.
LaTeX Font Info:    Font shape `T1/IBMPlexSans-TLF/bold/n' will be
(Font)              scaled to size 12.0pt on input line 152.
LaTeX Font Info:    Font shape `T1/IBMPlexSans-TLF/b/n' aliased to
(Font)              `T1/IBMPlexSans-TLF/bold/n' on input line 152.
LaTeX Font Info:    Font shape `T1/IBMPlexSans-TLF/bold/n' will be
(Font)              scaled to size 10.0pt on input line 152.
<Figures/Program Counter Console Warnings.png, id=98, 753.81625pt x 179.67125pt>
File: Figures/Program Counter Console Warnings.png Graphic file (type png)
<use Figures/Program Counter Console Warnings.png>
Package pdftex.def Info: Figures/Program Counter Console Warnings.png  used on input line 161.
(pdftex.def)             Requested size: 448.1309pt x 106.81113pt.

Overfull \hbox (143.68822pt too wide) in paragraph at lines 161--162
[][]  
 []

[3 <./Figures/RegFile Elaborated Design.png> <./Figures/Program Counter Console Warnings.png>] (/usr/local/texlive/2023/texmf-dist/tex/latex/listings/lstlang1.sty
File: lstlang1.sty 2023/02/27 1.9 listings language file
) (/usr/local/texlive/2023/texmf-dist/tex/latex/listings/lstlang2.sty
File: lstlang2.sty 2023/02/27 1.9 listings language file
) (/usr/local/texlive/2023/texmf-dist/tex/latex/listings/lstlang3.sty
File: lstlang3.sty 2023/02/27 1.9 listings language file
)
Package hyperref Info: bookmark level for unknown lstlisting defaults to 0 on input line 183.
LaTeX Font Info:    Trying to load font information for T1+IBMPlexMono-TLF on input line 183.
 (/usr/local/texlive/2023/texmf-dist/tex/latex/plex/T1IBMPlexMono-TLF.fd
File: T1IBMPlexMono-TLF.fd 2019/12/06 (autoinst) Font definitions for T1/IBMPlexMono-TLF.
)
LaTeX Font Info:    Font shape `T1/IBMPlexMono-TLF/m/n' aliased to
(Font)              `T1/IBMPlexMono-TLF/regular/n' on input line 183.
LaTeX Font Info:    Font shape `T1/IBMPlexMono-TLF/regular/n' will be
(Font)              scaled to size 12.0pt on input line 183.
LaTeX Font Info:    Font shape `T1/IBMPlexMono-TLF/m/n' aliased to
(Font)              `T1/IBMPlexMono-TLF/regular/n' on input line 183.
LaTeX Font Info:    Font shape `T1/IBMPlexMono-TLF/regular/n' will be
(Font)              scaled to size 8.0pt on input line 183.
 (/Users/ethanvosburg/Documents/git/CPE-233-Otter/HW3-RegFile/RegFile/RegFile.srcs/sim_1/new/RegFile_TB.sv
LaTeX Font Info:    Font shape `T1/IBMPlexSans-TLF/m/n' aliased to
(Font)              `T1/IBMPlexSans-TLF/regular/n' on input line 1.
LaTeX Font Info:    Font shape `T1/IBMPlexSans-TLF/regular/n' will be
(Font)              scaled to size 8.0pt on input line 1.
LaTeX Font Info:    Font shape `T1/IBMPlexSans-TLF/m/n' aliased to
(Font)              `T1/IBMPlexSans-TLF/regular/n' on input line 1.
LaTeX Font Info:    Font shape `T1/IBMPlexSans-TLF/regular/n' will be
(Font)              scaled to size 6.0pt on input line 1.
LaTeX Font Info:    Font shape `T1/IBMPlexSans-TLF/m/it' aliased to
(Font)              `T1/IBMPlexSans-TLF/regular/it' on input line 1.
LaTeX Font Info:    Font shape `T1/IBMPlexSans-TLF/regular/it' will be
(Font)              scaled to size 6.0pt on input line 1.
LaTeX Font Info:    Font shape `T1/IBMPlexMono-TLF/b/n' aliased to
(Font)              `T1/IBMPlexMono-TLF/bold/n' on input line 1.
LaTeX Font Info:    Font shape `T1/IBMPlexMono-TLF/bold/n' will be
(Font)              scaled to size 8.0pt on input line 1.
LaTeX Font Info:    Font shape `T1/IBMPlexMono-TLF/m/it' aliased to
(Font)              `T1/IBMPlexMono-TLF/regular/it' on input line 2.
LaTeX Font Info:    Font shape `T1/IBMPlexMono-TLF/regular/it' will be
(Font)              scaled to size 8.0pt on input line 2.
 [4{/usr/local/texlive/2023/texmf-dist/fonts/enc/dvips/plex/plx_x4zmfh.enc}] [5] [6] [7] [8]) [9] [10]
<Figures/RegFile Simulation 00.png, id=548, 1938.24126pt x 297.11pt>
File: Figures/RegFile Simulation 00.png Graphic file (type png)
<use Figures/RegFile Simulation 00.png>
Package pdftex.def Info: Figures/RegFile Simulation 00.png  used on input line 219.
(pdftex.def)             Requested size: 478.00812pt x 73.27086pt.

Overfull \hbox (143.68822pt too wide) in paragraph at lines 219--220
 [][] 
 []

<Figures/RegFile Simulation 01.png, id=549, 1938.24126pt x 297.11pt>
File: Figures/RegFile Simulation 01.png Graphic file (type png)
<use Figures/RegFile Simulation 01.png>
Package pdftex.def Info: Figures/RegFile Simulation 01.png  used on input line 227.
(pdftex.def)             Requested size: 478.00812pt x 73.27086pt.

Overfull \hbox (143.68822pt too wide) in paragraph at lines 227--228
 [][] 
 []

<Figures/RegFile Simulation 02.png, id=550, 1938.24126pt x 297.11pt>
File: Figures/RegFile Simulation 02.png Graphic file (type png)
<use Figures/RegFile Simulation 02.png>
Package pdftex.def Info: Figures/RegFile Simulation 02.png  used on input line 235.
(pdftex.def)             Requested size: 478.00812pt x 73.27086pt.

Overfull \hbox (143.68822pt too wide) in paragraph at lines 235--236
 [][] 
 []

<Figures/RegFile Simulation 03.png, id=551, 1938.24126pt x 297.11pt>
File: Figures/RegFile Simulation 03.png Graphic file (type png)
<use Figures/RegFile Simulation 03.png>
Package pdftex.def Info: Figures/RegFile Simulation 03.png  used on input line 243.
(pdftex.def)             Requested size: 478.00812pt x 73.27086pt.

Overfull \hbox (143.68822pt too wide) in paragraph at lines 243--244
 [][] 
 []

<Figures/RegFile Simulation 04.png, id=552, 1938.24126pt x 297.11pt>
File: Figures/RegFile Simulation 04.png Graphic file (type png)
<use Figures/RegFile Simulation 04.png>
Package pdftex.def Info: Figures/RegFile Simulation 04.png  used on input line 251.
(pdftex.def)             Requested size: 478.00812pt x 73.27086pt.

Overfull \hbox (143.68822pt too wide) in paragraph at lines 251--252
 [][] 
 []

<Figures/RegFile Simulation 05.png, id=553, 1938.24126pt x 297.11pt>
File: Figures/RegFile Simulation 05.png Graphic file (type png)
<use Figures/RegFile Simulation 05.png>
Package pdftex.def Info: Figures/RegFile Simulation 05.png  used on input line 259.
(pdftex.def)             Requested size: 478.00812pt x 73.27086pt.

Overfull \hbox (143.68822pt too wide) in paragraph at lines 259--260
 [][] 
 []

[11 <./Figures/RegFile Simulation 00.png> <./Figures/RegFile Simulation 01.png> <./Figures/RegFile Simulation 02.png> <./Figures/RegFile Simulation 03.png> <./Figures/RegFile Simulation 04.png>]
<Figures/RegFile Simulation 06.png, id=569, 1938.24126pt x 297.11pt>
File: Figures/RegFile Simulation 06.png Graphic file (type png)
<use Figures/RegFile Simulation 06.png>
Package pdftex.def Info: Figures/RegFile Simulation 06.png  used on input line 267.
(pdftex.def)             Requested size: 478.00812pt x 73.27086pt.

Overfull \hbox (143.68822pt too wide) in paragraph at lines 267--268
 [][] 
 []

<Figures/RegFile Simulation 07.png, id=570, 1938.24126pt x 297.11pt>
File: Figures/RegFile Simulation 07.png Graphic file (type png)
<use Figures/RegFile Simulation 07.png>
Package pdftex.def Info: Figures/RegFile Simulation 07.png  used on input line 275.
(pdftex.def)             Requested size: 478.00812pt x 73.27086pt.

Overfull \hbox (143.68822pt too wide) in paragraph at lines 275--276
 [][] 
 []

<Figures/RegFile Simulation 08.png, id=571, 1938.24126pt x 297.11pt>
File: Figures/RegFile Simulation 08.png Graphic file (type png)
<use Figures/RegFile Simulation 08.png>
Package pdftex.def Info: Figures/RegFile Simulation 08.png  used on input line 283.
(pdftex.def)             Requested size: 478.00812pt x 73.27086pt.

Overfull \hbox (143.68822pt too wide) in paragraph at lines 283--284
 [][] 
 []

<Figures/RegFile Simulation 09.png, id=572, 1938.24126pt x 297.11pt>
File: Figures/RegFile Simulation 09.png Graphic file (type png)
<use Figures/RegFile Simulation 09.png>
Package pdftex.def Info: Figures/RegFile Simulation 09.png  used on input line 291.
(pdftex.def)             Requested size: 478.00812pt x 73.27086pt.

Overfull \hbox (143.68822pt too wide) in paragraph at lines 291--292
 [][] 
 []

<Figures/RegFile Simulation 10.png, id=573, 1938.24126pt x 297.11pt>
File: Figures/RegFile Simulation 10.png Graphic file (type png)
<use Figures/RegFile Simulation 10.png>
Package pdftex.def Info: Figures/RegFile Simulation 10.png  used on input line 299.
(pdftex.def)             Requested size: 478.00812pt x 73.27086pt.

Overfull \hbox (143.68822pt too wide) in paragraph at lines 299--300
 [][] 
 []

<Figures/RegFile Simulation 11.png, id=574, 1938.24126pt x 297.11pt>
File: Figures/RegFile Simulation 11.png Graphic file (type png)
<use Figures/RegFile Simulation 11.png>
Package pdftex.def Info: Figures/RegFile Simulation 11.png  used on input line 307.
(pdftex.def)             Requested size: 478.00812pt x 73.27086pt.

Overfull \hbox (143.68822pt too wide) in paragraph at lines 307--308
 [][] 
 []

[12 <./Figures/RegFile Simulation 05.png> <./Figures/RegFile Simulation 06.png> <./Figures/RegFile Simulation 07.png> <./Figures/RegFile Simulation 08.png> <./Figures/RegFile Simulation 09.png> <./Figures/RegFile Simulation 10.png>]
<Figures/RegFile Simulation 12.png, id=593, 1938.24126pt x 297.11pt>
File: Figures/RegFile Simulation 12.png Graphic file (type png)
<use Figures/RegFile Simulation 12.png>
Package pdftex.def Info: Figures/RegFile Simulation 12.png  used on input line 315.
(pdftex.def)             Requested size: 478.00812pt x 73.27086pt.

Overfull \hbox (143.68822pt too wide) in paragraph at lines 315--316
 [][] 
 []

<Figures/RegFile Simulation 13.png, id=594, 1938.24126pt x 297.11pt>
File: Figures/RegFile Simulation 13.png Graphic file (type png)
<use Figures/RegFile Simulation 13.png>
Package pdftex.def Info: Figures/RegFile Simulation 13.png  used on input line 323.
(pdftex.def)             Requested size: 478.00812pt x 73.27086pt.

Overfull \hbox (143.68822pt too wide) in paragraph at lines 323--324
 [][] 
 []

<Figures/RegFile Simulation 14.png, id=595, 1938.24126pt x 297.11pt>
File: Figures/RegFile Simulation 14.png Graphic file (type png)
<use Figures/RegFile Simulation 14.png>
Package pdftex.def Info: Figures/RegFile Simulation 14.png  used on input line 331.
(pdftex.def)             Requested size: 478.00812pt x 73.27086pt.

Overfull \hbox (143.68822pt too wide) in paragraph at lines 331--332
 [][] 
 []

<Figures/RegFile Simulation 15.png, id=596, 1938.24126pt x 297.11pt>
File: Figures/RegFile Simulation 15.png Graphic file (type png)
<use Figures/RegFile Simulation 15.png>
Package pdftex.def Info: Figures/RegFile Simulation 15.png  used on input line 339.
(pdftex.def)             Requested size: 478.00812pt x 73.27086pt.

Overfull \hbox (143.68822pt too wide) in paragraph at lines 339--340
 [][] 
 []

<Figures/RegFile Simulation 16.png, id=597, 1938.24126pt x 297.11pt>
File: Figures/RegFile Simulation 16.png Graphic file (type png)
<use Figures/RegFile Simulation 16.png>
Package pdftex.def Info: Figures/RegFile Simulation 16.png  used on input line 347.
(pdftex.def)             Requested size: 478.00812pt x 73.27086pt.

Overfull \hbox (143.68822pt too wide) in paragraph at lines 347--348
 [][] 
 []

<Figures/RegFile Simulation 17.png, id=598, 1938.24126pt x 297.11pt>
File: Figures/RegFile Simulation 17.png Graphic file (type png)
<use Figures/RegFile Simulation 17.png>
Package pdftex.def Info: Figures/RegFile Simulation 17.png  used on input line 355.
(pdftex.def)             Requested size: 478.00812pt x 73.27086pt.

Overfull \hbox (143.68822pt too wide) in paragraph at lines 355--356
 [][] 
 []

<Figures/RegFile Simulation 18.png, id=599, 1938.24126pt x 297.11pt>
File: Figures/RegFile Simulation 18.png Graphic file (type png)
<use Figures/RegFile Simulation 18.png>
Package pdftex.def Info: Figures/RegFile Simulation 18.png  used on input line 363.
(pdftex.def)             Requested size: 478.00812pt x 73.27086pt.

Overfull \hbox (143.68822pt too wide) in paragraph at lines 363--364
 [][] 
 []

<Figures/RegFile Simulation 19.png, id=600, 1938.24126pt x 297.11pt>
File: Figures/RegFile Simulation 19.png Graphic file (type png)
<use Figures/RegFile Simulation 19.png>
Package pdftex.def Info: Figures/RegFile Simulation 19.png  used on input line 371.
(pdftex.def)             Requested size: 478.00812pt x 73.27086pt.

Overfull \hbox (143.68822pt too wide) in paragraph at lines 371--372
 [][] 
 []

<Figures/RegFile Simulation 20.png, id=601, 1938.24126pt x 297.11pt>
File: Figures/RegFile Simulation 20.png Graphic file (type png)
<use Figures/RegFile Simulation 20.png>
Package pdftex.def Info: Figures/RegFile Simulation 20.png  used on input line 379.
(pdftex.def)             Requested size: 478.00812pt x 73.27086pt.

Overfull \hbox (143.68822pt too wide) in paragraph at lines 379--380
 [][] 
 []

<Figures/RegFile Simulation 21.png, id=602, 1938.24126pt x 297.11pt>
File: Figures/RegFile Simulation 21.png Graphic file (type png)
<use Figures/RegFile Simulation 21.png>
Package pdftex.def Info: Figures/RegFile Simulation 21.png  used on input line 387.
(pdftex.def)             Requested size: 478.00812pt x 73.27086pt.

Overfull \hbox (143.68822pt too wide) in paragraph at lines 387--388
 [][] 
 []

<Figures/RegFile Simulation 22.png, id=603, 1938.24126pt x 297.11pt>
File: Figures/RegFile Simulation 22.png Graphic file (type png)
<use Figures/RegFile Simulation 22.png>
Package pdftex.def Info: Figures/RegFile Simulation 22.png  used on input line 395.
(pdftex.def)             Requested size: 478.00812pt x 73.27086pt.

Overfull \hbox (143.68822pt too wide) in paragraph at lines 395--396
 [][] 
 []

<Figures/RegFile Simulation 23.png, id=604, 1938.24126pt x 297.11pt>
File: Figures/RegFile Simulation 23.png Graphic file (type png)
<use Figures/RegFile Simulation 23.png>
Package pdftex.def Info: Figures/RegFile Simulation 23.png  used on input line 403.
(pdftex.def)             Requested size: 478.00812pt x 73.27086pt.

Overfull \hbox (143.68822pt too wide) in paragraph at lines 403--404
 [][] 
 []

<Figures/RegFile Simulation 24.png, id=605, 1938.24126pt x 297.11pt>
File: Figures/RegFile Simulation 24.png Graphic file (type png)
<use Figures/RegFile Simulation 24.png>
Package pdftex.def Info: Figures/RegFile Simulation 24.png  used on input line 411.
(pdftex.def)             Requested size: 478.00812pt x 73.27086pt.

Overfull \hbox (143.68822pt too wide) in paragraph at lines 411--412
 [][] 
 []

<Figures/RegFile Simulation 25.png, id=606, 1938.24126pt x 297.11pt>
File: Figures/RegFile Simulation 25.png Graphic file (type png)
<use Figures/RegFile Simulation 25.png>
Package pdftex.def Info: Figures/RegFile Simulation 25.png  used on input line 419.
(pdftex.def)             Requested size: 478.00812pt x 73.27086pt.

Overfull \hbox (143.68822pt too wide) in paragraph at lines 419--420
 [][] 
 []

<Figures/RegFile Simulation 26.png, id=607, 1938.24126pt x 297.11pt>
File: Figures/RegFile Simulation 26.png Graphic file (type png)
<use Figures/RegFile Simulation 26.png>
Package pdftex.def Info: Figures/RegFile Simulation 26.png  used on input line 427.
(pdftex.def)             Requested size: 478.00812pt x 73.27086pt.

Overfull \hbox (143.68822pt too wide) in paragraph at lines 427--428
 [][] 
 []

<Figures/RegFile Simulation 27.png, id=608, 1938.24126pt x 297.11pt>
File: Figures/RegFile Simulation 27.png Graphic file (type png)
<use Figures/RegFile Simulation 27.png>
Package pdftex.def Info: Figures/RegFile Simulation 27.png  used on input line 435.
(pdftex.def)             Requested size: 478.00812pt x 73.27086pt.

Overfull \hbox (143.68822pt too wide) in paragraph at lines 435--436
 [][] 
 []

[13 <./Figures/RegFile Simulation 15.png> <./Figures/RegFile Simulation 11.png> <./Figures/RegFile Simulation 12.png> <./Figures/RegFile Simulation 13.png> <./Figures/RegFile Simulation 14.png>] [14 <./Figures/RegFile Simulation 16.png> <./Figures/RegFile Simulation 17.png> <./Figures/RegFile Simulation 18.png> <./Figures/RegFile Simulation 19.png> <./Figures/RegFile Simulation 20.png> <./Figures/RegFile Simulation 21.png>] [15 <./Figures/RegFile Simulation 22.png> <./Figures/RegFile Simulation 23.png> <./Figures/RegFile Simulation 24.png> <./Figures/RegFile Simulation 25.png> <./Figures/RegFile Simulation 26.png> <./Figures/RegFile Simulation 27.png>] (/Users/ethanvosburg/Documents/git/CPE-233-Otter/HW3-RegFile/RegFile/RegFile.srcs/sources_1/new/RegFile.sv) [16] [17] 
enddocument/afterlastpage: lastpage setting LastPage.
(./HW3-RegFile - Ethan Vosburg.aux)
Package rerunfilecheck Info: File `"HW3-RegFile - Ethan Vosburg".out' has not changed.
(rerunfilecheck)             Checksum: 45BD9F550774A68A3CDE4A899434E858;1591.
Package logreq Info: Writing requests to '"HW3-RegFile - Ethan Vosburg".run.xml'.
\openout1 = `"HW3-RegFile - Ethan Vosburg.run.xml"'.

 ) 
Here is how much of TeX's memory you used:
 29165 strings out of 476025
 537734 string characters out of 5790016
 2293388 words of memory out of 5000000
 48639 multiletter control sequences out of 15000+600000
 723279 words of font info for 84 fonts, out of 8000000 for 9000
 1141 hyphenation exceptions out of 8191
 87i,12n,91p,773b,2667s stack positions out of 10000i,1000n,20000p,200000b,200000s
</usr/local/texlive/2023/texmf-dist/fonts/type1/ibm/plex/IBMPlexMono-Bold.pfb></usr/local/texlive/2023/texmf-dist/fonts/type1/ibm/plex/IBMPlexMono-Italic.pfb></usr/local/texlive/2023/texmf-dist/fonts/type1/ibm/plex/IBMPlexMono.pfb></usr/local/texlive/2023/texmf-dist/fonts/type1/ibm/plex/IBMPlexSans-Bold.pfb></usr/local/texlive/2023/texmf-dist/fonts/type1/ibm/plex/IBMPlexSans-BoldItalic.pfb></usr/local/texlive/2023/texmf-dist/fonts/type1/ibm/plex/IBMPlexSans-Italic.pfb></usr/local/texlive/2023/texmf-dist/fonts/type1/ibm/plex/IBMPlexSans-SemiBold.pfb></usr/local/texlive/2023/texmf-dist/fonts/type1/ibm/plex/IBMPlexSans.pfb>
Output written on "HW3-RegFile - Ethan Vosburg.pdf" (17 pages, 6080084 bytes).
PDF statistics:
 868 PDF objects out of 1000 (max. 8388607)
 750 compressed objects within 8 object streams
 510 named destinations out of 1000 (max. 500000)
 252 words of extra memory for PDF output out of 10000 (max. 10000000)

