This is e-upTeX, Version 3.141592653-p4.1.1-u1.30-230214-2.6 (utf8.uptex) (TeX Live 2024) (preloaded format=euptex 2024.4.11)  27 NOV 2024 15:00
entering extended mode
 restricted \write18 enabled.
 %&-line parsing enabled.
**Report.tex
(./Report.tex
! Undefined control sequence.
l.22 \documentclass
                   [
? 
! Undefined control sequence.
l.28     \addbibresource
                        {sample.bib} % BibLaTeX bibliography file
? 
! Undefined control sequence.
l.34 \reporttitle
                 {CPE 233 Hardware Assignment 1} % The report title is to ap...

? 
! Undefined control sequence.
l.36 \reportsubtitle
                    {Reverse Engineering and Testing ROM} % Report subtitle,...

? 
! Undefined control sequence.
l.38 \reportauthors
                   {Report by:\\\smallskip Ethan Vosburg (evosburg@calpoly.e...

? 
! Argument of \\ has an extra }.
<inserted text> 
                \par 
<to be read again> 
                   }
l.38 ...skip Ethan Vosburg (evosburg@calpoly.edu)}
                                                   % Report authors/group/de...

? 
Runaway argument?
\smallskip Ethan Vosburg (evosburg@calpoly.edu)
! Paragraph ended before \\ was complete.
<to be read again> 
                   \par 
<to be read again> 
                   }
l.38 ...skip Ethan Vosburg (evosburg@calpoly.edu)}
                                                   % Report authors/group/de...

? 
! Undefined control sequence.
l.40 \reportdate
                {\today} % Report date, include new lines for additional inf...

? 
! Undefined control sequence.
l.40 \reportdate{\today
                       } % Report date, include new lines for additional inf...

? 
! Undefined control sequence.
l.42 \rightheadercontent
                        {\includegraphics[width=3cm]{creodocs_logo.pdf}} % T...

? 
! Undefined control sequence.
l.42 \rightheadercontent{\includegraphics
                                         [width=3cm]{creodocs_logo.pdf}} % T...

? 
! Missing $ inserted.
<inserted text> 
                $
<to be read again> 
                   _
l.42 ...tent{\includegraphics[width=3cm]{creodocs_
                                                  logo.pdf}} % The content i...

? 
! Extra }, or forgotten $.
l.42 ...ludegraphics[width=3cm]{creodocs_logo.pdf}
                                                  } % The content in the rig...

? 
! Extra }, or forgotten $.
l.42 ...udegraphics[width=3cm]{creodocs_logo.pdf}}
                                                   % The content in the righ...

? 
! Missing $ inserted.
<inserted text> 
                $
<to be read again> 
                   \par 
l.43 
     
? 
! Undefined control sequence.
l.46 \begin
           {document}
? 
! Undefined control sequence.
l.52 \thispagestyle
                   {empty} % Suppress headers and footers on this page
? 
! Undefined control sequence.
l.54 \begin
           {fullwidth} % Use the whole page width
? 
! Undefined control sequence.
l.55 ^^I\vspace
               *{-0.075\textheight} % Pull logo into the top margin
? 
! Undefined control sequence.
l.55 ^^I\vspace*{-0.075\textheight
                                  } % Pull logo into the top margin
? 
! Undefined control sequence.
l.57 ^^I\hfill\includegraphics
                              [width=5cm]{creodocs_logo.pdf} % Company logo
? 
! Missing $ inserted.
<inserted text> 
                $
<to be read again> 
                   _
l.57 ...hfill\includegraphics[width=5cm]{creodocs_
                                                  logo.pdf} % Company logo
? 
! Extra }, or forgotten $.
l.57 ...ludegraphics[width=5cm]{creodocs_logo.pdf}
                                                   % Company logo
? 
! Missing $ inserted.
<inserted text> 
                $
<to be read again> 
                   \par 
l.58 
     
? 
! Undefined control sequence.
l.59 ^^I\vspace
               {0.15\textheight} % Vertical whitespace
? 
! Undefined control sequence.
l.59 ^^I\vspace{0.15\textheight
                               } % Vertical whitespace
? 
! Undefined control sequence.
l.61 ^^I\parbox
               {0.9\fulltextwidth}{\fontsize{50pt}{52pt}\selectfont\raggedri...

? 
! Undefined control sequence.
l.61 ^^I\parbox{0.9\fulltextwidth
                                 }{\fontsize{50pt}{52pt}\selectfont\raggedri...

? 
! Undefined control sequence.
l.61 ^^I\parbox{0.9\fulltextwidth}{\fontsize
                                            {50pt}{52pt}\selectfont\raggedri...

? 
! Undefined control sequence.
l.61 ...extwidth}{\fontsize{50pt}{52pt}\selectfont
                                                  \raggedright\textbf{\repor...

? 
! Undefined control sequence.
l.61 ...{50pt}{52pt}\selectfont\raggedright\textbf
                                                  {\reporttitle}\par} % Repo...

? 
! Undefined control sequence.
l.61 ...selectfont\raggedright\textbf{\reporttitle
                                                  }\par} % Report title, int...

? 
! Undefined control sequence.
l.63 ^^I\vspace
               {0.03\textheight} % Vertical whitespace
? 
! Undefined control sequence.
l.63 ^^I\vspace{0.03\textheight
                               } % Vertical whitespace
? 
! Undefined control sequence.
l.65 ^^I{\LARGE
               \textit{\textbf{\reportsubtitle}}\par} % Subtitle
? 
! Undefined control sequence.
l.65 ^^I{\LARGE\textit
                      {\textbf{\reportsubtitle}}\par} % Subtitle
? 
! Undefined control sequence.
l.65 ^^I{\LARGE\textit{\textbf
                              {\reportsubtitle}}\par} % Subtitle
? 
! Undefined control sequence.
l.65 ^^I{\LARGE\textit{\textbf{\reportsubtitle
                                              }}\par} % Subtitle
? 
! Undefined control sequence.
l.69 ^^I{\Large
               \reportauthors\par} % Report authors, group or department
? 
! Undefined control sequence.
l.69 ^^I{\Large\reportauthors
                             \par} % Report authors, group or department
? 
! Undefined control sequence.
l.73 ^^I{\large
               \reportdate\par} % Report date
? 
! Undefined control sequence.
l.73 ^^I{\large\reportdate
                          \par} % Report date
? 
[1] )
(\end occurred inside a group at level 3)

### simple group (level 3) entered at line 57 ({)
### simple group (level 2) entered at line 42 ({)
### simple group (level 1) entered at line 42 ({)
### bottom level
Output written on Report.dvi (1 page, 708 bytes).
