This is pdfTeX, Version 3.141592653-2.6-1.40.25 (TeX Live 2023) (preloaded format=pdflatex 2023.10.28)  9 FEB 2024 23:54
entering extended mode
 restricted \write18 enabled.
 file:line:error style messages enabled.
 %&-line parsing enabled.
**"/Users/ethanvosburg/Documents/git/CPE-233-Otter/HW5-BranchingHardware/HW5-Report/HW5-BranchingHardware - Ethan Vosburg.tex"
(/Users/ethanvosburg/Documents/git/CPE-233-Otter/HW5-BranchingHardware/HW5-Report/HW5-BranchingHardware - Ethan Vosburg.tex
LaTeX2e <2022-11-01> patch level 1
L3 programming layer <2023-02-22> (./CSSullivanBusinessReport.cls
Document Class: CSSullivanBusinessReport 2022/05/05 Creodocs Sullivan Business Report Class v1.0
(/usr/local/texlive/2023/texmf-dist/tex/latex/etoolbox/etoolbox.sty
Package: etoolbox 2020/10/05 v2.5k e-TeX tools for LaTeX (JAW)
\etb@tempcnta=\count185
) (/usr/local/texlive/2023/texmf-dist/tex/latex/base/article.cls
Document Class: article 2022/07/02 v1.4n Standard LaTeX document class
(/usr/local/texlive/2023/texmf-dist/tex/latex/base/size12.clo
File: size12.clo 2022/07/02 v1.4n Standard LaTeX file (size option)
)
\c@part=\count186
\c@section=\count187
\c@subsection=\count188
\c@subsubsection=\count189
\c@paragraph=\count190
\c@subparagraph=\count191
\c@figure=\count192
\c@table=\count193
\abovecaptionskip=\skip48
\belowcaptionskip=\skip49
\bibindent=\dimen140
) (/usr/local/texlive/2023/texmf-dist/tex/latex/graphics/graphicx.sty
Package: graphicx 2021/09/16 v1.2d Enhanced LaTeX Graphics (DPC,SPQR)
 (/usr/local/texlive/2023/texmf-dist/tex/latex/graphics/keyval.sty
Package: keyval 2022/05/29 v1.15 key=value parser (DPC)
\KV@toks@=\toks16
) (/usr/local/texlive/2023/texmf-dist/tex/latex/graphics/graphics.sty
Package: graphics 2022/03/10 v1.4e Standard LaTeX Graphics (DPC,SPQR)
 (/usr/local/texlive/2023/texmf-dist/tex/latex/graphics/trig.sty
Package: trig 2021/08/11 v1.11 sin cos tan (DPC)
) (/usr/local/texlive/2023/texmf-dist/tex/latex/graphics-cfg/graphics.cfg
File: graphics.cfg 2016/06/04 v1.11 sample graphics configuration
)
Package graphics Info: Driver file: pdftex.def on input line 107.
 (/usr/local/texlive/2023/texmf-dist/tex/latex/graphics-def/pdftex.def
File: pdftex.def 2022/09/22 v1.2b Graphics/color driver for pdftex
))
\Gin@req@height=\dimen141
\Gin@req@width=\dimen142
) (/usr/local/texlive/2023/texmf-dist/tex/latex/footmisc/footmisc.sty
Package: footmisc 2022/03/08 v6.0d a miscellany of footnote facilities
\FN@temptoken=\toks17
\footnotemargin=\dimen143
\@outputbox@depth=\dimen144
Package footmisc Info: Declaring symbol style bringhurst on input line 695.
Package footmisc Info: Declaring symbol style chicago on input line 703.
Package footmisc Info: Declaring symbol style wiley on input line 712.
Package footmisc Info: Declaring symbol style lamport-robust on input line 723.
Package footmisc Info: Declaring symbol style lamport* on input line 743.
Package footmisc Info: Declaring symbol style lamport*-robust on input line 764.
) (/usr/local/texlive/2023/texmf-dist/tex/latex/ragged2e/ragged2e.sty
Package: ragged2e 2023/02/25 v3.4 ragged2e Package
\CenteringLeftskip=\skip50
\RaggedLeftLeftskip=\skip51
\RaggedRightLeftskip=\skip52
\CenteringRightskip=\skip53
\RaggedLeftRightskip=\skip54
\RaggedRightRightskip=\skip55
\CenteringParfillskip=\skip56
\RaggedLeftParfillskip=\skip57
\RaggedRightParfillskip=\skip58
\JustifyingParfillskip=\skip59
\CenteringParindent=\skip60
\RaggedLeftParindent=\skip61
\RaggedRightParindent=\skip62
\JustifyingParindent=\skip63
) (/usr/local/texlive/2023/texmf-dist/tex/latex/lastpage/lastpage.sty
Package: lastpage 2023/03/07 v2.0a lastpage: 2.09 or 2e? (HMM)
 (/usr/local/texlive/2023/texmf-dist/tex/latex/lastpage/lastpage2e.sty
Package: lastpage2e 2023/03/07 v2.0a Decide which 2e lastpage version to use (HMM)
 (/usr/local/texlive/2023/texmf-dist/tex/latex/lastpage/lastpagemodern.sty
Package: lastpagemodern 2023-03-07 v2.0a Refers to last page's name (HMM; JPG)
) 
)) (/usr/local/texlive/2023/texmf-dist/tex/latex/appendix/appendix.sty
Package: appendix 2020/02/08 v1.2c extra appendix facilities
\c@@pps=\count194
\c@@ppsavesec=\count195
\c@@ppsaveapp=\count196
) (/usr/local/texlive/2023/texmf-dist/tex/latex/float/float.sty
Package: float 2001/11/08 v1.3d Float enhancements (AL)
\c@float@type=\count197
\float@exts=\toks18
\float@box=\box51
\@float@everytoks=\toks19
\@floatcapt=\box52
) (/usr/local/texlive/2023/texmf-dist/tex/latex/pgf/utilities/pgffor.sty (/usr/local/texlive/2023/texmf-dist/tex/latex/pgf/utilities/pgfrcs.sty (/usr/local/texlive/2023/texmf-dist/tex/generic/pgf/utilities/pgfutil-common.tex
\pgfutil@everybye=\toks20
\pgfutil@tempdima=\dimen145
\pgfutil@tempdimb=\dimen146
) (/usr/local/texlive/2023/texmf-dist/tex/generic/pgf/utilities/pgfutil-latex.def
\pgfutil@abb=\box53
) (/usr/local/texlive/2023/texmf-dist/tex/generic/pgf/utilities/pgfrcs.code.tex (/usr/local/texlive/2023/texmf-dist/tex/generic/pgf/pgf.revision.tex)
Package: pgfrcs 2023-01-15 v3.1.10 (3.1.10)
)) (/usr/local/texlive/2023/texmf-dist/tex/latex/pgf/utilities/pgfkeys.sty (/usr/local/texlive/2023/texmf-dist/tex/generic/pgf/utilities/pgfkeys.code.tex
\pgfkeys@pathtoks=\toks21
\pgfkeys@temptoks=\toks22
 (/usr/local/texlive/2023/texmf-dist/tex/generic/pgf/utilities/pgfkeyslibraryfiltered.code.tex
\pgfkeys@tmptoks=\toks23
))) (/usr/local/texlive/2023/texmf-dist/tex/latex/pgf/math/pgfmath.sty (/usr/local/texlive/2023/texmf-dist/tex/generic/pgf/math/pgfmath.code.tex (/usr/local/texlive/2023/texmf-dist/tex/generic/pgf/math/pgfmathutil.code.tex
\pgf@x=\dimen147
\pgf@xa=\dimen148
\pgf@xb=\dimen149
\pgf@xc=\dimen150
\pgf@y=\dimen151
\pgf@ya=\dimen152
\pgf@yb=\dimen153
\pgf@yc=\dimen154
\c@pgf@counta=\count198
\c@pgf@countb=\count199
\c@pgf@countc=\count266
\c@pgf@countd=\count267
) (/usr/local/texlive/2023/texmf-dist/tex/generic/pgf/math/pgfmathparser.code.tex
\pgfmath@dimen=\dimen155
\pgfmath@count=\count268
\pgfmath@box=\box54
\pgfmath@toks=\toks24
\pgfmath@stack@operand=\toks25
\pgfmath@stack@operation=\toks26
) (/usr/local/texlive/2023/texmf-dist/tex/generic/pgf/math/pgfmathfunctions.code.tex) (/usr/local/texlive/2023/texmf-dist/tex/generic/pgf/math/pgfmathfunctions.basic.code.tex) (/usr/local/texlive/2023/texmf-dist/tex/generic/pgf/math/pgfmathfunctions.trigonometric.code.tex) (/usr/local/texlive/2023/texmf-dist/tex/generic/pgf/math/pgfmathfunctions.random.code.tex) (/usr/local/texlive/2023/texmf-dist/tex/generic/pgf/math/pgfmathfunctions.comparison.code.tex) (/usr/local/texlive/2023/texmf-dist/tex/generic/pgf/math/pgfmathfunctions.base.code.tex) (/usr/local/texlive/2023/texmf-dist/tex/generic/pgf/math/pgfmathfunctions.round.code.tex) (/usr/local/texlive/2023/texmf-dist/tex/generic/pgf/math/pgfmathfunctions.misc.code.tex) (/usr/local/texlive/2023/texmf-dist/tex/generic/pgf/math/pgfmathfunctions.integerarithmetics.code.tex) (/usr/local/texlive/2023/texmf-dist/tex/generic/pgf/math/pgfmathcalc.code.tex) (/usr/local/texlive/2023/texmf-dist/tex/generic/pgf/math/pgfmathfloat.code.tex
\c@pgfmathroundto@lastzeros=\count269
))) (/usr/local/texlive/2023/texmf-dist/tex/generic/pgf/utilities/pgffor.code.tex
Package: pgffor 2023-01-15 v3.1.10 (3.1.10)
\pgffor@iter=\dimen156
\pgffor@skip=\dimen157
\pgffor@stack=\toks27
\pgffor@toks=\toks28
)) (/usr/local/texlive/2023/texmf-dist/tex/latex/adjustbox/adjustbox.sty
Package: adjustbox 2022/10/17 v1.3a Adjusting TeX boxes (trim, clip, ...)
 (/usr/local/texlive/2023/texmf-dist/tex/latex/xkeyval/xkeyval.sty
Package: xkeyval 2022/06/16 v2.9 package option processing (HA)
 (/usr/local/texlive/2023/texmf-dist/tex/generic/xkeyval/xkeyval.tex (/usr/local/texlive/2023/texmf-dist/tex/generic/xkeyval/xkvutils.tex
\XKV@toks=\toks29
\XKV@tempa@toks=\toks30
)
\XKV@depth=\count270
File: xkeyval.tex 2014/12/03 v2.7a key=value parser (HA)
)) (/usr/local/texlive/2023/texmf-dist/tex/latex/adjustbox/adjcalc.sty
Package: adjcalc 2012/05/16 v1.1 Provides advanced setlength with multiple back-ends (calc, etex, pgfmath)
) (/usr/local/texlive/2023/texmf-dist/tex/latex/adjustbox/trimclip.sty
Package: trimclip 2020/08/19 v1.2 Trim and clip general TeX material
 (/usr/local/texlive/2023/texmf-dist/tex/latex/collectbox/collectbox.sty
Package: collectbox 2022/10/17 v0.4c Collect macro arguments as boxes
\collectedbox=\box55
)
\tc@llx=\dimen158
\tc@lly=\dimen159
\tc@urx=\dimen160
\tc@ury=\dimen161
Package trimclip Info: Using driver 'tc-pdftex.def'.
 (/usr/local/texlive/2023/texmf-dist/tex/latex/adjustbox/tc-pdftex.def
File: tc-pdftex.def 2019/01/04 v2.2 Clipping driver for pdftex
))
\adjbox@Width=\dimen162
\adjbox@Height=\dimen163
\adjbox@Depth=\dimen164
\adjbox@Totalheight=\dimen165
\adjbox@pwidth=\dimen166
\adjbox@pheight=\dimen167
\adjbox@pdepth=\dimen168
\adjbox@ptotalheight=\dimen169
 (/usr/local/texlive/2023/texmf-dist/tex/latex/ifoddpage/ifoddpage.sty
Package: ifoddpage 2022/10/18 v1.2 Conditionals for odd/even page detection
\c@checkoddpage=\count271
) (/usr/local/texlive/2023/texmf-dist/tex/latex/varwidth/varwidth.sty
Package: varwidth 2009/03/30 ver 0.92;  Variable-width minipages
\@vwid@box=\box56
\sift@deathcycles=\count272
\@vwid@loff=\dimen170
\@vwid@roff=\dimen171
)) (/usr/local/texlive/2023/texmf-dist/tex/latex/geometry/geometry.sty
Package: geometry 2020/01/02 v5.9 Page Geometry
 (/usr/local/texlive/2023/texmf-dist/tex/generic/iftex/ifvtex.sty
Package: ifvtex 2019/10/25 v1.7 ifvtex legacy package. Use iftex instead.
 (/usr/local/texlive/2023/texmf-dist/tex/generic/iftex/iftex.sty
Package: iftex 2022/02/03 v1.0f TeX engine tests
))
\Gm@cnth=\count273
\Gm@cntv=\count274
\c@Gm@tempcnt=\count275
\Gm@bindingoffset=\dimen172
\Gm@wd@mp=\dimen173
\Gm@odd@mp=\dimen174
\Gm@even@mp=\dimen175
\Gm@layoutwidth=\dimen176
\Gm@layoutheight=\dimen177
\Gm@layouthoffset=\dimen178
\Gm@layoutvoffset=\dimen179
\Gm@dimlist=\toks31
) (/usr/local/texlive/2023/texmf-dist/tex/latex/sidenotes/sidenotes.sty (/usr/local/texlive/2023/texmf-dist/tex/latex/l3packages/l3keys2e/l3keys2e.sty (/usr/local/texlive/2023/texmf-dist/tex/latex/l3kernel/expl3.sty
Package: expl3 2023-02-22 L3 programming layer (loader) 
 (/usr/local/texlive/2023/texmf-dist/tex/latex/l3backend/l3backend-pdftex.def
File: l3backend-pdftex.def 2023-01-16 L3 backend support: PDF output (pdfTeX)
\l__color_backend_stack_int=\count276
\l__pdf_internal_box=\box57
))
Package: l3keys2e 2023-02-02 LaTeX2e option processing using LaTeX3 keys
)
Package: sidenotes 2016/04/21 v1.00 rich text in the margin for LaTeX
 (/usr/local/texlive/2023/texmf-dist/tex/latex/marginnote/marginnote.sty
Package: marginnote 2018/08/09 v1.4b non floating margin notes for LaTeX
\c@mn@abspage=\count277
) (/usr/local/texlive/2023/texmf-dist/tex/latex/caption/caption.sty
Package: caption 2023/03/12 v3.6j Customizing captions (AR)
 (/usr/local/texlive/2023/texmf-dist/tex/latex/caption/caption3.sty
Package: caption3 2023/03/12 v2.4 caption3 kernel (AR)
\caption@tempdima=\dimen180
\captionmargin=\dimen181
\caption@leftmargin=\dimen182
\caption@rightmargin=\dimen183
\caption@width=\dimen184
\caption@indent=\dimen185
\caption@parindent=\dimen186
\caption@hangindent=\dimen187
Package caption Info: Standard document class detected.
)
\c@caption@flags=\count278
\c@continuedfloat=\count279
Package caption Info: float package is loaded.
) (/usr/local/texlive/2023/texmf-dist/tex/latex/l3packages/xparse/xparse.sty
Package: xparse 2023-02-02 L3 Experimental document command parser
) (/usr/local/texlive/2023/texmf-dist/tex/latex/changepage/changepage.sty
Package: changepage 2009/10/20 v1.0c check page and change page layout
\c@cp@cntr=\count280
\cp@tempcnt=\count281
LaTeX Info: Redefining \checkoddpage on input line 59.
)
\c@sidenote=\count282
\@sidenotes@marginfigurebox=\box58
\@sidenotes@margintablebox=\box59
)
\fulltextwidth=\skip64
 (/usr/local/texlive/2023/texmf-dist/tex/latex/base/inputenc.sty
Package: inputenc 2021/02/14 v1.3d Input encoding file
\inpenc@prehook=\toks32
\inpenc@posthook=\toks33
) (/usr/local/texlive/2023/texmf-dist/tex/latex/base/fontenc.sty
Package: fontenc 2021/04/29 v2.0v Standard LaTeX package
) (/usr/local/texlive/2023/texmf-dist/tex/latex/psnfss/mathpazo.sty
Package: mathpazo 2020/03/25 PSNFSS-v9.3 Palatino w/ Pazo Math (D.Puga, WaS) 
\symupright=\mathgroup4
) (/usr/local/texlive/2023/texmf-dist/tex/latex/plex/plex-sans.sty
Package: plex-sans 2022/09/123 (Bob Tennent) Style file for IBMPlexSans fonts
 (/usr/local/texlive/2023/texmf-dist/tex/generic/iftex/ifxetex.sty
Package: ifxetex 2019/10/25 v0.7 ifxetex legacy package. Use iftex instead.
) (/usr/local/texlive/2023/texmf-dist/tex/generic/iftex/ifluatex.sty
Package: ifluatex 2019/10/25 v1.5 ifluatex legacy package. Use iftex instead.
) (/usr/local/texlive/2023/texmf-dist/tex/latex/base/textcomp.sty
Package: textcomp 2020/02/02 v2.0n Standard LaTeX package
) (/usr/local/texlive/2023/texmf-dist/tex/latex/base/fontenc.sty
Package: fontenc 2021/04/29 v2.0v Standard LaTeX package
LaTeX Font Info:    Trying to load font information for T1+ppl on input line 112.
 (/usr/local/texlive/2023/texmf-dist/tex/latex/psnfss/t1ppl.fd
File: t1ppl.fd 2001/06/04 font definitions for T1/ppl.
)) (/usr/local/texlive/2023/texmf-dist/tex/latex/fontaxes/fontaxes.sty
Package: fontaxes 2020/07/21 v1.0e Font selection axes
LaTeX Info: Redefining \upshape on input line 29.
LaTeX Info: Redefining \itshape on input line 31.
LaTeX Info: Redefining \slshape on input line 33.
LaTeX Info: Redefining \swshape on input line 35.
LaTeX Info: Redefining \scshape on input line 37.
LaTeX Info: Redefining \sscshape on input line 39.
LaTeX Info: Redefining \ulcshape on input line 41.
LaTeX Info: Redefining \textsw on input line 47.
LaTeX Info: Redefining \textssc on input line 48.
LaTeX Info: Redefining \textulc on input line 49.
)) (/usr/local/texlive/2023/texmf-dist/tex/latex/plex/plex-serif.sty
Package: plex-serif 2022/09/23 (Bob Tennent) Style file for IBMPlexSerif fonts
 (/usr/local/texlive/2023/texmf-dist/tex/latex/base/fontenc.sty
Package: fontenc 2021/04/29 v2.0v Standard LaTeX package
LaTeX Font Info:    Trying to load font information for T1+IBMPlexSans-TLF on input line 112.
 (/usr/local/texlive/2023/texmf-dist/tex/latex/plex/T1IBMPlexSans-TLF.fd
File: T1IBMPlexSans-TLF.fd 2019/12/06 (autoinst) Font definitions for T1/IBMPlexSans-TLF.
)
LaTeX Font Info:    Font shape `T1/IBMPlexSans-TLF/m/n' aliased to
(Font)              `T1/IBMPlexSans-TLF/regular/n' on input line 112.
LaTeX Font Info:    Font shape `T1/IBMPlexSans-TLF/regular/n' will be
(Font)              scaled to size 12.0pt on input line 112.
)
LaTeX Info: Redefining \textsu on input line 80.
) (/usr/local/texlive/2023/texmf-dist/tex/latex/plex/plex-mono.sty
Package: plex-mono 2022/09/23 (Bob Tennent) Style file for IBMPlexMono fonts
 (/usr/local/texlive/2023/texmf-dist/tex/latex/base/fontenc.sty
Package: fontenc 2021/04/29 v2.0v Standard LaTeX package
)) (/usr/local/texlive/2023/texmf-dist/tex/latex/fancyhdr/fancyhdr.sty
Package: fancyhdr 2022/11/09 v4.1 Extensive control of page headers and footers
\f@nch@headwidth=\skip65
\f@nch@O@elh=\skip66
\f@nch@O@erh=\skip67
\f@nch@O@olh=\skip68
\f@nch@O@orh=\skip69
\f@nch@O@elf=\skip70
\f@nch@O@erf=\skip71
\f@nch@O@olf=\skip72
\f@nch@O@orf=\skip73
) (/usr/local/texlive/2023/texmf-dist/tex/latex/tools/calc.sty
Package: calc 2017/05/25 v4.3 Infix arithmetic (KKT,FJ)
\calc@Acount=\count283
\calc@Bcount=\count284
\calc@Adimen=\dimen188
\calc@Bdimen=\dimen189
\calc@Askip=\skip74
\calc@Bskip=\skip75
LaTeX Info: Redefining \setlength on input line 80.
LaTeX Info: Redefining \addtolength on input line 81.
\calc@Ccount=\count285
\calc@Cskip=\skip76
)
\marginoffset=\skip77
 (/usr/local/texlive/2023/texmf-dist/tex/latex/titlesec/titlesec.sty
Package: titlesec 2021/07/05 v2.14 Sectioning titles
\ttl@box=\box60
\beforetitleunit=\skip78
\aftertitleunit=\skip79
\ttl@plus=\dimen190
\ttl@minus=\dimen191
\ttl@toksa=\toks34
\titlewidth=\dimen192
\titlewidthlast=\dimen193
\titlewidthfirst=\dimen194
) (/usr/local/texlive/2023/texmf-dist/tex/latex/titlesec/titletoc.sty
Package: titletoc 2021/07/05 v2.14 TOC entries
\ttl@leftsep=\dimen195
) (/usr/local/texlive/2023/texmf-dist/tex/latex/xcolor/xcolor.sty
Package: xcolor 2022/06/12 v2.14 LaTeX color extensions (UK)
 (/usr/local/texlive/2023/texmf-dist/tex/latex/graphics-cfg/color.cfg
File: color.cfg 2016/01/02 v1.6 sample color configuration
)
Package xcolor Info: Package option `usenames' ignored on input line 218.
Package xcolor Info: Driver file: pdftex.def on input line 227.
 (/usr/local/texlive/2023/texmf-dist/tex/latex/graphics/mathcolor.ltx)
Package xcolor Info: Model `cmy' substituted by `cmy0' on input line 1353.
Package xcolor Info: Model `hsb' substituted by `rgb' on input line 1357.
Package xcolor Info: Model `RGB' extended on input line 1369.
Package xcolor Info: Model `HTML' substituted by `rgb' on input line 1371.
Package xcolor Info: Model `Hsb' substituted by `hsb' on input line 1372.
Package xcolor Info: Model `tHsb' substituted by `hsb' on input line 1373.
Package xcolor Info: Model `HSB' substituted by `hsb' on input line 1374.
Package xcolor Info: Model `Gray' substituted by `gray' on input line 1375.
Package xcolor Info: Model `wave' substituted by `hsb' on input line 1376.
 (/usr/local/texlive/2023/texmf-dist/tex/latex/xcolor/svgnam.def
File: svgnam.def 2022/06/12 v2.14 Predefined colors according to SVG 1.1 (UK)
)) (/usr/local/texlive/2023/texmf-dist/tex/latex/biblatex/biblatex.sty
Package: biblatex 2023/03/05 v3.19 programmable bibliographies (PK/MW)
 (/usr/local/texlive/2023/texmf-dist/tex/generic/pdftexcmds/pdftexcmds.sty
Package: pdftexcmds 2020-06-27 v0.33 Utility functions of pdfTeX for LuaTeX (HO)
 (/usr/local/texlive/2023/texmf-dist/tex/generic/infwarerr/infwarerr.sty
Package: infwarerr 2019/12/03 v1.5 Providing info/warning/error messages (HO)
) (/usr/local/texlive/2023/texmf-dist/tex/generic/ltxcmds/ltxcmds.sty
Package: ltxcmds 2020-05-10 v1.25 LaTeX kernel commands for general use (HO)
)
Package pdftexcmds Info: \pdf@primitive is available.
Package pdftexcmds Info: \pdf@ifprimitive is available.
Package pdftexcmds Info: \pdfdraftmode found.
) (/usr/local/texlive/2023/texmf-dist/tex/latex/kvoptions/kvoptions.sty
Package: kvoptions 2022-06-15 v3.15 Key value format for package options (HO)
 (/usr/local/texlive/2023/texmf-dist/tex/latex/kvsetkeys/kvsetkeys.sty
Package: kvsetkeys 2022-10-05 v1.19 Key value parser (HO)
)) (/usr/local/texlive/2023/texmf-dist/tex/latex/logreq/logreq.sty
Package: logreq 2010/08/04 v1.0 xml request logger
\lrq@indent=\count286
 (/usr/local/texlive/2023/texmf-dist/tex/latex/logreq/logreq.def
File: logreq.def 2010/08/04 v1.0 logreq spec v1.0
)) (/usr/local/texlive/2023/texmf-dist/tex/latex/base/ifthen.sty
Package: ifthen 2022/04/13 v1.1d Standard LaTeX ifthen package (DPC)
) (/usr/local/texlive/2023/texmf-dist/tex/latex/url/url.sty
\Urlmuskip=\muskip16
Package: url 2013/09/16  ver 3.4  Verb mode for urls, etc.
)
\c@tabx@nest=\count287
\c@listtotal=\count288
\c@listcount=\count289
\c@liststart=\count290
\c@liststop=\count291
\c@citecount=\count292
\c@citetotal=\count293
\c@multicitecount=\count294
\c@multicitetotal=\count295
\c@instcount=\count296
\c@maxnames=\count297
\c@minnames=\count298
\c@maxitems=\count299
\c@minitems=\count300
\c@citecounter=\count301
\c@maxcitecounter=\count302
\c@savedcitecounter=\count303
\c@uniquelist=\count304
\c@uniquename=\count305
\c@refsection=\count306
\c@refsegment=\count307
\c@maxextratitle=\count308
\c@maxextratitleyear=\count309
\c@maxextraname=\count310
\c@maxextradate=\count311
\c@maxextraalpha=\count312
\c@abbrvpenalty=\count313
\c@highnamepenalty=\count314
\c@lownamepenalty=\count315
\c@maxparens=\count316
\c@parenlevel=\count317
\blx@tempcnta=\count318
\blx@tempcntb=\count319
\blx@tempcntc=\count320
\c@blx@maxsection=\count321
\blx@maxsegment@0=\count322
\blx@notetype=\count323
\blx@parenlevel@text=\count324
\blx@parenlevel@foot=\count325
\blx@sectionciteorder@0=\count326
\blx@sectionciteorderinternal@0=\count327
\blx@entrysetcounter=\count328
\blx@biblioinstance=\count329
\labelnumberwidth=\skip80
\labelalphawidth=\skip81
\biblabelsep=\skip82
\bibitemsep=\skip83
\bibnamesep=\skip84
\bibinitsep=\skip85
\bibparsep=\skip86
\bibhang=\skip87
\blx@bcfin=\read2
\blx@bcfout=\write3
\blx@langwohyphens=\language87
\c@mincomprange=\count330
\c@maxcomprange=\count331
\c@mincompwidth=\count332
Package biblatex Info: Trying to load biblatex default data model...
Package biblatex Info: ... file 'blx-dm.def' found.
 (/usr/local/texlive/2023/texmf-dist/tex/latex/biblatex/blx-dm.def
File: blx-dm.def 2023/03/05 v3.19 biblatex localization (PK/MW)
)
Package biblatex Info: Trying to load biblatex citestyle data model...
Package biblatex Info: ... file 'numeric.dbx' not found.
Package biblatex Info: Trying to load biblatex custom data model...
Package biblatex Info: ... file 'biblatex-dm.cfg' not found.
\c@afterword=\count333
\c@savedafterword=\count334
\c@annotator=\count335
\c@savedannotator=\count336
\c@author=\count337
\c@savedauthor=\count338
\c@bookauthor=\count339
\c@savedbookauthor=\count340
\c@commentator=\count341
\c@savedcommentator=\count342
\c@editor=\count343
\c@savededitor=\count344
\c@editora=\count345
\c@savededitora=\count346
\c@editorb=\count347
\c@savededitorb=\count348
\c@editorc=\count349
\c@savededitorc=\count350
\c@foreword=\count351
\c@savedforeword=\count352
\c@holder=\count353
\c@savedholder=\count354
\c@introduction=\count355
\c@savedintroduction=\count356
\c@namea=\count357
\c@savednamea=\count358
\c@nameb=\count359
\c@savednameb=\count360
\c@namec=\count361
\c@savednamec=\count362
\c@translator=\count363
\c@savedtranslator=\count364
\c@shortauthor=\count365
\c@savedshortauthor=\count366
\c@shorteditor=\count367
\c@savedshorteditor=\count368
\c@labelname=\count369
\c@savedlabelname=\count370
\c@institution=\count371
\c@savedinstitution=\count372
\c@lista=\count373
\c@savedlista=\count374
\c@listb=\count375
\c@savedlistb=\count376
\c@listc=\count377
\c@savedlistc=\count378
\c@listd=\count379
\c@savedlistd=\count380
\c@liste=\count381
\c@savedliste=\count382
\c@listf=\count383
\c@savedlistf=\count384
\c@location=\count385
\c@savedlocation=\count386
\c@organization=\count387
\c@savedorganization=\count388
\c@origlocation=\count389
\c@savedoriglocation=\count390
\c@origpublisher=\count391
\c@savedorigpublisher=\count392
\c@publisher=\count393
\c@savedpublisher=\count394
\c@language=\count395
\c@savedlanguage=\count396
\c@origlanguage=\count397
\c@savedoriglanguage=\count398
\c@pageref=\count399
\c@savedpageref=\count400
\shorthandwidth=\skip88
\shortjournalwidth=\skip89
\shortserieswidth=\skip90
\shorttitlewidth=\skip91
\shortauthorwidth=\skip92
\shorteditorwidth=\skip93
\locallabelnumberwidth=\skip94
\locallabelalphawidth=\skip95
\localshorthandwidth=\skip96
\localshortjournalwidth=\skip97
\localshortserieswidth=\skip98
\localshorttitlewidth=\skip99
\localshortauthorwidth=\skip100
\localshorteditorwidth=\skip101
Package biblatex Info: Trying to load compatibility code...
Package biblatex Info: ... file 'blx-compat.def' found.
 (/usr/local/texlive/2023/texmf-dist/tex/latex/biblatex/blx-compat.def
File: blx-compat.def 2023/03/05 v3.19 biblatex compatibility (PK/MW)
)
Package biblatex Info: Trying to load generic definitions...
Package biblatex Info: ... file 'biblatex.def' found.
 (/usr/local/texlive/2023/texmf-dist/tex/latex/biblatex/biblatex.def
File: biblatex.def 2023/03/05 v3.19 biblatex compatibility (PK/MW)
\c@textcitecount=\count401
\c@textcitetotal=\count402
\c@textcitemaxnames=\count403
\c@biburlbigbreakpenalty=\count404
\c@biburlbreakpenalty=\count405
\c@biburlnumpenalty=\count406
\c@biburlucpenalty=\count407
\c@biburllcpenalty=\count408
\biburlbigskip=\muskip17
\biburlnumskip=\muskip18
\biburlucskip=\muskip19
\biburllcskip=\muskip20
\c@smartand=\count409
)
Package biblatex Info: Trying to load bibliography style 'numeric'...
Package biblatex Info: ... file 'numeric.bbx' found.
 (/usr/local/texlive/2023/texmf-dist/tex/latex/biblatex/bbx/numeric.bbx
File: numeric.bbx 2023/03/05 v3.19 biblatex bibliography style (PK/MW)
Package biblatex Info: Trying to load bibliography style 'standard'...
Package biblatex Info: ... file 'standard.bbx' found.
 (/usr/local/texlive/2023/texmf-dist/tex/latex/biblatex/bbx/standard.bbx
File: standard.bbx 2023/03/05 v3.19 biblatex bibliography style (PK/MW)
\c@bbx:relatedcount=\count410
\c@bbx:relatedtotal=\count411
))
Package biblatex Info: Trying to load citation style 'numeric'...
Package biblatex Info: ... file 'numeric.cbx' found.
 (/usr/local/texlive/2023/texmf-dist/tex/latex/biblatex/cbx/numeric.cbx
File: numeric.cbx 2023/03/05 v3.19 biblatex citation style (PK/MW)
Package biblatex Info: Redefining '\cite'.
Package biblatex Info: Redefining '\parencite'.
Package biblatex Info: Redefining '\footcite'.
Package biblatex Info: Redefining '\footcitetext'.
Package biblatex Info: Redefining '\smartcite'.
Package biblatex Info: Redefining '\supercite'.
Package biblatex Info: Redefining '\textcite'.
Package biblatex Info: Redefining '\textcites'.
Package biblatex Info: Redefining '\cites'.
Package biblatex Info: Redefining '\parencites'.
Package biblatex Info: Redefining '\smartcites'.
)
Package biblatex Info: Trying to load configuration file...
Package biblatex Info: ... file 'biblatex.cfg' found.
 (/usr/local/texlive/2023/texmf-dist/tex/latex/biblatex/biblatex.cfg
File: biblatex.cfg 
)
Package biblatex Info: Input encoding 'utf8' detected.
Package biblatex Info: Document encoding is UTF8 ....
Package biblatex Info: ... and expl3
(biblatex)             2023-02-22 L3 programming layer (loader) 
(biblatex)             is new enough (at least 2020/04/06),
(biblatex)             setting 'casechanger=expl3'.
 (/usr/local/texlive/2023/texmf-dist/tex/latex/biblatex/blx-case-expl3.sty
Package: blx-case-expl3 2023/03/05 v3.19 expl3 case changing code for biblatex
)) (/usr/local/texlive/2023/texmf-dist/tex/latex/booktabs/booktabs.sty
Package: booktabs 2020/01/12 v1.61803398 Publication quality tables
\heavyrulewidth=\dimen196
\lightrulewidth=\dimen197
\cmidrulewidth=\dimen198
\belowrulesep=\dimen199
\belowbottomsep=\dimen256
\aboverulesep=\dimen257
\abovetopsep=\dimen258
\cmidrulesep=\dimen259
\cmidrulekern=\dimen260
\defaultaddspace=\dimen261
\@cmidla=\count412
\@cmidlb=\count413
\@aboverulesep=\dimen262
\@belowrulesep=\dimen263
\@thisruleclass=\count414
\@lastruleclass=\count415
\@thisrulewidth=\dimen264
) (/usr/local/texlive/2023/texmf-dist/tex/latex/tools/array.sty
Package: array 2022/09/04 v2.5g Tabular extension package (FMi)
\col@sep=\dimen265
\ar@mcellbox=\box61
\extrarowheight=\dimen266
\NC@list=\toks35
\extratabsurround=\skip102
\backup@length=\skip103
\ar@cellbox=\box62
) (/usr/local/texlive/2023/texmf-dist/tex/latex/enumitem/enumitem.sty
Package: enumitem 2019/06/20 v3.9 Customized lists
\labelindent=\skip104
\enit@outerparindent=\dimen267
\enit@toks=\toks36
\enit@inbox=\box63
\enit@count@id=\count416
\enitdp@description=\count417
) (/usr/local/texlive/2023/texmf-dist/tex/latex/hyperref/hyperref.sty
Package: hyperref 2023-02-07 v7.00v Hypertext links for LaTeX
 (/usr/local/texlive/2023/texmf-dist/tex/generic/kvdefinekeys/kvdefinekeys.sty
Package: kvdefinekeys 2019-12-19 v1.6 Define keys (HO)
) (/usr/local/texlive/2023/texmf-dist/tex/generic/pdfescape/pdfescape.sty
Package: pdfescape 2019/12/09 v1.15 Implements pdfTeX's escape features (HO)
) (/usr/local/texlive/2023/texmf-dist/tex/latex/hycolor/hycolor.sty
Package: hycolor 2020-01-27 v1.10 Color options for hyperref/bookmark (HO)
) (/usr/local/texlive/2023/texmf-dist/tex/latex/letltxmacro/letltxmacro.sty
Package: letltxmacro 2019/12/03 v1.6 Let assignment for LaTeX macros (HO)
) (/usr/local/texlive/2023/texmf-dist/tex/latex/auxhook/auxhook.sty
Package: auxhook 2019-12-17 v1.6 Hooks for auxiliary files (HO)
) (/usr/local/texlive/2023/texmf-dist/tex/latex/hyperref/nameref.sty
Package: nameref 2022-05-17 v2.50 Cross-referencing by name of section
 (/usr/local/texlive/2023/texmf-dist/tex/latex/refcount/refcount.sty
Package: refcount 2019/12/15 v3.6 Data extraction from label references (HO)
) (/usr/local/texlive/2023/texmf-dist/tex/generic/gettitlestring/gettitlestring.sty
Package: gettitlestring 2019/12/15 v1.6 Cleanup title references (HO)
)
\c@section@level=\count418
)
\@linkdim=\dimen268
\Hy@linkcounter=\count419
\Hy@pagecounter=\count420
 (/usr/local/texlive/2023/texmf-dist/tex/latex/hyperref/pd1enc.def
File: pd1enc.def 2023-02-07 v7.00v Hyperref: PDFDocEncoding definition (HO)
Now handling font encoding PD1 ...
... no UTF-8 mapping file for font encoding PD1
) (/usr/local/texlive/2023/texmf-dist/tex/generic/intcalc/intcalc.sty
Package: intcalc 2019/12/15 v1.3 Expandable calculations with integers (HO)
) (/usr/local/texlive/2023/texmf-dist/tex/generic/etexcmds/etexcmds.sty
Package: etexcmds 2019/12/15 v1.7 Avoid name clashes with e-TeX commands (HO)
)
\Hy@SavedSpaceFactor=\count421
 (/usr/local/texlive/2023/texmf-dist/tex/latex/hyperref/puenc.def
File: puenc.def 2023-02-07 v7.00v Hyperref: PDF Unicode definition (HO)
Now handling font encoding PU ...
... no UTF-8 mapping file for font encoding PU
)
Package hyperref Info: Hyper figures OFF on input line 4177.
Package hyperref Info: Link nesting OFF on input line 4182.
Package hyperref Info: Hyper index ON on input line 4185.
Package hyperref Info: Plain pages OFF on input line 4192.
Package hyperref Info: Backreferencing OFF on input line 4197.
Package hyperref Info: Implicit mode ON; LaTeX internals redefined.
Package hyperref Info: Bookmarks ON on input line 4425.
\c@Hy@tempcnt=\count422
LaTeX Info: Redefining \url on input line 4763.
\XeTeXLinkMargin=\dimen269
 (/usr/local/texlive/2023/texmf-dist/tex/generic/bitset/bitset.sty
Package: bitset 2019/12/09 v1.3 Handle bit-vector datatype (HO)
 (/usr/local/texlive/2023/texmf-dist/tex/generic/bigintcalc/bigintcalc.sty
Package: bigintcalc 2019/12/15 v1.5 Expandable calculations on big integers (HO)
))
\Fld@menulength=\count423
\Field@Width=\dimen270
\Fld@charsize=\dimen271
Package hyperref Info: Hyper figures OFF on input line 6042.
Package hyperref Info: Link nesting OFF on input line 6047.
Package hyperref Info: Hyper index ON on input line 6050.
Package hyperref Info: backreferencing OFF on input line 6057.
Package hyperref Info: Link coloring OFF on input line 6062.
Package hyperref Info: Link coloring with OCG OFF on input line 6067.
Package hyperref Info: PDF/A mode OFF on input line 6072.
 (/usr/local/texlive/2023/texmf-dist/tex/latex/base/atbegshi-ltx.sty
Package: atbegshi-ltx 2021/01/10 v1.0c Emulation of the original atbegshi
package with kernel methods
)
\Hy@abspage=\count424
\c@Item=\count425
\c@Hfootnote=\count426
)
Package hyperref Info: Driver (autodetected): hpdftex.
 (/usr/local/texlive/2023/texmf-dist/tex/latex/hyperref/hpdftex.def
File: hpdftex.def 2023-02-07 v7.00v Hyperref driver for pdfTeX
 (/usr/local/texlive/2023/texmf-dist/tex/latex/base/atveryend-ltx.sty
Package: atveryend-ltx 2020/08/19 v1.0a Emulation of the original atveryend package
with kernel methods
)
\Fld@listcount=\count427
\c@bookmark@seq@number=\count428
 (/usr/local/texlive/2023/texmf-dist/tex/latex/rerunfilecheck/rerunfilecheck.sty
Package: rerunfilecheck 2022-07-10 v1.10 Rerun checks for auxiliary files (HO)
 (/usr/local/texlive/2023/texmf-dist/tex/generic/uniquecounter/uniquecounter.sty
Package: uniquecounter 2019/12/15 v1.4 Provide unlimited unique counter (HO)
)
Package uniquecounter Info: New unique counter `rerunfilecheck' on input line 285.
)
\Hy@SectionHShift=\skip105
)
Package hyperref Info: Option `colorlinks' set `true' on input line 333.
 (/usr/local/texlive/2023/texmf-dist/tex/latex/listings/listings.sty
\lst@mode=\count429
\lst@gtempboxa=\box64
\lst@token=\toks37
\lst@length=\count430
\lst@currlwidth=\dimen272
\lst@column=\count431
\lst@pos=\count432
\lst@lostspace=\dimen273
\lst@width=\dimen274
\lst@newlines=\count433
\lst@lineno=\count434
\lst@maxwidth=\dimen275
 (/usr/local/texlive/2023/texmf-dist/tex/latex/listings/lstmisc.sty
File: lstmisc.sty 2023/02/27 1.9 (Carsten Heinz)
\c@lstnumber=\count435
\lst@skipnumbers=\count436
\lst@framebox=\box65
) (/usr/local/texlive/2023/texmf-dist/tex/latex/listings/listings.cfg
File: listings.cfg 2023/02/27 1.9 listings configuration
))
Package: listings 2023/02/27 1.9 (Carsten Heinz)
)
\@quotelevel=\count437
\@quotereset=\count438

No file "HW5-BranchingHardware - Ethan Vosburg".aux.
\openout1 = `"HW5-BranchingHardware - Ethan Vosburg.aux"'.

LaTeX Font Info:    Checking defaults for OML/cmm/m/it on input line 46.
LaTeX Font Info:    ... okay on input line 46.
LaTeX Font Info:    Checking defaults for OMS/cmsy/m/n on input line 46.
LaTeX Font Info:    ... okay on input line 46.
LaTeX Font Info:    Checking defaults for OT1/cmr/m/n on input line 46.
LaTeX Font Info:    ... okay on input line 46.
LaTeX Font Info:    Checking defaults for T1/cmr/m/n on input line 46.
LaTeX Font Info:    ... okay on input line 46.
LaTeX Font Info:    Checking defaults for TS1/cmr/m/n on input line 46.
LaTeX Font Info:    ... okay on input line 46.
LaTeX Font Info:    Checking defaults for OMX/cmex/m/n on input line 46.
LaTeX Font Info:    ... okay on input line 46.
LaTeX Font Info:    Checking defaults for U/cmr/m/n on input line 46.
LaTeX Font Info:    ... okay on input line 46.
LaTeX Font Info:    Checking defaults for PD1/pdf/m/n on input line 46.
LaTeX Font Info:    ... okay on input line 46.
LaTeX Font Info:    Checking defaults for PU/pdf/m/n on input line 46.
LaTeX Font Info:    ... okay on input line 46.
(/usr/local/texlive/2023/texmf-dist/tex/context/base/mkii/supp-pdf.mkii
[Loading MPS to PDF converter (version 2006.09.02).]
\scratchcounter=\count439
\scratchdimen=\dimen276
\scratchbox=\box66
\nofMPsegments=\count440
\nofMParguments=\count441
\everyMPshowfont=\toks38
\MPscratchCnt=\count442
\MPscratchDim=\dimen277
\MPnumerator=\count443
\makeMPintoPDFobject=\count444
\everyMPtoPDFconversion=\toks39
) (/usr/local/texlive/2023/texmf-dist/tex/latex/epstopdf-pkg/epstopdf-base.sty
Package: epstopdf-base 2020-01-24 v2.11 Base part for package epstopdf
Package epstopdf-base Info: Redefining graphics rule for `.eps' on input line 485.
 (/usr/local/texlive/2023/texmf-dist/tex/latex/latexconfig/epstopdf-sys.cfg
File: epstopdf-sys.cfg 2010/07/13 v1.3 Configuration of (r)epstopdf for TeX Live
))
Package ragged2e Info: ABD: executing \RaggedRight on input line 46.

*geometry* driver: auto-detecting
*geometry* detected driver: pdftex
*geometry* verbose mode - [ preamble ] result:
* driver: pdftex
* paper: a4paper
* layout: <same size as paper>
* layoutoffset:(h,v)=(0.0pt,0.0pt)
* modes: 
* h-part:(L,W,R)=(56.9055pt, 334.3199pt, 206.28247pt)
* v-part:(T,H,B)=(85.35826pt, 674.33032pt, 85.35826pt)
* \paperwidth=597.50787pt
* \paperheight=845.04684pt
* \textwidth=334.3199pt
* \textheight=674.33032pt
* \oddsidemargin=-15.36449pt
* \evensidemargin=-15.36449pt
* \topmargin=-38.12675pt
* \headheight=28.45274pt
* \headsep=22.76228pt
* \topskip=12.0pt
* \footskip=42.67912pt
* \marginparwidth=120.92421pt
* \marginparsep=28.45274pt
* \columnsep=10.0pt
* \skip\footins=10.8pt plus 4.0pt minus 2.0pt
* \hoffset=0.0pt
* \voffset=0.0pt
* \mag=1000
* \@twocolumnfalse
* \@twosidefalse
* \@mparswitchfalse
* \@reversemarginfalse
* (1in=72.27pt=25.4mm, 1cm=28.453pt)

Package caption Info: Begin \AtBeginDocument code.
Package caption Info: changepage package is loaded.
\caption@adjustwidth@hsize=\dimen278
\caption@adjustwidth@linewidth=\dimen279
Package caption Info: hyperref package is loaded.
Package caption Info: listings package is loaded.
Package caption Info: End \AtBeginDocument code.
\@sidenotes@extrawidth=\skip106
\big@size=\dimen280
\c@mv@tabular=\count445
\c@mv@boldtabular=\count446
Package biblatex Info: Trying to load language 'english'...
Package biblatex Info: ... file 'english.lbx' found.
(/usr/local/texlive/2023/texmf-dist/tex/latex/biblatex/lbx/english.lbx
File: english.lbx 2023/03/05 v3.19 biblatex localization (PK/MW)
)
Package biblatex Info: Input encoding 'utf8' detected.
Package biblatex Info: Automatic encoding selection.
(biblatex)             Assuming data encoding 'utf8'.
\openout3 = `"HW5-BranchingHardware - Ethan Vosburg.bcf"'.

Package biblatex Info: Trying to load bibliographic data...
Package biblatex Info: ... file '"HW5-BranchingHardware - Ethan Vosburg".bbl' found.
 (./HW5-BranchingHardware - Ethan Vosburg.bbl)
Package biblatex Info: Reference section=0 on input line 46.
Package biblatex Info: Reference segment=0 on input line 46.
Package hyperref Info: Link coloring ON on input line 46.
\@outlinefile=\write4
\openout4 = `"HW5-BranchingHardware - Ethan Vosburg.out"'.

\c@lstlisting=\count447
<creodocs_logo.pdf, id=4, 794.97pt x 614.295pt>
File: creodocs_logo.pdf Graphic file (type pdf)
<use creodocs_logo.pdf>
Package pdftex.def Info: creodocs_logo.pdf  used on input line 57.
(pdftex.def)             Requested size: 142.26378pt x 109.93094pt.
LaTeX Font Info:    Font shape `T1/IBMPlexSans-TLF/m/n' aliased to
(Font)              `T1/IBMPlexSans-TLF/regular/n' on input line 61.
LaTeX Font Info:    Font shape `T1/IBMPlexSans-TLF/regular/n' will be
(Font)              scaled to size 50.0pt on input line 61.
LaTeX Font Info:    Font shape `T1/IBMPlexSans-TLF/b/n' aliased to
(Font)              `T1/IBMPlexSans-TLF/bold/n' on input line 61.
LaTeX Font Info:    Font shape `T1/IBMPlexSans-TLF/bold/n' will be
(Font)              scaled to size 50.0pt on input line 61.
LaTeX Font Info:    Trying to load font information for OT1+ppl on input line 61.
 (/usr/local/texlive/2023/texmf-dist/tex/latex/psnfss/ot1ppl.fd
File: ot1ppl.fd 2001/06/04 font definitions for OT1/ppl.
)
LaTeX Font Info:    Trying to load font information for OML+zplm on input line 61.
 (/usr/local/texlive/2023/texmf-dist/tex/latex/psnfss/omlzplm.fd
File: omlzplm.fd 2002/09/08 Fontinst v1.914 font definitions for OML/zplm.
)
LaTeX Font Info:    Trying to load font information for OMS+zplm on input line 61.
 (/usr/local/texlive/2023/texmf-dist/tex/latex/psnfss/omszplm.fd
File: omszplm.fd 2002/09/08 Fontinst v1.914 font definitions for OMS/zplm.
)
LaTeX Font Info:    Trying to load font information for OMX+zplm on input line 61.
 (/usr/local/texlive/2023/texmf-dist/tex/latex/psnfss/omxzplm.fd
File: omxzplm.fd 2002/09/08 Fontinst v1.914 font definitions for OMX/zplm.
)
LaTeX Font Info:    Trying to load font information for OT1+zplm on input line 61.
 (/usr/local/texlive/2023/texmf-dist/tex/latex/psnfss/ot1zplm.fd
File: ot1zplm.fd 2002/09/08 Fontinst v1.914 font definitions for OT1/zplm.
)
LaTeX Font Info:    Font shape `T1/IBMPlexSans-TLF/m/n' aliased to
(Font)              `T1/IBMPlexSans-TLF/regular/n' on input line 65.
LaTeX Font Info:    Font shape `T1/IBMPlexSans-TLF/regular/n' will be
(Font)              scaled to size 20.74pt on input line 65.
LaTeX Font Info:    Font shape `T1/IBMPlexSans-TLF/m/it' aliased to
(Font)              `T1/IBMPlexSans-TLF/regular/it' on input line 65.
LaTeX Font Info:    Font shape `T1/IBMPlexSans-TLF/regular/it' will be
(Font)              scaled to size 20.74pt on input line 65.
LaTeX Font Info:    Font shape `T1/IBMPlexSans-TLF/b/it' aliased to
(Font)              `T1/IBMPlexSans-TLF/bold/it' on input line 65.
LaTeX Font Info:    Font shape `T1/IBMPlexSans-TLF/bold/it' will be
(Font)              scaled to size 20.74pt on input line 65.
LaTeX Font Info:    Font shape `T1/IBMPlexSans-TLF/m/n' aliased to
(Font)              `T1/IBMPlexSans-TLF/regular/n' on input line 69.
LaTeX Font Info:    Font shape `T1/IBMPlexSans-TLF/regular/n' will be
(Font)              scaled to size 17.28pt on input line 69.
LaTeX Font Info:    Font shape `T1/IBMPlexSans-TLF/m/n' aliased to
(Font)              `T1/IBMPlexSans-TLF/regular/n' on input line 73.
LaTeX Font Info:    Font shape `T1/IBMPlexSans-TLF/regular/n' will be
(Font)              scaled to size 14.4pt on input line 73.
 [1

{/usr/local/texlive/2023/texmf-var/fonts/map/pdftex/updmap/pdftex.map}{/usr/local/texlive/2023/texmf-dist/fonts/enc/dvips/plex/plx_umrhwx.enc} <./creodocs_logo.pdf, page is rotated 90 degrees>]
LaTeX Font Info:    Font shape `T1/IBMPlexSans-TLF/b/n' aliased to
(Font)              `T1/IBMPlexSans-TLF/bold/n' on input line 129.
LaTeX Font Info:    Font shape `T1/IBMPlexSans-TLF/bold/n' will be
(Font)              scaled to size 20.74pt on input line 129.

No file "HW5-BranchingHardware - Ethan Vosburg".toc.
\tf@toc=\write5
\openout5 = `"HW5-BranchingHardware - Ethan Vosburg.toc"'.

LaTeX Font Info:    Font shape `T1/IBMPlexSans-TLF/b/n' aliased to
(Font)              `T1/IBMPlexSans-TLF/bold/n' on input line 132.
LaTeX Font Info:    Font shape `T1/IBMPlexSans-TLF/bold/n' will be
(Font)              scaled to size 12.0pt on input line 132.

LaTeX Warning: Reference `LastPage' on page 2 undefined on input line 132.

[2]
LaTeX Font Info:    Font shape `T1/IBMPlexSans-TLF/b/n' aliased to
(Font)              `T1/IBMPlexSans-TLF/bold/n' on input line 145.
LaTeX Font Info:    Font shape `T1/IBMPlexSans-TLF/bold/n' will be
(Font)              scaled to size 14.4pt on input line 145.
<Figures/ALU-Elaborated-Design.png, id=21, 1360.08125pt x 984.67876pt>
File: Figures/ALU-Elaborated-Design.png Graphic file (type png)
<use Figures/ALU-Elaborated-Design.png>
Package pdftex.def Info: Figures/ALU-Elaborated-Design.png  used on input line 150.
(pdftex.def)             Requested size: 478.00812pt x 346.0701pt.

Overfull \hbox (143.68822pt too wide) in paragraph at lines 150--151
 [][] 
 []

LaTeX Font Info:    Font shape `T1/IBMPlexSans-TLF/b/n' aliased to
(Font)              `T1/IBMPlexSans-TLF/bold/n' on input line 151.
LaTeX Font Info:    Font shape `T1/IBMPlexSans-TLF/bold/n' will be
(Font)              scaled to size 10.0pt on input line 151.
<Figures/Immediate-Generator-Elaborated Design.png, id=23, 717.68124pt x 440.64626pt>
File: Figures/Immediate-Generator-Elaborated Design.png Graphic file (type png)
<use Figures/Immediate-Generator-Elaborated Design.png>
Package pdftex.def Info: Figures/Immediate-Generator-Elaborated Design.png  used on input line 159.
(pdftex.def)             Requested size: 298.75394pt x 183.4363pt.

Overfull \hbox (143.68822pt too wide) in paragraph at lines 159--160
 [][] 
 []


LaTeX Warning: Reference `LastPage' on page 3 undefined on input line 163.

[3 <./Figures/ALU-Elaborated-Design.png>]

/Users/ethanvosburg/Documents/git/CPE-233-Otter/HW5-BranchingHardware/HW5-Report/HW5-BranchingHardware - Ethan Vosburg.tex:168: LaTeX Error: Not in outer par mode.

See the LaTeX manual or LaTeX Companion for explanation.
Type  H <return>  for immediate help.
 ...                                              
                                                  
l.168     \begin
                {tabular}{|c|c|c|} \hline
You've lost some text.  Try typing  <return>  to proceed.
If that doesn't work, type  X <return>  to quit.

/Users/ethanvosburg/Documents/git/CPE-233-Otter/HW5-BranchingHardware/HW5-Report/HW5-BranchingHardware - Ethan Vosburg.tex:168: Undefined control sequence.
\@float@Hx ...ltovf \fi \global \setbox \@currbox 
                                                  \color@vbox \normalcolor \...
l.168     \begin
                {tabular}{|c|c|c|} \hline
The control sequence at the end of the top line
of your error message was never \def'ed. If you have
misspelled it (e.g., `\hobx'), type `I' and the correct
spelling (e.g., `I\hbox'). Otherwise just continue,
and I'll forget about whatever was undefined.

/Users/ethanvosburg/Documents/git/CPE-233-Otter/HW5-BranchingHardware/HW5-Report/HW5-BranchingHardware - Ethan Vosburg.tex:168: Missing number, treated as zero.
<to be read again> 
                   \vbox 
l.168     \begin
                {tabular}{|c|c|c|} \hline
A number should have been here; I inserted `0'.
(If you can't figure out why I needed to see a number,
look up `weird error' in the index to The TeXbook.)


Overfull \hbox (303.30351pt too wide) in paragraph at lines 168--186
[][]  
 []

LaTeX Font Info:    Font shape `T1/IBMPlexSans-TLF/b/n' aliased to
(Font)              `T1/IBMPlexSans-TLF/bold/n' on input line 186.
LaTeX Font Info:    Font shape `T1/IBMPlexSans-TLF/bold/n' will be
(Font)              scaled to size 10.95pt on input line 186.

/Users/ethanvosburg/Documents/git/CPE-233-Otter/HW5-BranchingHardware/HW5-Report/HW5-BranchingHardware - Ethan Vosburg.tex:189: Package graphics Error: Division by 0.

See the graphics package documentation for explanation.
Type  H <return>  for immediate help.
 ...                                              
                                                  
l.189 \end{adjustbox}
                     
Your command was ignored.
Type  I <command> <return>  to replace it with another command,
or  <return>  to continue without it.

<Figures/Zero Console Warnings.png, id=33, 753.81625pt x 179.67125pt>
File: Figures/Zero Console Warnings.png Graphic file (type png)
<use Figures/Zero Console Warnings.png>
Package pdftex.def Info: Figures/Zero Console Warnings.png  used on input line 196.
(pdftex.def)             Requested size: 448.1309pt x 106.81113pt.

Overfull \hbox (143.68822pt too wide) in paragraph at lines 196--197
[][]  
 []

<Figures/ImmdGen Console Warnings.png, id=34, 776.9025pt x 210.7875pt>
File: Figures/ImmdGen Console Warnings.png Graphic file (type png)
<use Figures/ImmdGen Console Warnings.png>
Package pdftex.def Info: Figures/ImmdGen Console Warnings.png  used on input line 204.
(pdftex.def)             Requested size: 448.1309pt x 121.58783pt.

Overfull \hbox (143.68822pt too wide) in paragraph at lines 204--205
[][]  
 []


LaTeX Warning: Reference `LastPage' on page 4 undefined on input line 208.

[4 <./Figures/Immediate-Generator-Elaborated Design.png> <./Figures/Zero Console Warnings.png>]

LaTeX Warning: Reference `fig:ImmdGenSynthesisWarnings' on page 5 undefined on input line 209.

LaTeX Font Info:    Trying to load font information for T1+IBMPlexMono-TLF on input line 209.
(/usr/local/texlive/2023/texmf-dist/tex/latex/plex/T1IBMPlexMono-TLF.fd
File: T1IBMPlexMono-TLF.fd 2019/12/06 (autoinst) Font definitions for T1/IBMPlexMono-TLF.
)
LaTeX Font Info:    Font shape `T1/IBMPlexMono-TLF/m/n' aliased to
(Font)              `T1/IBMPlexMono-TLF/regular/n' on input line 209.
LaTeX Font Info:    Font shape `T1/IBMPlexMono-TLF/regular/n' will be
(Font)              scaled to size 12.0pt on input line 209.


LaTeX Warning: Reference `LastPage' on page 5 undefined on input line 224.

[5{/usr/local/texlive/2023/texmf-dist/fonts/enc/dvips/plex/plx_x4zmfh.enc} <./Figures/ImmdGen Console Warnings.png>] (/usr/local/texlive/2023/texmf-dist/tex/latex/listings/lstlang1.sty
File: lstlang1.sty 2023/02/27 1.9 listings language file
) (/usr/local/texlive/2023/texmf-dist/tex/latex/listings/lstlang2.sty
File: lstlang2.sty 2023/02/27 1.9 listings language file
) (/usr/local/texlive/2023/texmf-dist/tex/latex/listings/lstlang3.sty
File: lstlang3.sty 2023/02/27 1.9 listings language file
)
Package hyperref Info: bookmark level for unknown lstlisting defaults to 0 on input line 230.
LaTeX Font Info:    Font shape `T1/IBMPlexMono-TLF/m/n' aliased to
(Font)              `T1/IBMPlexMono-TLF/regular/n' on input line 230.
LaTeX Font Info:    Font shape `T1/IBMPlexMono-TLF/regular/n' will be
(Font)              scaled to size 8.0pt on input line 230.
 (/Users/ethanvosburg/Documents/git/CPE-233-Otter/HW4-ALU-ImmedGen/HW4-ALU-ImmedGen/HW4-ALU-ImmedGen.srcs/sim_1/new/ALU_TB.sv
LaTeX Font Info:    Font shape `T1/IBMPlexSans-TLF/m/n' aliased to
(Font)              `T1/IBMPlexSans-TLF/regular/n' on input line 1.
LaTeX Font Info:    Font shape `T1/IBMPlexSans-TLF/regular/n' will be
(Font)              scaled to size 8.0pt on input line 1.
LaTeX Font Info:    Font shape `T1/IBMPlexSans-TLF/m/n' aliased to
(Font)              `T1/IBMPlexSans-TLF/regular/n' on input line 1.
LaTeX Font Info:    Font shape `T1/IBMPlexSans-TLF/regular/n' will be
(Font)              scaled to size 6.0pt on input line 1.
LaTeX Font Info:    Font shape `T1/IBMPlexSans-TLF/m/it' aliased to
(Font)              `T1/IBMPlexSans-TLF/regular/it' on input line 1.
LaTeX Font Info:    Font shape `T1/IBMPlexSans-TLF/regular/it' will be
(Font)              scaled to size 6.0pt on input line 1.
LaTeX Font Info:    Font shape `T1/IBMPlexMono-TLF/b/n' aliased to
(Font)              `T1/IBMPlexMono-TLF/bold/n' on input line 1.
LaTeX Font Info:    Font shape `T1/IBMPlexMono-TLF/bold/n' will be
(Font)              scaled to size 8.0pt on input line 1.
LaTeX Font Info:    Font shape `T1/IBMPlexMono-TLF/m/it' aliased to
(Font)              `T1/IBMPlexMono-TLF/regular/it' on input line 2.
LaTeX Font Info:    Font shape `T1/IBMPlexMono-TLF/regular/it' will be
(Font)              scaled to size 8.0pt on input line 2.


LaTeX Warning: Reference `LastPage' on page 6 undefined on input line 57.

[6])

LaTeX Warning: Reference `LastPage' on page 7 undefined on input line 232.

[7] (/Users/ethanvosburg/Documents/git/CPE-233-Otter/HW4-ALU-ImmedGen/HW4-ALU-ImmedGen/HW4-ALU-ImmedGen.srcs/sources_1/imports/HW4-ALU-ImmedGen/aluVerification.mem

LaTeX Warning: Reference `LastPage' on page 8 undefined on input line 71.

[8])

LaTeX Warning: Reference `LastPage' on page 9 undefined on input line 235.

[9] (/Users/ethanvosburg/Documents/git/CPE-233-Otter/HW4-ALU-ImmedGen/HW4-ALU-ImmedGen/HW4-ALU-ImmedGen.srcs/sim_1/new/ImmdGen_TB.sv

LaTeX Warning: Reference `LastPage' on page 10 undefined on input line 66.

[10]) (/Users/ethanvosburg/Documents/git/CPE-233-Otter/HW4-ALU-ImmedGen/HW4-ALU-ImmedGen/HW4-ALU-ImmedGen.srcs/sources_1/imports/HW4-ALU-ImmedGen/ImmdGenVerification.mem)

LaTeX Warning: Reference `LastPage' on page 11 undefined on input line 242.

[11]
LaTeX Font Info:    Font shape `T1/IBMPlexSans-TLF/m/n' aliased to
(Font)              `T1/IBMPlexSans-TLF/regular/n' on input line 248.
LaTeX Font Info:    Font shape `T1/IBMPlexSans-TLF/regular/n' will be
(Font)              scaled to size 10.0pt on input line 248.


LaTeX Warning: Reference `LastPage' on page 12 undefined on input line 302.

[12] (/Users/ethanvosburg/Documents/git/CPE-233-Otter/HW4-ALU-ImmedGen/ImmdGenTestCase.txt)

LaTeX Warning: Reference `LastPage' on page 13 undefined on input line 306.

[13]
<Figures/ALU-Simulation-0.png, id=449, 1645.14626pt x 206.7725pt>
File: Figures/ALU-Simulation-0.png Graphic file (type png)
<use Figures/ALU-Simulation-0.png>
Package pdftex.def Info: Figures/ALU-Simulation-0.png  used on input line 314.
(pdftex.def)             Requested size: 478.00812pt x 60.07922pt.

Overfull \hbox (143.68822pt too wide) in paragraph at lines 314--315
 [][] 
 []

<Figures/ALU-Simulation-1.png, id=450, 1645.14626pt x 206.7725pt>
File: Figures/ALU-Simulation-1.png Graphic file (type png)
<use Figures/ALU-Simulation-1.png>
Package pdftex.def Info: Figures/ALU-Simulation-1.png  used on input line 322.
(pdftex.def)             Requested size: 478.00812pt x 60.07922pt.

Overfull \hbox (143.68822pt too wide) in paragraph at lines 322--323
 [][] 
 []

<Figures/ALU-Simulation-2.png, id=451, 1645.14626pt x 206.7725pt>
File: Figures/ALU-Simulation-2.png Graphic file (type png)
<use Figures/ALU-Simulation-2.png>
Package pdftex.def Info: Figures/ALU-Simulation-2.png  used on input line 330.
(pdftex.def)             Requested size: 478.00812pt x 60.07922pt.

Overfull \hbox (143.68822pt too wide) in paragraph at lines 330--331
 [][] 
 []

<Figures/ALU-Simulation-3.png, id=452, 1645.14626pt x 206.7725pt>
File: Figures/ALU-Simulation-3.png Graphic file (type png)
<use Figures/ALU-Simulation-3.png>
Package pdftex.def Info: Figures/ALU-Simulation-3.png  used on input line 338.
(pdftex.def)             Requested size: 478.00812pt x 60.07922pt.

Overfull \hbox (143.68822pt too wide) in paragraph at lines 338--339
 [][] 
 []

<Figures/ImmdGen Simulation.png, id=453, 1752.5475pt x 187.70125pt>
File: Figures/ImmdGen Simulation.png Graphic file (type png)
<use Figures/ImmdGen Simulation.png>
Package pdftex.def Info: Figures/ImmdGen Simulation.png  used on input line 346.
(pdftex.def)             Requested size: 478.00812pt x 51.19554pt.

Overfull \hbox (143.68822pt too wide) in paragraph at lines 346--347
 [][] 
 []


LaTeX Warning: Reference `LastPage' on page 14 undefined on input line 351.

[14 <./Figures/ALU-Simulation-0.png> <./Figures/ALU-Simulation-1.png> <./Figures/ALU-Simulation-2.png> <./Figures/ALU-Simulation-3.png> <./Figures/ImmdGen Simulation.png>] (/Users/ethanvosburg/Documents/git/CPE-233-Otter/HW4-ALU-ImmedGen/HW4-ALU-ImmedGen/HW4-ALU-ImmedGen.srcs/sources_1/new/ALU.sv)

LaTeX Warning: Reference `LastPage' on page 15 undefined on input line 358.

[15] (/Users/ethanvosburg/Documents/git/CPE-233-Otter/HW4-ALU-ImmedGen/HW4-ALU-ImmedGen/HW4-ALU-ImmedGen.srcs/sources_1/new/ImmdGen.sv)

LaTeX Warning: Reference `LastPage' on page 16 undefined on input line 363.

[16]

LaTeX Warning: Reference `LastPage' on page 17 undefined on input line 375.

[17] 
enddocument/afterlastpage: lastpage setting LastPage.
(./HW5-BranchingHardware - Ethan Vosburg.aux)

LaTeX Warning: There were undefined references.


LaTeX Warning: Label(s) may have changed. Rerun to get cross-references right.


Package rerunfilecheck Warning: File `"HW5-BranchingHardware - Ethan Vosburg".out' has changed.
(rerunfilecheck)                Rerun to get outlines right
(rerunfilecheck)                or use package `bookmark'.

Package rerunfilecheck Info: Checksums for `"HW5-BranchingHardware - Ethan Vosburg".out':
(rerunfilecheck)             Before: <no file>
(rerunfilecheck)             After:  4BABFED8B3C917EC81038A9BFEFD75CE;3973.

Package lastpage Warning: Rerun to get the references right on input line 375.


Package biblatex Warning: Please (re)run Biber on the file:
(biblatex)                "HW5-BranchingHardware - Ethan Vosburg"
(biblatex)                and rerun LaTeX afterwards.

Package logreq Info: Writing requests to '"HW5-BranchingHardware - Ethan Vosburg".run.xml'.
\openout1 = `"HW5-BranchingHardware - Ethan Vosburg.run.xml"'.

 ) 
Here is how much of TeX's memory you used:
 29944 strings out of 476025
 552117 string characters out of 5790016
 2209388 words of memory out of 5000000
 49431 multiletter control sequences out of 15000+600000
 740764 words of font info for 101 fonts, out of 8000000 for 9000
 1141 hyphenation exceptions out of 8191
 99i,12n,145p,946b,2723s stack positions out of 10000i,1000n,20000p,200000b,200000s
</usr/local/texlive/2023/texmf-dist/fonts/type1/ibm/plex/IBMPlexMono-Bold.pfb></usr/local/texlive/2023/texmf-dist/fonts/type1/ibm/plex/IBMPlexMono-Italic.pfb></usr/local/texlive/2023/texmf-dist/fonts/type1/ibm/plex/IBMPlexMono.pfb></usr/local/texlive/2023/texmf-dist/fonts/type1/ibm/plex/IBMPlexSans-Bold.pfb></usr/local/texlive/2023/texmf-dist/fonts/type1/ibm/plex/IBMPlexSans-BoldItalic.pfb></usr/local/texlive/2023/texmf-dist/fonts/type1/ibm/plex/IBMPlexSans-Italic.pfb></usr/local/texlive/2023/texmf-dist/fonts/type1/ibm/plex/IBMPlexSans.pfb>
Output written on "HW5-BranchingHardware - Ethan Vosburg.pdf" (17 pages, 3035733 bytes).
PDF statistics:
 712 PDF objects out of 1000 (max. 8388607)
 651 compressed objects within 7 object streams
 484 named destinations out of 1000 (max. 500000)
 51 words of extra memory for PDF output out of 10000 (max. 10000000)

