Time resolution is 1 ps
rom[0]: 11000537
rom_tb[0]: 11000537
Match rom_TB[0] = 11000537
rom[1]: 00a00f13
rom_tb[1]: 00a00f13
Match rom_TB[1] = 00a00f13
rom[2]: 00051783
rom_tb[2]: 00051783
Match rom_TB[2] = 00051783
rom[3]: 41e7da33
rom_tb[3]: 41e7da33
Match rom_TB[3] = 41e7da33
rom[4]: 00fa4633
rom_tb[4]: 00fa4633
Match rom_TB[4] = 00fa4633
rom[5]: 04c52023
rom_tb[5]: 04c52023
Match rom_TB[5] = 04c52023
rom[6]: ff1ff06f
rom_tb[6]: ff1ff06f
Match rom_TB[6] = ff1ff06f
OVERALL PASS
rom[0]: 11000537
rom_tb[0]: 11000537
Match rom_TB[0] = 11000537
rom[1]: 00a00f13
rom_tb[1]: 00a00f13
Match rom_TB[1] = 00a00f13
rom[2]: 00051783
rom_tb[2]: 00051783
Match rom_TB[2] = 00051783
rom[3]: 41e7da33
rom_tb[3]: 41e7da33
Match rom_TB[3] = 41e7da33
rom[4]: 00fa4633
rom_tb[4]: 00fa4633
Match rom_TB[4] = 00fa4633
rom[5]: 04c52023
rom_tb[5]: 04c52023
Match rom_TB[5] = 04c52023
rom[0]: 11000537
rom_tb[0]: 11000537
Match rom_TB[0] = 11000537
rom[1]: 00a00f13
rom_tb[1]: 00a00f13
Match rom_TB[1] = 00a00f13
rom[2]: 00051783
rom_tb[2]: 00051783
Match rom_TB[2] = 00051783
rom[3]: 41e7da33
rom_tb[3]: 41e7da33
Match rom_TB[3] = 41e7da33
rom[4]: 00fa4633
rom_tb[4]: 00fa4633
Match rom_TB[4] = 00fa4633
rom[5]: 04c52023
rom_tb[5]: 04c52023
Match rom_TB[5] = 04c52023
rom[6]: ff1ff06f
rom_tb[6]: ff1ff06f
Match rom_TB[6] = ff1ff06f
OVERALL PASS
rom[0]: 11000537
rom_tb[0]: 11000537
Match rom_TB[0] = 11000537
rom[1]: 00a00f13
rom_tb[1]: 00a00f13
Match rom_TB[1] = 00a00f13
rom[2]: 00051783
rom_tb[2]: 00051783
Match rom_TB[2] = 00051783
rom[3]: 41e7da33
rom_tb[3]: 41e7da33
Match rom_TB[3] = 41e7da33
rom[4]: 00fa4633
rom_tb[4]: 00fa4633
Match rom_TB[4] = 00fa4633
rom[5]: 04c52023
rom_tb[5]: 04c52023
Match rom_TB[5] = 04c52023
rom[6]: ff1ff06f
rom_tb[6]: ff1ff06f
Match rom_TB[6] = ff1ff06f
