
*** Running vivado
    with args -log MCU.vdi -applog -m64 -product Vivado -messageDb vivado.pb -mode batch -source MCU.tcl -notrace



****** Vivado v2024.1 (64-bit)
  **** SW Build 5076996 on Wed May 22 18:37:14 MDT 2024
  **** IP Build 5075265 on Wed May 22 21:45:21 MDT 2024
  **** SharedData Build 5076995 on Wed May 22 18:29:18 MDT 2024
  **** Start of session at: Fri Nov 29 22:35:18 2024
    ** Copyright 1986-2022 Xilinx, Inc. All Rights Reserved.
    ** Copyright 2022-2024 Advanced Micro Devices, Inc. All Rights Reserved.

source MCU.tcl -notrace
create_project: Time (s): cpu = 00:00:23 ; elapsed = 00:00:24 . Memory (MB): peak = 527.098 ; gain = 198.836
Command: link_design -top MCU -part xc7a35ticpg236-1L
Design is defaulting to srcset: sources_1
Design is defaulting to constrset: constrs_1
INFO: [Device 21-403] Loading part xc7a35ticpg236-1L
INFO: [Device 21-9227] Part: xc7a35ticpg236-1L does not have CEAM library.
Netlist sorting complete. Time (s): cpu = 00:00:00 ; elapsed = 00:00:00.061 . Memory (MB): peak = 934.566 ; gain = 0.000
INFO: [Netlist 29-17] Analyzing 245 Unisim elements for replacement
INFO: [Netlist 29-28] Unisim Transformation completed in 1 CPU seconds
INFO: [Project 1-479] Netlist was created with Vivado 2024.1
INFO: [Project 1-570] Preparing netlist for logic optimization
Parsing XDC File [Z:/Documents/git/CPE-233-Otter/HW6-MCU/MCU/MCU.srcs/constrs_1/imports/Resources/Basys3_constraints.xdc]
WARNING: [Vivado 12-584] No ports matched 'SWITCHES[15]'. [Z:/Documents/git/CPE-233-Otter/HW6-MCU/MCU/MCU.srcs/constrs_1/imports/Resources/Basys3_constraints.xdc:12]
CRITICAL WARNING: [Common 17-55] 'set_property' expects at least one object. [Z:/Documents/git/CPE-233-Otter/HW6-MCU/MCU/MCU.srcs/constrs_1/imports/Resources/Basys3_constraints.xdc:12]
Resolution: If [get_<value>] was used to populate the object, check to make sure this command returns at least one valid object.
WARNING: [Vivado 12-584] No ports matched 'SWITCHES[15]'. [Z:/Documents/git/CPE-233-Otter/HW6-MCU/MCU/MCU.srcs/constrs_1/imports/Resources/Basys3_constraints.xdc:13]
CRITICAL WARNING: [Common 17-55] 'set_property' expects at least one object. [Z:/Documents/git/CPE-233-Otter/HW6-MCU/MCU/MCU.srcs/constrs_1/imports/Resources/Basys3_constraints.xdc:13]
Resolution: If [get_<value>] was used to populate the object, check to make sure this command returns at least one valid object.
WARNING: [Vivado 12-584] No ports matched 'SWITCHES[14]'. [Z:/Documents/git/CPE-233-Otter/HW6-MCU/MCU/MCU.srcs/constrs_1/imports/Resources/Basys3_constraints.xdc:14]
CRITICAL WARNING: [Common 17-55] 'set_property' expects at least one object. [Z:/Documents/git/CPE-233-Otter/HW6-MCU/MCU/MCU.srcs/constrs_1/imports/Resources/Basys3_constraints.xdc:14]
Resolution: If [get_<value>] was used to populate the object, check to make sure this command returns at least one valid object.
WARNING: [Vivado 12-584] No ports matched 'SWITCHES[14]'. [Z:/Documents/git/CPE-233-Otter/HW6-MCU/MCU/MCU.srcs/constrs_1/imports/Resources/Basys3_constraints.xdc:15]
CRITICAL WARNING: [Common 17-55] 'set_property' expects at least one object. [Z:/Documents/git/CPE-233-Otter/HW6-MCU/MCU/MCU.srcs/constrs_1/imports/Resources/Basys3_constraints.xdc:15]
Resolution: If [get_<value>] was used to populate the object, check to make sure this command returns at least one valid object.
WARNING: [Vivado 12-584] No ports matched 'SWITCHES[13]'. [Z:/Documents/git/CPE-233-Otter/HW6-MCU/MCU/MCU.srcs/constrs_1/imports/Resources/Basys3_constraints.xdc:16]
CRITICAL WARNING: [Common 17-55] 'set_property' expects at least one object. [Z:/Documents/git/CPE-233-Otter/HW6-MCU/MCU/MCU.srcs/constrs_1/imports/Resources/Basys3_constraints.xdc:16]
Resolution: If [get_<value>] was used to populate the object, check to make sure this command returns at least one valid object.
WARNING: [Vivado 12-584] No ports matched 'SWITCHES[13]'. [Z:/Documents/git/CPE-233-Otter/HW6-MCU/MCU/MCU.srcs/constrs_1/imports/Resources/Basys3_constraints.xdc:17]
CRITICAL WARNING: [Common 17-55] 'set_property' expects at least one object. [Z:/Documents/git/CPE-233-Otter/HW6-MCU/MCU/MCU.srcs/constrs_1/imports/Resources/Basys3_constraints.xdc:17]
Resolution: If [get_<value>] was used to populate the object, check to make sure this command returns at least one valid object.
WARNING: [Vivado 12-584] No ports matched 'SWITCHES[12]'. [Z:/Documents/git/CPE-233-Otter/HW6-MCU/MCU/MCU.srcs/constrs_1/imports/Resources/Basys3_constraints.xdc:18]
CRITICAL WARNING: [Common 17-55] 'set_property' expects at least one object. [Z:/Documents/git/CPE-233-Otter/HW6-MCU/MCU/MCU.srcs/constrs_1/imports/Resources/Basys3_constraints.xdc:18]
Resolution: If [get_<value>] was used to populate the object, check to make sure this command returns at least one valid object.
WARNING: [Vivado 12-584] No ports matched 'SWITCHES[12]'. [Z:/Documents/git/CPE-233-Otter/HW6-MCU/MCU/MCU.srcs/constrs_1/imports/Resources/Basys3_constraints.xdc:19]
CRITICAL WARNING: [Common 17-55] 'set_property' expects at least one object. [Z:/Documents/git/CPE-233-Otter/HW6-MCU/MCU/MCU.srcs/constrs_1/imports/Resources/Basys3_constraints.xdc:19]
Resolution: If [get_<value>] was used to populate the object, check to make sure this command returns at least one valid object.
WARNING: [Vivado 12-584] No ports matched 'SWITCHES[11]'. [Z:/Documents/git/CPE-233-Otter/HW6-MCU/MCU/MCU.srcs/constrs_1/imports/Resources/Basys3_constraints.xdc:20]
CRITICAL WARNING: [Common 17-55] 'set_property' expects at least one object. [Z:/Documents/git/CPE-233-Otter/HW6-MCU/MCU/MCU.srcs/constrs_1/imports/Resources/Basys3_constraints.xdc:20]
Resolution: If [get_<value>] was used to populate the object, check to make sure this command returns at least one valid object.
WARNING: [Vivado 12-584] No ports matched 'SWITCHES[11]'. [Z:/Documents/git/CPE-233-Otter/HW6-MCU/MCU/MCU.srcs/constrs_1/imports/Resources/Basys3_constraints.xdc:21]
CRITICAL WARNING: [Common 17-55] 'set_property' expects at least one object. [Z:/Documents/git/CPE-233-Otter/HW6-MCU/MCU/MCU.srcs/constrs_1/imports/Resources/Basys3_constraints.xdc:21]
Resolution: If [get_<value>] was used to populate the object, check to make sure this command returns at least one valid object.
WARNING: [Vivado 12-584] No ports matched 'SWITCHES[10]'. [Z:/Documents/git/CPE-233-Otter/HW6-MCU/MCU/MCU.srcs/constrs_1/imports/Resources/Basys3_constraints.xdc:22]
CRITICAL WARNING: [Common 17-55] 'set_property' expects at least one object. [Z:/Documents/git/CPE-233-Otter/HW6-MCU/MCU/MCU.srcs/constrs_1/imports/Resources/Basys3_constraints.xdc:22]
Resolution: If [get_<value>] was used to populate the object, check to make sure this command returns at least one valid object.
WARNING: [Vivado 12-584] No ports matched 'SWITCHES[10]'. [Z:/Documents/git/CPE-233-Otter/HW6-MCU/MCU/MCU.srcs/constrs_1/imports/Resources/Basys3_constraints.xdc:23]
CRITICAL WARNING: [Common 17-55] 'set_property' expects at least one object. [Z:/Documents/git/CPE-233-Otter/HW6-MCU/MCU/MCU.srcs/constrs_1/imports/Resources/Basys3_constraints.xdc:23]
Resolution: If [get_<value>] was used to populate the object, check to make sure this command returns at least one valid object.
WARNING: [Vivado 12-584] No ports matched 'SWITCHES[9]'. [Z:/Documents/git/CPE-233-Otter/HW6-MCU/MCU/MCU.srcs/constrs_1/imports/Resources/Basys3_constraints.xdc:24]
CRITICAL WARNING: [Common 17-55] 'set_property' expects at least one object. [Z:/Documents/git/CPE-233-Otter/HW6-MCU/MCU/MCU.srcs/constrs_1/imports/Resources/Basys3_constraints.xdc:24]
Resolution: If [get_<value>] was used to populate the object, check to make sure this command returns at least one valid object.
WARNING: [Vivado 12-584] No ports matched 'SWITCHES[9]'. [Z:/Documents/git/CPE-233-Otter/HW6-MCU/MCU/MCU.srcs/constrs_1/imports/Resources/Basys3_constraints.xdc:25]
CRITICAL WARNING: [Common 17-55] 'set_property' expects at least one object. [Z:/Documents/git/CPE-233-Otter/HW6-MCU/MCU/MCU.srcs/constrs_1/imports/Resources/Basys3_constraints.xdc:25]
Resolution: If [get_<value>] was used to populate the object, check to make sure this command returns at least one valid object.
WARNING: [Vivado 12-584] No ports matched 'SWITCHES[8]'. [Z:/Documents/git/CPE-233-Otter/HW6-MCU/MCU/MCU.srcs/constrs_1/imports/Resources/Basys3_constraints.xdc:26]
CRITICAL WARNING: [Common 17-55] 'set_property' expects at least one object. [Z:/Documents/git/CPE-233-Otter/HW6-MCU/MCU/MCU.srcs/constrs_1/imports/Resources/Basys3_constraints.xdc:26]
Resolution: If [get_<value>] was used to populate the object, check to make sure this command returns at least one valid object.
WARNING: [Vivado 12-584] No ports matched 'SWITCHES[8]'. [Z:/Documents/git/CPE-233-Otter/HW6-MCU/MCU/MCU.srcs/constrs_1/imports/Resources/Basys3_constraints.xdc:27]
CRITICAL WARNING: [Common 17-55] 'set_property' expects at least one object. [Z:/Documents/git/CPE-233-Otter/HW6-MCU/MCU/MCU.srcs/constrs_1/imports/Resources/Basys3_constraints.xdc:27]
Resolution: If [get_<value>] was used to populate the object, check to make sure this command returns at least one valid object.
WARNING: [Vivado 12-584] No ports matched 'SWITCHES[7]'. [Z:/Documents/git/CPE-233-Otter/HW6-MCU/MCU/MCU.srcs/constrs_1/imports/Resources/Basys3_constraints.xdc:28]
CRITICAL WARNING: [Common 17-55] 'set_property' expects at least one object. [Z:/Documents/git/CPE-233-Otter/HW6-MCU/MCU/MCU.srcs/constrs_1/imports/Resources/Basys3_constraints.xdc:28]
Resolution: If [get_<value>] was used to populate the object, check to make sure this command returns at least one valid object.
WARNING: [Vivado 12-584] No ports matched 'SWITCHES[7]'. [Z:/Documents/git/CPE-233-Otter/HW6-MCU/MCU/MCU.srcs/constrs_1/imports/Resources/Basys3_constraints.xdc:29]
CRITICAL WARNING: [Common 17-55] 'set_property' expects at least one object. [Z:/Documents/git/CPE-233-Otter/HW6-MCU/MCU/MCU.srcs/constrs_1/imports/Resources/Basys3_constraints.xdc:29]
Resolution: If [get_<value>] was used to populate the object, check to make sure this command returns at least one valid object.
WARNING: [Vivado 12-584] No ports matched 'SWITCHES[6]'. [Z:/Documents/git/CPE-233-Otter/HW6-MCU/MCU/MCU.srcs/constrs_1/imports/Resources/Basys3_constraints.xdc:30]
CRITICAL WARNING: [Common 17-55] 'set_property' expects at least one object. [Z:/Documents/git/CPE-233-Otter/HW6-MCU/MCU/MCU.srcs/constrs_1/imports/Resources/Basys3_constraints.xdc:30]
Resolution: If [get_<value>] was used to populate the object, check to make sure this command returns at least one valid object.
WARNING: [Vivado 12-584] No ports matched 'SWITCHES[6]'. [Z:/Documents/git/CPE-233-Otter/HW6-MCU/MCU/MCU.srcs/constrs_1/imports/Resources/Basys3_constraints.xdc:31]
CRITICAL WARNING: [Common 17-55] 'set_property' expects at least one object. [Z:/Documents/git/CPE-233-Otter/HW6-MCU/MCU/MCU.srcs/constrs_1/imports/Resources/Basys3_constraints.xdc:31]
Resolution: If [get_<value>] was used to populate the object, check to make sure this command returns at least one valid object.
WARNING: [Vivado 12-584] No ports matched 'SWITCHES[5]'. [Z:/Documents/git/CPE-233-Otter/HW6-MCU/MCU/MCU.srcs/constrs_1/imports/Resources/Basys3_constraints.xdc:32]
CRITICAL WARNING: [Common 17-55] 'set_property' expects at least one object. [Z:/Documents/git/CPE-233-Otter/HW6-MCU/MCU/MCU.srcs/constrs_1/imports/Resources/Basys3_constraints.xdc:32]
Resolution: If [get_<value>] was used to populate the object, check to make sure this command returns at least one valid object.
WARNING: [Vivado 12-584] No ports matched 'SWITCHES[5]'. [Z:/Documents/git/CPE-233-Otter/HW6-MCU/MCU/MCU.srcs/constrs_1/imports/Resources/Basys3_constraints.xdc:33]
CRITICAL WARNING: [Common 17-55] 'set_property' expects at least one object. [Z:/Documents/git/CPE-233-Otter/HW6-MCU/MCU/MCU.srcs/constrs_1/imports/Resources/Basys3_constraints.xdc:33]
Resolution: If [get_<value>] was used to populate the object, check to make sure this command returns at least one valid object.
WARNING: [Vivado 12-584] No ports matched 'SWITCHES[4]'. [Z:/Documents/git/CPE-233-Otter/HW6-MCU/MCU/MCU.srcs/constrs_1/imports/Resources/Basys3_constraints.xdc:34]
CRITICAL WARNING: [Common 17-55] 'set_property' expects at least one object. [Z:/Documents/git/CPE-233-Otter/HW6-MCU/MCU/MCU.srcs/constrs_1/imports/Resources/Basys3_constraints.xdc:34]
Resolution: If [get_<value>] was used to populate the object, check to make sure this command returns at least one valid object.
WARNING: [Vivado 12-584] No ports matched 'SWITCHES[4]'. [Z:/Documents/git/CPE-233-Otter/HW6-MCU/MCU/MCU.srcs/constrs_1/imports/Resources/Basys3_constraints.xdc:35]
CRITICAL WARNING: [Common 17-55] 'set_property' expects at least one object. [Z:/Documents/git/CPE-233-Otter/HW6-MCU/MCU/MCU.srcs/constrs_1/imports/Resources/Basys3_constraints.xdc:35]
Resolution: If [get_<value>] was used to populate the object, check to make sure this command returns at least one valid object.
WARNING: [Vivado 12-584] No ports matched 'SWITCHES[3]'. [Z:/Documents/git/CPE-233-Otter/HW6-MCU/MCU/MCU.srcs/constrs_1/imports/Resources/Basys3_constraints.xdc:36]
CRITICAL WARNING: [Common 17-55] 'set_property' expects at least one object. [Z:/Documents/git/CPE-233-Otter/HW6-MCU/MCU/MCU.srcs/constrs_1/imports/Resources/Basys3_constraints.xdc:36]
Resolution: If [get_<value>] was used to populate the object, check to make sure this command returns at least one valid object.
WARNING: [Vivado 12-584] No ports matched 'SWITCHES[3]'. [Z:/Documents/git/CPE-233-Otter/HW6-MCU/MCU/MCU.srcs/constrs_1/imports/Resources/Basys3_constraints.xdc:37]
CRITICAL WARNING: [Common 17-55] 'set_property' expects at least one object. [Z:/Documents/git/CPE-233-Otter/HW6-MCU/MCU/MCU.srcs/constrs_1/imports/Resources/Basys3_constraints.xdc:37]
Resolution: If [get_<value>] was used to populate the object, check to make sure this command returns at least one valid object.
WARNING: [Vivado 12-584] No ports matched 'SWITCHES[2]'. [Z:/Documents/git/CPE-233-Otter/HW6-MCU/MCU/MCU.srcs/constrs_1/imports/Resources/Basys3_constraints.xdc:38]
CRITICAL WARNING: [Common 17-55] 'set_property' expects at least one object. [Z:/Documents/git/CPE-233-Otter/HW6-MCU/MCU/MCU.srcs/constrs_1/imports/Resources/Basys3_constraints.xdc:38]
Resolution: If [get_<value>] was used to populate the object, check to make sure this command returns at least one valid object.
WARNING: [Vivado 12-584] No ports matched 'SWITCHES[2]'. [Z:/Documents/git/CPE-233-Otter/HW6-MCU/MCU/MCU.srcs/constrs_1/imports/Resources/Basys3_constraints.xdc:39]
CRITICAL WARNING: [Common 17-55] 'set_property' expects at least one object. [Z:/Documents/git/CPE-233-Otter/HW6-MCU/MCU/MCU.srcs/constrs_1/imports/Resources/Basys3_constraints.xdc:39]
Resolution: If [get_<value>] was used to populate the object, check to make sure this command returns at least one valid object.
WARNING: [Vivado 12-584] No ports matched 'SWITCHES[1]'. [Z:/Documents/git/CPE-233-Otter/HW6-MCU/MCU/MCU.srcs/constrs_1/imports/Resources/Basys3_constraints.xdc:40]
CRITICAL WARNING: [Common 17-55] 'set_property' expects at least one object. [Z:/Documents/git/CPE-233-Otter/HW6-MCU/MCU/MCU.srcs/constrs_1/imports/Resources/Basys3_constraints.xdc:40]
Resolution: If [get_<value>] was used to populate the object, check to make sure this command returns at least one valid object.
WARNING: [Vivado 12-584] No ports matched 'SWITCHES[1]'. [Z:/Documents/git/CPE-233-Otter/HW6-MCU/MCU/MCU.srcs/constrs_1/imports/Resources/Basys3_constraints.xdc:41]
CRITICAL WARNING: [Common 17-55] 'set_property' expects at least one object. [Z:/Documents/git/CPE-233-Otter/HW6-MCU/MCU/MCU.srcs/constrs_1/imports/Resources/Basys3_constraints.xdc:41]
Resolution: If [get_<value>] was used to populate the object, check to make sure this command returns at least one valid object.
WARNING: [Vivado 12-584] No ports matched 'SWITCHES[0]'. [Z:/Documents/git/CPE-233-Otter/HW6-MCU/MCU/MCU.srcs/constrs_1/imports/Resources/Basys3_constraints.xdc:42]
CRITICAL WARNING: [Common 17-55] 'set_property' expects at least one object. [Z:/Documents/git/CPE-233-Otter/HW6-MCU/MCU/MCU.srcs/constrs_1/imports/Resources/Basys3_constraints.xdc:42]
Resolution: If [get_<value>] was used to populate the object, check to make sure this command returns at least one valid object.
WARNING: [Vivado 12-584] No ports matched 'SWITCHES[0]'. [Z:/Documents/git/CPE-233-Otter/HW6-MCU/MCU/MCU.srcs/constrs_1/imports/Resources/Basys3_constraints.xdc:43]
CRITICAL WARNING: [Common 17-55] 'set_property' expects at least one object. [Z:/Documents/git/CPE-233-Otter/HW6-MCU/MCU/MCU.srcs/constrs_1/imports/Resources/Basys3_constraints.xdc:43]
Resolution: If [get_<value>] was used to populate the object, check to make sure this command returns at least one valid object.
WARNING: [Vivado 12-584] No ports matched 'LEDS[15]'. [Z:/Documents/git/CPE-233-Otter/HW6-MCU/MCU/MCU.srcs/constrs_1/imports/Resources/Basys3_constraints.xdc:47]
CRITICAL WARNING: [Common 17-55] 'set_property' expects at least one object. [Z:/Documents/git/CPE-233-Otter/HW6-MCU/MCU/MCU.srcs/constrs_1/imports/Resources/Basys3_constraints.xdc:47]
Resolution: If [get_<value>] was used to populate the object, check to make sure this command returns at least one valid object.
WARNING: [Vivado 12-584] No ports matched 'LEDS[15]'. [Z:/Documents/git/CPE-233-Otter/HW6-MCU/MCU/MCU.srcs/constrs_1/imports/Resources/Basys3_constraints.xdc:48]
CRITICAL WARNING: [Common 17-55] 'set_property' expects at least one object. [Z:/Documents/git/CPE-233-Otter/HW6-MCU/MCU/MCU.srcs/constrs_1/imports/Resources/Basys3_constraints.xdc:48]
Resolution: If [get_<value>] was used to populate the object, check to make sure this command returns at least one valid object.
WARNING: [Vivado 12-584] No ports matched 'LEDS[14]'. [Z:/Documents/git/CPE-233-Otter/HW6-MCU/MCU/MCU.srcs/constrs_1/imports/Resources/Basys3_constraints.xdc:49]
CRITICAL WARNING: [Common 17-55] 'set_property' expects at least one object. [Z:/Documents/git/CPE-233-Otter/HW6-MCU/MCU/MCU.srcs/constrs_1/imports/Resources/Basys3_constraints.xdc:49]
Resolution: If [get_<value>] was used to populate the object, check to make sure this command returns at least one valid object.
WARNING: [Vivado 12-584] No ports matched 'LEDS[14]'. [Z:/Documents/git/CPE-233-Otter/HW6-MCU/MCU/MCU.srcs/constrs_1/imports/Resources/Basys3_constraints.xdc:50]
CRITICAL WARNING: [Common 17-55] 'set_property' expects at least one object. [Z:/Documents/git/CPE-233-Otter/HW6-MCU/MCU/MCU.srcs/constrs_1/imports/Resources/Basys3_constraints.xdc:50]
Resolution: If [get_<value>] was used to populate the object, check to make sure this command returns at least one valid object.
WARNING: [Vivado 12-584] No ports matched 'LEDS[13]'. [Z:/Documents/git/CPE-233-Otter/HW6-MCU/MCU/MCU.srcs/constrs_1/imports/Resources/Basys3_constraints.xdc:51]
CRITICAL WARNING: [Common 17-55] 'set_property' expects at least one object. [Z:/Documents/git/CPE-233-Otter/HW6-MCU/MCU/MCU.srcs/constrs_1/imports/Resources/Basys3_constraints.xdc:51]
Resolution: If [get_<value>] was used to populate the object, check to make sure this command returns at least one valid object.
WARNING: [Vivado 12-584] No ports matched 'LEDS[13]'. [Z:/Documents/git/CPE-233-Otter/HW6-MCU/MCU/MCU.srcs/constrs_1/imports/Resources/Basys3_constraints.xdc:52]
CRITICAL WARNING: [Common 17-55] 'set_property' expects at least one object. [Z:/Documents/git/CPE-233-Otter/HW6-MCU/MCU/MCU.srcs/constrs_1/imports/Resources/Basys3_constraints.xdc:52]
Resolution: If [get_<value>] was used to populate the object, check to make sure this command returns at least one valid object.
WARNING: [Vivado 12-584] No ports matched 'LEDS[12]'. [Z:/Documents/git/CPE-233-Otter/HW6-MCU/MCU/MCU.srcs/constrs_1/imports/Resources/Basys3_constraints.xdc:53]
CRITICAL WARNING: [Common 17-55] 'set_property' expects at least one object. [Z:/Documents/git/CPE-233-Otter/HW6-MCU/MCU/MCU.srcs/constrs_1/imports/Resources/Basys3_constraints.xdc:53]
Resolution: If [get_<value>] was used to populate the object, check to make sure this command returns at least one valid object.
WARNING: [Vivado 12-584] No ports matched 'LEDS[12]'. [Z:/Documents/git/CPE-233-Otter/HW6-MCU/MCU/MCU.srcs/constrs_1/imports/Resources/Basys3_constraints.xdc:54]
CRITICAL WARNING: [Common 17-55] 'set_property' expects at least one object. [Z:/Documents/git/CPE-233-Otter/HW6-MCU/MCU/MCU.srcs/constrs_1/imports/Resources/Basys3_constraints.xdc:54]
Resolution: If [get_<value>] was used to populate the object, check to make sure this command returns at least one valid object.
WARNING: [Vivado 12-584] No ports matched 'LEDS[11]'. [Z:/Documents/git/CPE-233-Otter/HW6-MCU/MCU/MCU.srcs/constrs_1/imports/Resources/Basys3_constraints.xdc:55]
CRITICAL WARNING: [Common 17-55] 'set_property' expects at least one object. [Z:/Documents/git/CPE-233-Otter/HW6-MCU/MCU/MCU.srcs/constrs_1/imports/Resources/Basys3_constraints.xdc:55]
Resolution: If [get_<value>] was used to populate the object, check to make sure this command returns at least one valid object.
WARNING: [Vivado 12-584] No ports matched 'LEDS[11]'. [Z:/Documents/git/CPE-233-Otter/HW6-MCU/MCU/MCU.srcs/constrs_1/imports/Resources/Basys3_constraints.xdc:56]
CRITICAL WARNING: [Common 17-55] 'set_property' expects at least one object. [Z:/Documents/git/CPE-233-Otter/HW6-MCU/MCU/MCU.srcs/constrs_1/imports/Resources/Basys3_constraints.xdc:56]
Resolution: If [get_<value>] was used to populate the object, check to make sure this command returns at least one valid object.
WARNING: [Vivado 12-584] No ports matched 'LEDS[10]'. [Z:/Documents/git/CPE-233-Otter/HW6-MCU/MCU/MCU.srcs/constrs_1/imports/Resources/Basys3_constraints.xdc:57]
CRITICAL WARNING: [Common 17-55] 'set_property' expects at least one object. [Z:/Documents/git/CPE-233-Otter/HW6-MCU/MCU/MCU.srcs/constrs_1/imports/Resources/Basys3_constraints.xdc:57]
Resolution: If [get_<value>] was used to populate the object, check to make sure this command returns at least one valid object.
WARNING: [Vivado 12-584] No ports matched 'LEDS[10]'. [Z:/Documents/git/CPE-233-Otter/HW6-MCU/MCU/MCU.srcs/constrs_1/imports/Resources/Basys3_constraints.xdc:58]
CRITICAL WARNING: [Common 17-55] 'set_property' expects at least one object. [Z:/Documents/git/CPE-233-Otter/HW6-MCU/MCU/MCU.srcs/constrs_1/imports/Resources/Basys3_constraints.xdc:58]
Resolution: If [get_<value>] was used to populate the object, check to make sure this command returns at least one valid object.
WARNING: [Vivado 12-584] No ports matched 'LEDS[9]'. [Z:/Documents/git/CPE-233-Otter/HW6-MCU/MCU/MCU.srcs/constrs_1/imports/Resources/Basys3_constraints.xdc:59]
CRITICAL WARNING: [Common 17-55] 'set_property' expects at least one object. [Z:/Documents/git/CPE-233-Otter/HW6-MCU/MCU/MCU.srcs/constrs_1/imports/Resources/Basys3_constraints.xdc:59]
Resolution: If [get_<value>] was used to populate the object, check to make sure this command returns at least one valid object.
WARNING: [Vivado 12-584] No ports matched 'LEDS[9]'. [Z:/Documents/git/CPE-233-Otter/HW6-MCU/MCU/MCU.srcs/constrs_1/imports/Resources/Basys3_constraints.xdc:60]
CRITICAL WARNING: [Common 17-55] 'set_property' expects at least one object. [Z:/Documents/git/CPE-233-Otter/HW6-MCU/MCU/MCU.srcs/constrs_1/imports/Resources/Basys3_constraints.xdc:60]
Resolution: If [get_<value>] was used to populate the object, check to make sure this command returns at least one valid object.
WARNING: [Vivado 12-584] No ports matched 'LEDS[8]'. [Z:/Documents/git/CPE-233-Otter/HW6-MCU/MCU/MCU.srcs/constrs_1/imports/Resources/Basys3_constraints.xdc:61]
CRITICAL WARNING: [Common 17-55] 'set_property' expects at least one object. [Z:/Documents/git/CPE-233-Otter/HW6-MCU/MCU/MCU.srcs/constrs_1/imports/Resources/Basys3_constraints.xdc:61]
Resolution: If [get_<value>] was used to populate the object, check to make sure this command returns at least one valid object.
WARNING: [Vivado 12-584] No ports matched 'LEDS[8]'. [Z:/Documents/git/CPE-233-Otter/HW6-MCU/MCU/MCU.srcs/constrs_1/imports/Resources/Basys3_constraints.xdc:62]
CRITICAL WARNING: [Common 17-55] 'set_property' expects at least one object. [Z:/Documents/git/CPE-233-Otter/HW6-MCU/MCU/MCU.srcs/constrs_1/imports/Resources/Basys3_constraints.xdc:62]
Resolution: If [get_<value>] was used to populate the object, check to make sure this command returns at least one valid object.
WARNING: [Vivado 12-584] No ports matched 'LEDS[7]'. [Z:/Documents/git/CPE-233-Otter/HW6-MCU/MCU/MCU.srcs/constrs_1/imports/Resources/Basys3_constraints.xdc:63]
CRITICAL WARNING: [Common 17-55] 'set_property' expects at least one object. [Z:/Documents/git/CPE-233-Otter/HW6-MCU/MCU/MCU.srcs/constrs_1/imports/Resources/Basys3_constraints.xdc:63]
Resolution: If [get_<value>] was used to populate the object, check to make sure this command returns at least one valid object.
WARNING: [Vivado 12-584] No ports matched 'LEDS[7]'. [Z:/Documents/git/CPE-233-Otter/HW6-MCU/MCU/MCU.srcs/constrs_1/imports/Resources/Basys3_constraints.xdc:64]
CRITICAL WARNING: [Common 17-55] 'set_property' expects at least one object. [Z:/Documents/git/CPE-233-Otter/HW6-MCU/MCU/MCU.srcs/constrs_1/imports/Resources/Basys3_constraints.xdc:64]
Resolution: If [get_<value>] was used to populate the object, check to make sure this command returns at least one valid object.
WARNING: [Vivado 12-584] No ports matched 'LEDS[6]'. [Z:/Documents/git/CPE-233-Otter/HW6-MCU/MCU/MCU.srcs/constrs_1/imports/Resources/Basys3_constraints.xdc:65]
CRITICAL WARNING: [Common 17-55] 'set_property' expects at least one object. [Z:/Documents/git/CPE-233-Otter/HW6-MCU/MCU/MCU.srcs/constrs_1/imports/Resources/Basys3_constraints.xdc:65]
Resolution: If [get_<value>] was used to populate the object, check to make sure this command returns at least one valid object.
WARNING: [Vivado 12-584] No ports matched 'LEDS[6]'. [Z:/Documents/git/CPE-233-Otter/HW6-MCU/MCU/MCU.srcs/constrs_1/imports/Resources/Basys3_constraints.xdc:66]
CRITICAL WARNING: [Common 17-55] 'set_property' expects at least one object. [Z:/Documents/git/CPE-233-Otter/HW6-MCU/MCU/MCU.srcs/constrs_1/imports/Resources/Basys3_constraints.xdc:66]
Resolution: If [get_<value>] was used to populate the object, check to make sure this command returns at least one valid object.
WARNING: [Vivado 12-584] No ports matched 'LEDS[5]'. [Z:/Documents/git/CPE-233-Otter/HW6-MCU/MCU/MCU.srcs/constrs_1/imports/Resources/Basys3_constraints.xdc:67]
CRITICAL WARNING: [Common 17-55] 'set_property' expects at least one object. [Z:/Documents/git/CPE-233-Otter/HW6-MCU/MCU/MCU.srcs/constrs_1/imports/Resources/Basys3_constraints.xdc:67]
Resolution: If [get_<value>] was used to populate the object, check to make sure this command returns at least one valid object.
WARNING: [Vivado 12-584] No ports matched 'LEDS[5]'. [Z:/Documents/git/CPE-233-Otter/HW6-MCU/MCU/MCU.srcs/constrs_1/imports/Resources/Basys3_constraints.xdc:68]
CRITICAL WARNING: [Common 17-55] 'set_property' expects at least one object. [Z:/Documents/git/CPE-233-Otter/HW6-MCU/MCU/MCU.srcs/constrs_1/imports/Resources/Basys3_constraints.xdc:68]
Resolution: If [get_<value>] was used to populate the object, check to make sure this command returns at least one valid object.
WARNING: [Vivado 12-584] No ports matched 'LEDS[4]'. [Z:/Documents/git/CPE-233-Otter/HW6-MCU/MCU/MCU.srcs/constrs_1/imports/Resources/Basys3_constraints.xdc:69]
CRITICAL WARNING: [Common 17-55] 'set_property' expects at least one object. [Z:/Documents/git/CPE-233-Otter/HW6-MCU/MCU/MCU.srcs/constrs_1/imports/Resources/Basys3_constraints.xdc:69]
Resolution: If [get_<value>] was used to populate the object, check to make sure this command returns at least one valid object.
WARNING: [Vivado 12-584] No ports matched 'LEDS[4]'. [Z:/Documents/git/CPE-233-Otter/HW6-MCU/MCU/MCU.srcs/constrs_1/imports/Resources/Basys3_constraints.xdc:70]
CRITICAL WARNING: [Common 17-55] 'set_property' expects at least one object. [Z:/Documents/git/CPE-233-Otter/HW6-MCU/MCU/MCU.srcs/constrs_1/imports/Resources/Basys3_constraints.xdc:70]
Resolution: If [get_<value>] was used to populate the object, check to make sure this command returns at least one valid object.
WARNING: [Vivado 12-584] No ports matched 'LEDS[3]'. [Z:/Documents/git/CPE-233-Otter/HW6-MCU/MCU/MCU.srcs/constrs_1/imports/Resources/Basys3_constraints.xdc:71]
CRITICAL WARNING: [Common 17-55] 'set_property' expects at least one object. [Z:/Documents/git/CPE-233-Otter/HW6-MCU/MCU/MCU.srcs/constrs_1/imports/Resources/Basys3_constraints.xdc:71]
Resolution: If [get_<value>] was used to populate the object, check to make sure this command returns at least one valid object.
WARNING: [Vivado 12-584] No ports matched 'LEDS[3]'. [Z:/Documents/git/CPE-233-Otter/HW6-MCU/MCU/MCU.srcs/constrs_1/imports/Resources/Basys3_constraints.xdc:72]
CRITICAL WARNING: [Common 17-55] 'set_property' expects at least one object. [Z:/Documents/git/CPE-233-Otter/HW6-MCU/MCU/MCU.srcs/constrs_1/imports/Resources/Basys3_constraints.xdc:72]
Resolution: If [get_<value>] was used to populate the object, check to make sure this command returns at least one valid object.
WARNING: [Vivado 12-584] No ports matched 'LEDS[2]'. [Z:/Documents/git/CPE-233-Otter/HW6-MCU/MCU/MCU.srcs/constrs_1/imports/Resources/Basys3_constraints.xdc:73]
CRITICAL WARNING: [Common 17-55] 'set_property' expects at least one object. [Z:/Documents/git/CPE-233-Otter/HW6-MCU/MCU/MCU.srcs/constrs_1/imports/Resources/Basys3_constraints.xdc:73]
Resolution: If [get_<value>] was used to populate the object, check to make sure this command returns at least one valid object.
WARNING: [Vivado 12-584] No ports matched 'LEDS[2]'. [Z:/Documents/git/CPE-233-Otter/HW6-MCU/MCU/MCU.srcs/constrs_1/imports/Resources/Basys3_constraints.xdc:74]
CRITICAL WARNING: [Common 17-55] 'set_property' expects at least one object. [Z:/Documents/git/CPE-233-Otter/HW6-MCU/MCU/MCU.srcs/constrs_1/imports/Resources/Basys3_constraints.xdc:74]
Resolution: If [get_<value>] was used to populate the object, check to make sure this command returns at least one valid object.
WARNING: [Vivado 12-584] No ports matched 'LEDS[1]'. [Z:/Documents/git/CPE-233-Otter/HW6-MCU/MCU/MCU.srcs/constrs_1/imports/Resources/Basys3_constraints.xdc:75]
CRITICAL WARNING: [Common 17-55] 'set_property' expects at least one object. [Z:/Documents/git/CPE-233-Otter/HW6-MCU/MCU/MCU.srcs/constrs_1/imports/Resources/Basys3_constraints.xdc:75]
Resolution: If [get_<value>] was used to populate the object, check to make sure this command returns at least one valid object.
WARNING: [Vivado 12-584] No ports matched 'LEDS[1]'. [Z:/Documents/git/CPE-233-Otter/HW6-MCU/MCU/MCU.srcs/constrs_1/imports/Resources/Basys3_constraints.xdc:76]
CRITICAL WARNING: [Common 17-55] 'set_property' expects at least one object. [Z:/Documents/git/CPE-233-Otter/HW6-MCU/MCU/MCU.srcs/constrs_1/imports/Resources/Basys3_constraints.xdc:76]
Resolution: If [get_<value>] was used to populate the object, check to make sure this command returns at least one valid object.
WARNING: [Vivado 12-584] No ports matched 'LEDS[0]'. [Z:/Documents/git/CPE-233-Otter/HW6-MCU/MCU/MCU.srcs/constrs_1/imports/Resources/Basys3_constraints.xdc:77]
CRITICAL WARNING: [Common 17-55] 'set_property' expects at least one object. [Z:/Documents/git/CPE-233-Otter/HW6-MCU/MCU/MCU.srcs/constrs_1/imports/Resources/Basys3_constraints.xdc:77]
Resolution: If [get_<value>] was used to populate the object, check to make sure this command returns at least one valid object.
WARNING: [Vivado 12-584] No ports matched 'LEDS[0]'. [Z:/Documents/git/CPE-233-Otter/HW6-MCU/MCU/MCU.srcs/constrs_1/imports/Resources/Basys3_constraints.xdc:78]
CRITICAL WARNING: [Common 17-55] 'set_property' expects at least one object. [Z:/Documents/git/CPE-233-Otter/HW6-MCU/MCU/MCU.srcs/constrs_1/imports/Resources/Basys3_constraints.xdc:78]
Resolution: If [get_<value>] was used to populate the object, check to make sure this command returns at least one valid object.
WARNING: [Vivado 12-584] No ports matched 'CATHODES[6]'. [Z:/Documents/git/CPE-233-Otter/HW6-MCU/MCU/MCU.srcs/constrs_1/imports/Resources/Basys3_constraints.xdc:82]
CRITICAL WARNING: [Common 17-55] 'set_property' expects at least one object. [Z:/Documents/git/CPE-233-Otter/HW6-MCU/MCU/MCU.srcs/constrs_1/imports/Resources/Basys3_constraints.xdc:82]
Resolution: If [get_<value>] was used to populate the object, check to make sure this command returns at least one valid object.
WARNING: [Vivado 12-584] No ports matched 'CATHODES[6]'. [Z:/Documents/git/CPE-233-Otter/HW6-MCU/MCU/MCU.srcs/constrs_1/imports/Resources/Basys3_constraints.xdc:83]
CRITICAL WARNING: [Common 17-55] 'set_property' expects at least one object. [Z:/Documents/git/CPE-233-Otter/HW6-MCU/MCU/MCU.srcs/constrs_1/imports/Resources/Basys3_constraints.xdc:83]
Resolution: If [get_<value>] was used to populate the object, check to make sure this command returns at least one valid object.
WARNING: [Vivado 12-584] No ports matched 'CATHODES[5]'. [Z:/Documents/git/CPE-233-Otter/HW6-MCU/MCU/MCU.srcs/constrs_1/imports/Resources/Basys3_constraints.xdc:84]
CRITICAL WARNING: [Common 17-55] 'set_property' expects at least one object. [Z:/Documents/git/CPE-233-Otter/HW6-MCU/MCU/MCU.srcs/constrs_1/imports/Resources/Basys3_constraints.xdc:84]
Resolution: If [get_<value>] was used to populate the object, check to make sure this command returns at least one valid object.
WARNING: [Vivado 12-584] No ports matched 'CATHODES[5]'. [Z:/Documents/git/CPE-233-Otter/HW6-MCU/MCU/MCU.srcs/constrs_1/imports/Resources/Basys3_constraints.xdc:85]
CRITICAL WARNING: [Common 17-55] 'set_property' expects at least one object. [Z:/Documents/git/CPE-233-Otter/HW6-MCU/MCU/MCU.srcs/constrs_1/imports/Resources/Basys3_constraints.xdc:85]
Resolution: If [get_<value>] was used to populate the object, check to make sure this command returns at least one valid object.
WARNING: [Vivado 12-584] No ports matched 'CATHODES[4]'. [Z:/Documents/git/CPE-233-Otter/HW6-MCU/MCU/MCU.srcs/constrs_1/imports/Resources/Basys3_constraints.xdc:86]
CRITICAL WARNING: [Common 17-55] 'set_property' expects at least one object. [Z:/Documents/git/CPE-233-Otter/HW6-MCU/MCU/MCU.srcs/constrs_1/imports/Resources/Basys3_constraints.xdc:86]
Resolution: If [get_<value>] was used to populate the object, check to make sure this command returns at least one valid object.
WARNING: [Vivado 12-584] No ports matched 'CATHODES[4]'. [Z:/Documents/git/CPE-233-Otter/HW6-MCU/MCU/MCU.srcs/constrs_1/imports/Resources/Basys3_constraints.xdc:87]
CRITICAL WARNING: [Common 17-55] 'set_property' expects at least one object. [Z:/Documents/git/CPE-233-Otter/HW6-MCU/MCU/MCU.srcs/constrs_1/imports/Resources/Basys3_constraints.xdc:87]
Resolution: If [get_<value>] was used to populate the object, check to make sure this command returns at least one valid object.
WARNING: [Vivado 12-584] No ports matched 'CATHODES[3]'. [Z:/Documents/git/CPE-233-Otter/HW6-MCU/MCU/MCU.srcs/constrs_1/imports/Resources/Basys3_constraints.xdc:88]
CRITICAL WARNING: [Common 17-55] 'set_property' expects at least one object. [Z:/Documents/git/CPE-233-Otter/HW6-MCU/MCU/MCU.srcs/constrs_1/imports/Resources/Basys3_constraints.xdc:88]
Resolution: If [get_<value>] was used to populate the object, check to make sure this command returns at least one valid object.
WARNING: [Vivado 12-584] No ports matched 'CATHODES[3]'. [Z:/Documents/git/CPE-233-Otter/HW6-MCU/MCU/MCU.srcs/constrs_1/imports/Resources/Basys3_constraints.xdc:89]
CRITICAL WARNING: [Common 17-55] 'set_property' expects at least one object. [Z:/Documents/git/CPE-233-Otter/HW6-MCU/MCU/MCU.srcs/constrs_1/imports/Resources/Basys3_constraints.xdc:89]
Resolution: If [get_<value>] was used to populate the object, check to make sure this command returns at least one valid object.
WARNING: [Vivado 12-584] No ports matched 'CATHODES[2]'. [Z:/Documents/git/CPE-233-Otter/HW6-MCU/MCU/MCU.srcs/constrs_1/imports/Resources/Basys3_constraints.xdc:90]
CRITICAL WARNING: [Common 17-55] 'set_property' expects at least one object. [Z:/Documents/git/CPE-233-Otter/HW6-MCU/MCU/MCU.srcs/constrs_1/imports/Resources/Basys3_constraints.xdc:90]
Resolution: If [get_<value>] was used to populate the object, check to make sure this command returns at least one valid object.
WARNING: [Vivado 12-584] No ports matched 'CATHODES[2]'. [Z:/Documents/git/CPE-233-Otter/HW6-MCU/MCU/MCU.srcs/constrs_1/imports/Resources/Basys3_constraints.xdc:91]
CRITICAL WARNING: [Common 17-55] 'set_property' expects at least one object. [Z:/Documents/git/CPE-233-Otter/HW6-MCU/MCU/MCU.srcs/constrs_1/imports/Resources/Basys3_constraints.xdc:91]
Resolution: If [get_<value>] was used to populate the object, check to make sure this command returns at least one valid object.
WARNING: [Vivado 12-584] No ports matched 'CATHODES[1]'. [Z:/Documents/git/CPE-233-Otter/HW6-MCU/MCU/MCU.srcs/constrs_1/imports/Resources/Basys3_constraints.xdc:92]
CRITICAL WARNING: [Common 17-55] 'set_property' expects at least one object. [Z:/Documents/git/CPE-233-Otter/HW6-MCU/MCU/MCU.srcs/constrs_1/imports/Resources/Basys3_constraints.xdc:92]
Resolution: If [get_<value>] was used to populate the object, check to make sure this command returns at least one valid object.
WARNING: [Vivado 12-584] No ports matched 'CATHODES[1]'. [Z:/Documents/git/CPE-233-Otter/HW6-MCU/MCU/MCU.srcs/constrs_1/imports/Resources/Basys3_constraints.xdc:93]
CRITICAL WARNING: [Common 17-55] 'set_property' expects at least one object. [Z:/Documents/git/CPE-233-Otter/HW6-MCU/MCU/MCU.srcs/constrs_1/imports/Resources/Basys3_constraints.xdc:93]
Resolution: If [get_<value>] was used to populate the object, check to make sure this command returns at least one valid object.
WARNING: [Vivado 12-584] No ports matched 'CATHODES[0]'. [Z:/Documents/git/CPE-233-Otter/HW6-MCU/MCU/MCU.srcs/constrs_1/imports/Resources/Basys3_constraints.xdc:94]
CRITICAL WARNING: [Common 17-55] 'set_property' expects at least one object. [Z:/Documents/git/CPE-233-Otter/HW6-MCU/MCU/MCU.srcs/constrs_1/imports/Resources/Basys3_constraints.xdc:94]
Resolution: If [get_<value>] was used to populate the object, check to make sure this command returns at least one valid object.
WARNING: [Vivado 12-584] No ports matched 'CATHODES[0]'. [Z:/Documents/git/CPE-233-Otter/HW6-MCU/MCU/MCU.srcs/constrs_1/imports/Resources/Basys3_constraints.xdc:95]
CRITICAL WARNING: [Common 17-55] 'set_property' expects at least one object. [Z:/Documents/git/CPE-233-Otter/HW6-MCU/MCU/MCU.srcs/constrs_1/imports/Resources/Basys3_constraints.xdc:95]
Resolution: If [get_<value>] was used to populate the object, check to make sure this command returns at least one valid object.
WARNING: [Vivado 12-584] No ports matched 'CATHODES[7]'. [Z:/Documents/git/CPE-233-Otter/HW6-MCU/MCU/MCU.srcs/constrs_1/imports/Resources/Basys3_constraints.xdc:97]
CRITICAL WARNING: [Common 17-55] 'set_property' expects at least one object. [Z:/Documents/git/CPE-233-Otter/HW6-MCU/MCU/MCU.srcs/constrs_1/imports/Resources/Basys3_constraints.xdc:97]
Resolution: If [get_<value>] was used to populate the object, check to make sure this command returns at least one valid object.
WARNING: [Vivado 12-584] No ports matched 'CATHODES[7]'. [Z:/Documents/git/CPE-233-Otter/HW6-MCU/MCU/MCU.srcs/constrs_1/imports/Resources/Basys3_constraints.xdc:98]
CRITICAL WARNING: [Common 17-55] 'set_property' expects at least one object. [Z:/Documents/git/CPE-233-Otter/HW6-MCU/MCU/MCU.srcs/constrs_1/imports/Resources/Basys3_constraints.xdc:98]
Resolution: If [get_<value>] was used to populate the object, check to make sure this command returns at least one valid object.
WARNING: [Vivado 12-584] No ports matched 'ANODES[0]'. [Z:/Documents/git/CPE-233-Otter/HW6-MCU/MCU/MCU.srcs/constrs_1/imports/Resources/Basys3_constraints.xdc:100]
CRITICAL WARNING: [Common 17-55] 'set_property' expects at least one object. [Z:/Documents/git/CPE-233-Otter/HW6-MCU/MCU/MCU.srcs/constrs_1/imports/Resources/Basys3_constraints.xdc:100]
Resolution: If [get_<value>] was used to populate the object, check to make sure this command returns at least one valid object.
WARNING: [Vivado 12-584] No ports matched 'ANODES[0]'. [Z:/Documents/git/CPE-233-Otter/HW6-MCU/MCU/MCU.srcs/constrs_1/imports/Resources/Basys3_constraints.xdc:101]
CRITICAL WARNING: [Common 17-55] 'set_property' expects at least one object. [Z:/Documents/git/CPE-233-Otter/HW6-MCU/MCU/MCU.srcs/constrs_1/imports/Resources/Basys3_constraints.xdc:101]
Resolution: If [get_<value>] was used to populate the object, check to make sure this command returns at least one valid object.
WARNING: [Vivado 12-584] No ports matched 'ANODES[1]'. [Z:/Documents/git/CPE-233-Otter/HW6-MCU/MCU/MCU.srcs/constrs_1/imports/Resources/Basys3_constraints.xdc:102]
CRITICAL WARNING: [Common 17-55] 'set_property' expects at least one object. [Z:/Documents/git/CPE-233-Otter/HW6-MCU/MCU/MCU.srcs/constrs_1/imports/Resources/Basys3_constraints.xdc:102]
Resolution: If [get_<value>] was used to populate the object, check to make sure this command returns at least one valid object.
WARNING: [Vivado 12-584] No ports matched 'ANODES[1]'. [Z:/Documents/git/CPE-233-Otter/HW6-MCU/MCU/MCU.srcs/constrs_1/imports/Resources/Basys3_constraints.xdc:103]
CRITICAL WARNING: [Common 17-55] 'set_property' expects at least one object. [Z:/Documents/git/CPE-233-Otter/HW6-MCU/MCU/MCU.srcs/constrs_1/imports/Resources/Basys3_constraints.xdc:103]
Resolution: If [get_<value>] was used to populate the object, check to make sure this command returns at least one valid object.
WARNING: [Vivado 12-584] No ports matched 'ANODES[2]'. [Z:/Documents/git/CPE-233-Otter/HW6-MCU/MCU/MCU.srcs/constrs_1/imports/Resources/Basys3_constraints.xdc:104]
CRITICAL WARNING: [Common 17-55] 'set_property' expects at least one object. [Z:/Documents/git/CPE-233-Otter/HW6-MCU/MCU/MCU.srcs/constrs_1/imports/Resources/Basys3_constraints.xdc:104]
Resolution: If [get_<value>] was used to populate the object, check to make sure this command returns at least one valid object.
WARNING: [Vivado 12-584] No ports matched 'ANODES[2]'. [Z:/Documents/git/CPE-233-Otter/HW6-MCU/MCU/MCU.srcs/constrs_1/imports/Resources/Basys3_constraints.xdc:105]
CRITICAL WARNING: [Common 17-55] 'set_property' expects at least one object. [Z:/Documents/git/CPE-233-Otter/HW6-MCU/MCU/MCU.srcs/constrs_1/imports/Resources/Basys3_constraints.xdc:105]
Resolution: If [get_<value>] was used to populate the object, check to make sure this command returns at least one valid object.
WARNING: [Vivado 12-584] No ports matched 'ANODES[3]'. [Z:/Documents/git/CPE-233-Otter/HW6-MCU/MCU/MCU.srcs/constrs_1/imports/Resources/Basys3_constraints.xdc:106]
CRITICAL WARNING: [Common 17-55] 'set_property' expects at least one object. [Z:/Documents/git/CPE-233-Otter/HW6-MCU/MCU/MCU.srcs/constrs_1/imports/Resources/Basys3_constraints.xdc:106]
Resolution: If [get_<value>] was used to populate the object, check to make sure this command returns at least one valid object.
WARNING: [Vivado 12-584] No ports matched 'ANODES[3]'. [Z:/Documents/git/CPE-233-Otter/HW6-MCU/MCU/MCU.srcs/constrs_1/imports/Resources/Basys3_constraints.xdc:107]
CRITICAL WARNING: [Common 17-55] 'set_property' expects at least one object. [Z:/Documents/git/CPE-233-Otter/HW6-MCU/MCU/MCU.srcs/constrs_1/imports/Resources/Basys3_constraints.xdc:107]
Resolution: If [get_<value>] was used to populate the object, check to make sure this command returns at least one valid object.
WARNING: [Vivado 12-584] No ports matched 'BTNC'. [Z:/Documents/git/CPE-233-Otter/HW6-MCU/MCU/MCU.srcs/constrs_1/imports/Resources/Basys3_constraints.xdc:111]
CRITICAL WARNING: [Common 17-55] 'set_property' expects at least one object. [Z:/Documents/git/CPE-233-Otter/HW6-MCU/MCU/MCU.srcs/constrs_1/imports/Resources/Basys3_constraints.xdc:111]
Resolution: If [get_<value>] was used to populate the object, check to make sure this command returns at least one valid object.
WARNING: [Vivado 12-584] No ports matched 'BTNC'. [Z:/Documents/git/CPE-233-Otter/HW6-MCU/MCU/MCU.srcs/constrs_1/imports/Resources/Basys3_constraints.xdc:112]
CRITICAL WARNING: [Common 17-55] 'set_property' expects at least one object. [Z:/Documents/git/CPE-233-Otter/HW6-MCU/MCU/MCU.srcs/constrs_1/imports/Resources/Basys3_constraints.xdc:112]
Resolution: If [get_<value>] was used to populate the object, check to make sure this command returns at least one valid object.
WARNING: [Vivado 12-584] No ports matched 'BTNL'. [Z:/Documents/git/CPE-233-Otter/HW6-MCU/MCU/MCU.srcs/constrs_1/imports/Resources/Basys3_constraints.xdc:115]
CRITICAL WARNING: [Common 17-55] 'set_property' expects at least one object. [Z:/Documents/git/CPE-233-Otter/HW6-MCU/MCU/MCU.srcs/constrs_1/imports/Resources/Basys3_constraints.xdc:115]
Resolution: If [get_<value>] was used to populate the object, check to make sure this command returns at least one valid object.
WARNING: [Vivado 12-584] No ports matched 'BTNL'. [Z:/Documents/git/CPE-233-Otter/HW6-MCU/MCU/MCU.srcs/constrs_1/imports/Resources/Basys3_constraints.xdc:116]
CRITICAL WARNING: [Common 17-55] 'set_property' expects at least one object. [Z:/Documents/git/CPE-233-Otter/HW6-MCU/MCU/MCU.srcs/constrs_1/imports/Resources/Basys3_constraints.xdc:116]
Resolution: If [get_<value>] was used to populate the object, check to make sure this command returns at least one valid object.
Finished Parsing XDC File [Z:/Documents/git/CPE-233-Otter/HW6-MCU/MCU/MCU.srcs/constrs_1/imports/Resources/Basys3_constraints.xdc]
INFO: [Opt 31-138] Pushed 0 inverter(s) to 0 load pin(s).
Netlist sorting complete. Time (s): cpu = 00:00:00 ; elapsed = 00:00:00.002 . Memory (MB): peak = 1065.461 ; gain = 0.000
INFO: [Project 1-111] Unisim Transformation Summary:
  A total of 14 instances were transformed.
  RAM32M => RAM32M (RAMD32(x6), RAMS32(x2)): 10 instances
  RAM32X1D => RAM32X1D (RAMD32(x2)): 4 instances

8 Infos, 92 Warnings, 92 Critical Warnings and 0 Errors encountered.
link_design completed successfully
link_design: Time (s): cpu = 00:00:28 ; elapsed = 00:00:29 . Memory (MB): peak = 1065.461 ; gain = 538.363
Command: opt_design
Attempting to get a license for feature 'Implementation' and/or device 'xc7a35ti'
INFO: [Common 17-349] Got license for feature 'Implementation' and/or device 'xc7a35ti'
Running DRC as a precondition to command opt_design

Starting DRC Task
INFO: [DRC 23-27] Running DRC with 2 threads
INFO: [Project 1-461] DRC finished with 0 Errors
INFO: [Project 1-462] Please refer to the DRC report (report_drc) for more information.

Time (s): cpu = 00:00:13 ; elapsed = 00:00:08 . Memory (MB): peak = 1092.938 ; gain = 27.477

Starting Cache Timing Information Task
INFO: [Timing 38-35] Done setting XDC timing constraints.
Ending Cache Timing Information Task | Checksum: 20ae02dbe

Time (s): cpu = 00:00:49 ; elapsed = 00:00:51 . Memory (MB): peak = 1619.883 ; gain = 526.945

Starting Logic Optimization Task

Phase 1 Initialization

Phase 1.1 Core Generation And Design Setup
Phase 1.1 Core Generation And Design Setup | Checksum: 20ae02dbe

Time (s): cpu = 00:00:00 ; elapsed = 00:00:00.004 . Memory (MB): peak = 1999.664 ; gain = 0.000

Phase 1.2 Setup Constraints And Sort Netlist
Phase 1.2 Setup Constraints And Sort Netlist | Checksum: 20ae02dbe

Time (s): cpu = 00:00:00 ; elapsed = 00:00:00.009 . Memory (MB): peak = 1999.664 ; gain = 0.000
Phase 1 Initialization | Checksum: 20ae02dbe

Time (s): cpu = 00:00:00 ; elapsed = 00:00:00.011 . Memory (MB): peak = 1999.664 ; gain = 0.000

Phase 2 Timer Update And Timing Data Collection

Phase 2.1 Timer Update
Phase 2.1 Timer Update | Checksum: 20ae02dbe

Time (s): cpu = 00:00:00 ; elapsed = 00:00:00.144 . Memory (MB): peak = 1999.664 ; gain = 0.000

Phase 2.2 Timing Data Collection
Phase 2.2 Timing Data Collection | Checksum: 20ae02dbe

Time (s): cpu = 00:00:00 ; elapsed = 00:00:00.166 . Memory (MB): peak = 1999.664 ; gain = 0.000
Phase 2 Timer Update And Timing Data Collection | Checksum: 20ae02dbe

Time (s): cpu = 00:00:00 ; elapsed = 00:00:00.167 . Memory (MB): peak = 1999.664 ; gain = 0.000

Phase 3 Retarget
INFO: [Opt 31-1834] Total Chains To Be Transformed Were: 0 AND Number of Transformed insts Created are: 0
INFO: [Opt 31-1566] Pulled 1 inverters resulting in an inversion of 4 pins
INFO: [Opt 31-138] Pushed 0 inverter(s) to 0 load pin(s).
INFO: [Opt 31-49] Retargeted 0 cell(s).
Phase 3 Retarget | Checksum: 20426cbf4

Time (s): cpu = 00:00:00 ; elapsed = 00:00:00.291 . Memory (MB): peak = 1999.664 ; gain = 0.000
Retarget | Checksum: 20426cbf4
INFO: [Opt 31-389] Phase Retarget created 0 cells and removed 1 cells

Phase 4 Constant propagation
INFO: [Opt 31-138] Pushed 0 inverter(s) to 0 load pin(s).
Phase 4 Constant propagation | Checksum: 1c21a3caf

Time (s): cpu = 00:00:00 ; elapsed = 00:00:00.326 . Memory (MB): peak = 1999.664 ; gain = 0.000
Constant propagation | Checksum: 1c21a3caf
INFO: [Opt 31-389] Phase Constant propagation created 0 cells and removed 1 cells

Phase 5 Sweep
Phase 5 Sweep | Checksum: 1bd97312c

Time (s): cpu = 00:00:00 ; elapsed = 00:00:00.400 . Memory (MB): peak = 1999.664 ; gain = 0.000
Sweep | Checksum: 1bd97312c
INFO: [Opt 31-389] Phase Sweep created 0 cells and removed 0 cells

Phase 6 BUFG optimization
Phase 6 BUFG optimization | Checksum: 1bd97312c

Time (s): cpu = 00:00:01 ; elapsed = 00:00:00.642 . Memory (MB): peak = 1999.664 ; gain = 0.000
BUFG optimization | Checksum: 1bd97312c
INFO: [Opt 31-662] Phase BUFG optimization created 0 cells of which 0 are BUFGs and removed 0 cells.

Phase 7 Shift Register Optimization
INFO: [Opt 31-1064] SRL Remap converted 0 SRLs to 0 registers and converted 0 registers of register chains to 0 SRLs
Phase 7 Shift Register Optimization | Checksum: 1bd97312c

Time (s): cpu = 00:00:01 ; elapsed = 00:00:00.651 . Memory (MB): peak = 1999.664 ; gain = 0.000
Shift Register Optimization | Checksum: 1bd97312c
INFO: [Opt 31-389] Phase Shift Register Optimization created 0 cells and removed 0 cells

Phase 8 Post Processing Netlist
Phase 8 Post Processing Netlist | Checksum: 1bd97312c

Time (s): cpu = 00:00:01 ; elapsed = 00:00:00.661 . Memory (MB): peak = 1999.664 ; gain = 0.000
Post Processing Netlist | Checksum: 1bd97312c
INFO: [Opt 31-389] Phase Post Processing Netlist created 0 cells and removed 0 cells

Phase 9 Finalization

Phase 9.1 Finalizing Design Cores and Updating Shapes
Phase 9.1 Finalizing Design Cores and Updating Shapes | Checksum: 234cdf478

Time (s): cpu = 00:00:01 ; elapsed = 00:00:00.740 . Memory (MB): peak = 1999.664 ; gain = 0.000

Phase 9.2 Verifying Netlist Connectivity

Starting Connectivity Check Task

Time (s): cpu = 00:00:00 ; elapsed = 00:00:00.010 . Memory (MB): peak = 1999.664 ; gain = 0.000
Phase 9.2 Verifying Netlist Connectivity | Checksum: 234cdf478

Time (s): cpu = 00:00:01 ; elapsed = 00:00:00.751 . Memory (MB): peak = 1999.664 ; gain = 0.000
Phase 9 Finalization | Checksum: 234cdf478

Time (s): cpu = 00:00:01 ; elapsed = 00:00:00.752 . Memory (MB): peak = 1999.664 ; gain = 0.000
Opt_design Change Summary
=========================


-------------------------------------------------------------------------------------------------------------------------
|  Phase                        |  #Cells created  |  #Cells Removed  |  #Constrained objects preventing optimizations  |
-------------------------------------------------------------------------------------------------------------------------
|  Retarget                     |               0  |               1  |                                              0  |
|  Constant propagation         |               0  |               1  |                                              0  |
|  Sweep                        |               0  |               0  |                                              0  |
|  BUFG optimization            |               0  |               0  |                                              0  |
|  Shift Register Optimization  |               0  |               0  |                                              0  |
|  Post Processing Netlist      |               0  |               0  |                                              0  |
-------------------------------------------------------------------------------------------------------------------------


Ending Logic Optimization Task | Checksum: 234cdf478

Time (s): cpu = 00:00:01 ; elapsed = 00:00:00.757 . Memory (MB): peak = 1999.664 ; gain = 0.000

Starting Power Optimization Task
INFO: [Pwropt 34-132] Skipping clock gating for clocks with a period < 2.00 ns.
INFO: [Timing 38-35] Done setting XDC timing constraints.
Running Vector-less Activity Propagation...

Finished Running Vector-less Activity Propagation
INFO: [Pwropt 34-9] Applying IDT optimizations ...
INFO: [Pwropt 34-10] Applying ODC optimizations ...


Starting PowerOpt Patch Enables Task
INFO: [Pwropt 34-162] WRITE_MODE attribute of 0 BRAM(s) out of a total of 16 has been updated to save power. Run report_power_opt to get a complete listing of the BRAMs updated.
INFO: [Pwropt 34-201] Structural ODC has moved 0 WE to EN ports
Number of BRAM Ports augmented: 0 newly gated: 0 Total Ports: 32
Ending PowerOpt Patch Enables Task | Checksum: 234cdf478

Time (s): cpu = 00:00:00 ; elapsed = 00:00:00.145 . Memory (MB): peak = 2087.469 ; gain = 0.000
Ending Power Optimization Task | Checksum: 234cdf478

Time (s): cpu = 00:00:10 ; elapsed = 00:00:07 . Memory (MB): peak = 2087.469 ; gain = 87.805

Starting Final Cleanup Task
Ending Final Cleanup Task | Checksum: 234cdf478

Time (s): cpu = 00:00:00 ; elapsed = 00:00:00.001 . Memory (MB): peak = 2087.469 ; gain = 0.000

Starting Netlist Obfuscation Task
Netlist sorting complete. Time (s): cpu = 00:00:00 ; elapsed = 00:00:00.001 . Memory (MB): peak = 2087.469 ; gain = 0.000
Ending Netlist Obfuscation Task | Checksum: 234cdf478

Time (s): cpu = 00:00:00 ; elapsed = 00:00:00.002 . Memory (MB): peak = 2087.469 ; gain = 0.000
INFO: [Common 17-83] Releasing license: Implementation
32 Infos, 92 Warnings, 92 Critical Warnings and 0 Errors encountered.
opt_design completed successfully
opt_design: Time (s): cpu = 00:01:22 ; elapsed = 00:01:16 . Memory (MB): peak = 2087.469 ; gain = 1022.008
INFO: [Vivado 12-24828] Executing command : report_drc -file MCU_drc_opted.rpt -pb MCU_drc_opted.pb -rpx MCU_drc_opted.rpx
Command: report_drc -file MCU_drc_opted.rpt -pb MCU_drc_opted.pb -rpx MCU_drc_opted.rpx
INFO: [IP_Flow 19-234] Refreshing IP repositories
INFO: [IP_Flow 19-1704] No user IP repositories specified
INFO: [IP_Flow 19-2313] Loaded Vivado IP repository 'C:/Xilinx/Vivado/2024.1/data/ip'.
INFO: [DRC 23-27] Running DRC with 2 threads
INFO: [Vivado_Tcl 2-168] The results of DRC are in file Z:/Documents/git/CPE-233-Otter/HW6-MCU/MCU/MCU.runs/impl_1/MCU_drc_opted.rpt.
report_drc completed successfully
report_drc: Time (s): cpu = 00:00:12 ; elapsed = 00:00:08 . Memory (MB): peak = 2087.469 ; gain = 0.000
generate_parallel_reports: Time (s): cpu = 00:00:12 ; elapsed = 00:00:08 . Memory (MB): peak = 2087.469 ; gain = 0.000
INFO: [Timing 38-480] Writing timing data to binary archive.
Wrote PlaceDB: Time (s): cpu = 00:00:00 ; elapsed = 00:00:00.001 . Memory (MB): peak = 2087.469 ; gain = 0.000
Wrote PulsedLatchDB: Time (s): cpu = 00:00:00 ; elapsed = 00:00:00 . Memory (MB): peak = 2087.469 ; gain = 0.000
Writing XDEF routing.
Write ShapeDB Complete: Time (s): cpu = 00:00:00 ; elapsed = 00:00:00.045 . Memory (MB): peak = 2087.469 ; gain = 0.000
Writing XDEF routing logical nets.
Writing XDEF routing special nets.
Wrote RouteStorage: Time (s): cpu = 00:00:01 ; elapsed = 00:00:00.293 . Memory (MB): peak = 2087.469 ; gain = 0.000
Wrote Netlist Cache: Time (s): cpu = 00:00:00 ; elapsed = 00:00:00 . Memory (MB): peak = 2087.469 ; gain = 0.000
Wrote Device Cache: Time (s): cpu = 00:00:00 ; elapsed = 00:00:00.028 . Memory (MB): peak = 2087.469 ; gain = 0.000
Write Physdb Complete: Time (s): cpu = 00:00:01 ; elapsed = 00:00:00.335 . Memory (MB): peak = 2087.469 ; gain = 0.000
INFO: [Common 17-1381] The checkpoint 'Z:/Documents/git/CPE-233-Otter/HW6-MCU/MCU/MCU.runs/impl_1/MCU_opt.dcp' has been generated.
Command: place_design
Attempting to get a license for feature 'Implementation' and/or device 'xc7a35ti'
INFO: [Common 17-349] Got license for feature 'Implementation' and/or device 'xc7a35ti'
INFO: [Common 17-83] Releasing license: Implementation
INFO: [DRC 23-27] Running DRC with 2 threads
INFO: [Vivado_Tcl 4-198] DRC finished with 0 Errors
INFO: [Vivado_Tcl 4-199] Please refer to the DRC report (report_drc) for more information.
Running DRC as a precondition to command place_design
INFO: [DRC 23-27] Running DRC with 2 threads
INFO: [Vivado_Tcl 4-198] DRC finished with 0 Errors
INFO: [Vivado_Tcl 4-199] Please refer to the DRC report (report_drc) for more information.
INFO: [Place 30-611] Multithreading enabled for place_design using a maximum of 2 CPUs

Starting Placer Task

Phase 1 Placer Initialization

Phase 1.1 Placer Initialization Netlist Sorting
Netlist sorting complete. Time (s): cpu = 00:00:00 ; elapsed = 00:00:00.001 . Memory (MB): peak = 2087.469 ; gain = 0.000
Phase 1.1 Placer Initialization Netlist Sorting | Checksum: 1cefa87dc

Time (s): cpu = 00:00:00 ; elapsed = 00:00:00.007 . Memory (MB): peak = 2087.469 ; gain = 0.000
Netlist sorting complete. Time (s): cpu = 00:00:00 ; elapsed = 00:00:00.001 . Memory (MB): peak = 2087.469 ; gain = 0.000

Phase 1.2 IO Placement/ Clock Placement/ Build Placer Device
INFO: [Timing 38-35] Done setting XDC timing constraints.
ERROR: [Place 30-58] IO placement is infeasible. Number of unplaced IO Ports (99) is greater than number of available pins (82).
The following are banks with available pins: 
Resolution: Consider using Xilinx part with greater number of IO pins
ERROR: [Place 30-374] IO placer failed to find a solution
Below is the partial placement that can be analyzed to see if any constraint modifications will make the IO placement problem easier to solve.

+-------------------------------------------------------------------------------------------------------------------------------------------------------------------------+
|                                                                     IO Placement : Bank Stats                                                                           |
+----+-------+-------+------------------------------------------------------------------------+------------------------------------------+--------+--------+--------+-----+
| Id | Pins  | Terms |                               Standards                                |                IDelayCtrls               |  VREF  |  VCCO  |   VR   | DCI |
+----+-------+-------+------------------------------------------------------------------------+------------------------------------------+--------+--------+--------+-----+
|  0 |     0 |     0 |                                                                        |                                          |        |        |        |     |
| 14 |    50 |     0 |                                                                        |                                          |        |        |        |     |
| 16 |    12 |     0 |                                                                        |                                          |        |        |        |     |
| 34 |    24 |     1 | LVCMOS33(1)                                                            |                                          |        |  +3.30 |    YES |     |
| 35 |    20 |     0 |                                                                        |                                          |        |        |        |     |
+----+-------+-------+------------------------------------------------------------------------+------------------------------------------+--------+--------+--------+-----+
|    |   106 |     1 |                                                                        |                                          |        |        |        |     |
+----+-------+-------+------------------------------------------------------------------------+------------------------------------------+--------+--------+--------+-----+

IO Placement:
+--------+----------------------+-----------------+----------------------+----------------------+----------------------+
| BankId |             Terminal | Standard        | Site                 | Pin                  | Attributes           |
+--------+----------------------+-----------------+----------------------+----------------------+----------------------+
| 34     | CLK                  | LVCMOS33        | IOB_X1Y26            | W5                   |                      |
+--------+----------------------+-----------------+----------------------+----------------------+----------------------+

Phase 1.2 IO Placement/ Clock Placement/ Build Placer Device | Checksum: 15fd5ac5b

Time (s): cpu = 00:00:02 ; elapsed = 00:00:01 . Memory (MB): peak = 2087.469 ; gain = 0.000
Phase 1 Placer Initialization | Checksum: 15fd5ac5b

Time (s): cpu = 00:00:02 ; elapsed = 00:00:01 . Memory (MB): peak = 2087.469 ; gain = 0.000
ERROR: [Place 30-99] Placer failed with error: 'IO Clock Placer failed'
Please review all ERROR, CRITICAL WARNING, and WARNING messages during placement to understand the cause for failure.
Ending Placer Task | Checksum: 15fd5ac5b

Time (s): cpu = 00:00:02 ; elapsed = 00:00:01 . Memory (MB): peak = 2087.469 ; gain = 0.000
50 Infos, 92 Warnings, 92 Critical Warnings and 4 Errors encountered.
place_design failed
ERROR: [Common 17-69] Command failed: Placer could not place all instances
INFO: [Common 17-206] Exiting Vivado at Fri Nov 29 22:37:55 2024...
