
 /----------------------------------------------------------------------------\
 |                                                                            |
 |  yosys -- Yosys Open SYnthesis Suite                                       |
 |                                                                            |
 |  Copyright (C) 2012 - 2020  Claire Xenia Wolf <claire@yosyshq.com>         |
 |                                                                            |
 |  Permission to use, copy, modify, and/or distribute this software for any  |
 |  purpose with or without fee is hereby granted, provided that the above    |
 |  copyright notice and this permission notice appear in all copies.         |
 |                                                                            |
 |  THE SOFTWARE IS PROVIDED "AS IS" AND THE AUTHOR DISCLAIMS ALL WARRANTIES  |
 |  WITH REGARD TO THIS SOFTWARE INCLUDING ALL IMPLIED WARRANTIES OF          |
 |  MERCHANTABILITY AND FITNESS. IN NO EVENT SHALL THE AUTHOR BE LIABLE FOR   |
 |  ANY SPECIAL, DIRECT, INDIRECT, OR CONSEQUENTIAL DAMAGES OR ANY DAMAGES    |
 |  WHATSOEVER RESULTING FROM LOSS OF USE, DATA OR PROFITS, WHETHER IN AN     |
 |  ACTION OF CONTRACT, NEGLIGENCE OR OTHER TORTIOUS ACTION, ARISING OUT OF   |
 |  OR IN CONNECTION WITH THE USE OR PERFORMANCE OF THIS SOFTWARE.            |
 |                                                                            |
 \----------------------------------------------------------------------------/

 Yosys 0.37+90 (git sha1 16ff3e0a3, clang 15.0.0 -fPIC -Os)


-- Executing script file `../model/design.ys' --

1. Executing Verilog-2005 frontend: BranchConditionGenFormal.sv
Parsing formal SystemVerilog input from `BranchConditionGenFormal.sv' to AST representation.
Storing AST representation for module `$abstract\BranchConditionGen'.
Storing AST representation for module `$abstract\BranchConditionGenFormal'.
Successfully finished Verilog frontend.

2. Executing PREP pass.

2.1. Executing HIERARCHY pass (managing design hierarchy).

2.2. Executing AST frontend in derive mode using pre-parsed AST for module `\BranchConditionGenFormal'.
Generating RTLIL representation for module `\BranchConditionGenFormal'.

2.2.1. Analyzing design hierarchy..
Top module:  \BranchConditionGenFormal

2.2.2. Executing AST frontend in derive mode using pre-parsed AST for module `\BranchConditionGen'.
Generating RTLIL representation for module `\BranchConditionGen'.

2.2.3. Analyzing design hierarchy..
Top module:  \BranchConditionGenFormal
Used module:     \BranchConditionGen

2.2.4. Analyzing design hierarchy..
Top module:  \BranchConditionGenFormal
Used module:     \BranchConditionGen
Removing unused module `$abstract\BranchConditionGenFormal'.
Removing unused module `$abstract\BranchConditionGen'.
Removed 2 unused modules.
Module BranchConditionGenFormal directly or indirectly contains formal properties -> setting "keep" attribute.

2.3. Executing PROC pass (convert processes to netlists).

2.3.1. Executing PROC_CLEAN pass (remove empty switches from decision trees).
Cleaned up 0 empty switches.

2.3.2. Executing PROC_RMDEAD pass (remove dead branches from decision trees).
Removed a total of 0 dead cases.

2.3.3. Executing PROC_PRUNE pass (remove redundant assignments in processes).
Removed 0 redundant assignments.
Promoted 0 assignments to connections.

2.3.4. Executing PROC_INIT pass (extract init attributes).

2.3.5. Executing PROC_ARST pass (detect async resets in processes).

2.3.6. Executing PROC_ROM pass (convert switches to ROMs).
Converted 0 switches.
<suppressed ~3 debug messages>

2.3.7. Executing PROC_MUX pass (convert decision trees to multiplexers).
Creating decoders for process `\BranchConditionGenFormal.$proc$BranchConditionGenFormal.sv:40$1'.
     1/3: $assert$BranchConditionGenFormal.sv:52$9_EN
     2/3: $assert$BranchConditionGenFormal.sv:47$6_EN
     3/3: $assert$BranchConditionGenFormal.sv:42$3_EN

2.3.8. Executing PROC_DLATCH pass (convert process syncs to latches).

2.3.9. Executing PROC_DFF pass (convert process syncs to FFs).

2.3.10. Executing PROC_MEMWR pass (convert process memory writes to cells).

2.3.11. Executing PROC_CLEAN pass (remove empty switches from decision trees).
Found and cleaned up 3 empty switches in `\BranchConditionGenFormal.$proc$BranchConditionGenFormal.sv:40$1'.
Removing empty process `BranchConditionGenFormal.$proc$BranchConditionGenFormal.sv:40$1'.
Cleaned up 3 empty switches.

2.3.12. Executing OPT_EXPR pass (perform const folding).
Optimizing module BranchConditionGen.
Optimizing module BranchConditionGenFormal.
<suppressed ~3 debug messages>

2.4. Executing FUTURE pass.

2.5. Executing OPT_EXPR pass (perform const folding).
Optimizing module BranchConditionGen.
Optimizing module BranchConditionGenFormal.

2.6. Executing OPT_CLEAN pass (remove unused cells and wires).
Finding unused cells or wires in module \BranchConditionGen..
Finding unused cells or wires in module \BranchConditionGenFormal..
Removed 0 unused cells and 12 unused wires.
<suppressed ~2 debug messages>

2.7. Executing CHECK pass (checking for obvious problems).
Checking module BranchConditionGen...
Checking module BranchConditionGenFormal...
Found and reported 0 problems.

2.8. Executing OPT pass (performing simple optimizations).

2.8.1. Executing OPT_EXPR pass (perform const folding).
Optimizing module BranchConditionGen.
Optimizing module BranchConditionGenFormal.

2.8.2. Executing OPT_MERGE pass (detect identical cells).
Finding identical cells in module `\BranchConditionGen'.
Finding identical cells in module `\BranchConditionGenFormal'.
Removed a total of 0 cells.

2.8.3. Executing OPT_MUXTREE pass (detect dead branches in mux trees).
Running muxtree optimizer on module \BranchConditionGen..
  Creating internal representation of mux trees.
  Evaluating internal representation of mux trees.
  Analyzing evaluation results.
Running muxtree optimizer on module \BranchConditionGenFormal..
  Creating internal representation of mux trees.
  Evaluating internal representation of mux trees.
  Analyzing evaluation results.
Removed 0 multiplexer ports.
<suppressed ~6 debug messages>

2.8.4. Executing OPT_REDUCE pass (consolidate $*mux and $reduce_* inputs).
  Optimizing cells in module \BranchConditionGen.
  Optimizing cells in module \BranchConditionGenFormal.
Performed a total of 0 changes.

2.8.5. Executing OPT_MERGE pass (detect identical cells).
Finding identical cells in module `\BranchConditionGen'.
Finding identical cells in module `\BranchConditionGenFormal'.
Removed a total of 0 cells.

2.8.6. Executing OPT_CLEAN pass (remove unused cells and wires).
Finding unused cells or wires in module \BranchConditionGen..
Finding unused cells or wires in module \BranchConditionGenFormal..

2.8.7. Executing OPT_EXPR pass (perform const folding).
Optimizing module BranchConditionGen.
Optimizing module BranchConditionGenFormal.

2.8.8. Finished OPT passes. (There is nothing left to do.)

2.9. Executing WREDUCE pass (reducing word size of cells).

2.10. Executing OPT_CLEAN pass (remove unused cells and wires).
Finding unused cells or wires in module \BranchConditionGen..
Finding unused cells or wires in module \BranchConditionGenFormal..

2.11. Executing MEMORY_COLLECT pass (generating $mem cells).

2.12. Executing OPT pass (performing simple optimizations).

2.12.1. Executing OPT_EXPR pass (perform const folding).
Optimizing module BranchConditionGen.
Optimizing module BranchConditionGenFormal.

2.12.2. Executing OPT_MERGE pass (detect identical cells).
Finding identical cells in module `\BranchConditionGen'.
Finding identical cells in module `\BranchConditionGenFormal'.
Removed a total of 0 cells.

2.12.3. Executing OPT_CLEAN pass (remove unused cells and wires).
Finding unused cells or wires in module \BranchConditionGen..
Finding unused cells or wires in module \BranchConditionGenFormal..

2.12.4. Finished fast OPT passes.

2.13. Printing statistics.

=== BranchConditionGen ===

   Number of wires:                  8
   Number of wire bits:             70
   Number of public wires:           5
   Number of public wire bits:      67
   Number of memories:               0
   Number of memory bits:            0
   Number of processes:              0
   Number of cells:                  6
     $eq                             1
     $lt                             2
     $mux                            3

=== BranchConditionGenFormal ===

   Number of wires:                 11
   Number of wire bits:             73
   Number of public wires:           5
   Number of public wire bits:      67
   Number of memories:               0
   Number of memory bits:            0
   Number of processes:              0
   Number of cells:                 10
     $check                          3
     $eq                             1
     $lt                             2
     $mux                            3
     BranchConditionGen              1

=== design hierarchy ===

   BranchConditionGenFormal          1
     BranchConditionGen              1

   Number of wires:                 19
   Number of wire bits:            143
   Number of public wires:          10
   Number of public wire bits:     134
   Number of memories:               0
   Number of memory bits:            0
   Number of processes:              0
   Number of cells:                 15
     $check                          3
     $eq                             2
     $lt                             4
     $mux                            6

2.14. Executing CHECK pass (checking for obvious problems).
Checking module BranchConditionGen...
Checking module BranchConditionGenFormal...
Found and reported 0 problems.

3. Executing HIERARCHY pass (managing design hierarchy).

3.1. Analyzing design hierarchy..
Top module:  \BranchConditionGenFormal
Used module:     \BranchConditionGen

3.2. Analyzing design hierarchy..
Top module:  \BranchConditionGenFormal
Used module:     \BranchConditionGen
Removed 0 unused modules.
Module BranchConditionGenFormal directly or indirectly contains formal properties -> setting "keep" attribute.

4. Executing jny backend.

5. Executing RTLIL backend.
Output filename: ../model/design.il

End of script. Logfile hash: 0ca4371130, CPU: user 0.02s system 0.01s
Yosys 0.37+90 (git sha1 16ff3e0a3, clang 15.0.0 -fPIC -Os)
Time spent: 26% 5x opt_expr (0 sec), 20% 4x opt_clean (0 sec), ...
