
 /----------------------------------------------------------------------------\
 |                                                                            |
 |  yosys -- Yosys Open SYnthesis Suite                                       |
 |                                                                            |
 |  Copyright (C) 2012 - 2020  Claire Xenia Wolf <claire@yosyshq.com>         |
 |                                                                            |
 |  Permission to use, copy, modify, and/or distribute this software for any  |
 |  purpose with or without fee is hereby granted, provided that the above    |
 |  copyright notice and this permission notice appear in all copies.         |
 |                                                                            |
 |  THE SOFTWARE IS PROVIDED "AS IS" AND THE AUTHOR DISCLAIMS ALL WARRANTIES  |
 |  WITH REGARD TO THIS SOFTWARE INCLUDING ALL IMPLIED WARRANTIES OF          |
 |  MERCHANTABILITY AND FITNESS. IN NO EVENT SHALL THE AUTHOR BE LIABLE FOR   |
 |  ANY SPECIAL, DIRECT, INDIRECT, OR CONSEQUENTIAL DAMAGES OR ANY DAMAGES    |
 |  WHATSOEVER RESULTING FROM LOSS OF USE, DATA OR PROFITS, WHETHER IN AN     |
 |  ACTION OF CONTRACT, NEGLIGENCE OR OTHER TORTIOUS ACTION, ARISING OUT OF   |
 |  OR IN CONNECTION WITH THE USE OR PERFORMANCE OF THIS SOFTWARE.            |
 |                                                                            |
 \----------------------------------------------------------------------------/

 Yosys 0.37+90 (git sha1 16ff3e0a3, clang 15.0.0 -fPIC -Os)


-- Executing script file `design_smt2.ys' --

1. Executing RTLIL frontend.
Input filename: design_prep.il

2. Executing HIERARCHY pass (managing design hierarchy).

2.1. Analyzing design hierarchy..
Top module:  \BranchConditionGenFormal
Used module:     \BranchConditionGen

2.2. Analyzing design hierarchy..
Top module:  \BranchConditionGenFormal
Used module:     \BranchConditionGen
Removed 0 unused modules.
Module BranchConditionGenFormal directly or indirectly contains formal properties -> setting "keep" attribute.

3. Executing FORMALFF pass.

4. Executing DFFUNMAP pass (unmap clock enable and synchronous reset from FFs).

5. Printing statistics.

=== BranchConditionGenFormal ===

   Number of wires:                 12
   Number of wire bits:             74
   Number of public wires:           5
   Number of public wire bits:      67
   Number of memories:               0
   Number of memory bits:            0
   Number of processes:              0
   Number of cells:                 12
     $assert                         3
     $cover                          1
     $eq                             1
     $logic_and                      1
     $lt                             2
     $mux                            3
     BranchConditionGen              1

=== BranchConditionGen ===

   Number of wires:                  8
   Number of wire bits:             70
   Number of public wires:           5
   Number of public wire bits:      67
   Number of memories:               0
   Number of memory bits:            0
   Number of processes:              0
   Number of cells:                  6
     $eq                             1
     $lt                             2
     $mux                            3

=== design hierarchy ===

   BranchConditionGenFormal          1
     BranchConditionGen              1

   Number of wires:                 20
   Number of wire bits:            144
   Number of public wires:          10
   Number of public wire bits:     134
   Number of memories:               0
   Number of memory bits:            0
   Number of processes:              0
   Number of cells:                 17
     $assert                         3
     $cover                          1
     $eq                             2
     $logic_and                      1
     $lt                             4
     $mux                            6

6. Executing SMT2 backend.

6.1. Executing BMUXMAP pass.

6.2. Executing DEMUXMAP pass.
Creating SMT-LIBv2 representation of module BranchConditionGen.
Creating SMT-LIBv2 representation of module BranchConditionGenFormal.

End of script. Logfile hash: 2d4201dbd2, CPU: user 0.01s system 0.00s
Yosys 0.37+90 (git sha1 16ff3e0a3, clang 15.0.0 -fPIC -Os)
Time spent: 70% 2x write_smt2 (0 sec), 19% 2x read_ilang (0 sec), ...
